2024-06-17 10:01:44,522 [INFO] Activator:176 - 


2024-06-17 10:01:44,526 [INFO] Activator:177 - !SESSION log4j initialized
2024-06-17 10:01:49,065 [INFO] LogOutputStream:77 - [STDOUT_REDIRECT] 
2024-06-17 10:01:50,322 [INFO] ApplicationProperties:184 - Using Application install path: D:\Programs\STM32CubeIDE_1.15.1\STM32CubeIDE\plugins\com.st.stm32cube.common.mx_6.11.1.202404110753
2024-06-17 10:01:50,360 [INFO] DbMcusXml:78 - Set database path to: D:\Programs\STM32CubeIDE_1.15.1\STM32CubeIDE\plugins\com.st.stm32cube.common.mx_6.11.1.202404110753\\db\/mcu/
2024-06-17 10:01:50,361 [INFO] ApiDb:274 - Set plugin database path to: D:\Programs\STM32CubeIDE_1.15.1\STM32CubeIDE\plugins\com.st.stm32cube.common.mx_6.11.1.202404110753\\db\/plugins/boardmanager/
2024-06-17 10:01:50,361 [WARN] ApiDb:259 - Overriding images path with different value:  => D:\Programs\STM32CubeIDE_1.15.1\STM32CubeIDE\plugins\com.st.stm32cube.common.mx_6.11.1.202404110753\\db\/plugins/mcufinder/images/
2024-06-17 10:01:50,374 [INFO] ApiDb:250 - Set database path to: C:\Users\oemerkara\.stmcufinder\plugins\mcufinder//mcu/
2024-06-17 10:01:50,376 [INFO] DbMcusAds:125 - Set database path to: C:\Users\oemerkara\.stmcufinder\plugins\mcufinder//mcu/
2024-06-17 10:01:50,381 [INFO] CrossReferenceDbSqlite:203 - Set database path to: C:\Users\oemerkara\.stmcufinder\plugins\mcufinder//mcu/cs/
2024-06-17 10:01:50,497 [INFO] RulesReader:64 - Compatibility file has been processed (297 Rules)
2024-06-17 10:01:50,555 [INFO] DbMcusXml:78 - Set database path to: D:\Programs\STM32CubeIDE_1.15.1\STM32CubeIDE\plugins\com.st.stm32cube.common.mx_6.11.1.202404110753\\db\/mcu/
2024-06-17 10:01:50,556 [INFO] ApiDb:274 - Set plugin database path to: D:\Programs\STM32CubeIDE_1.15.1\STM32CubeIDE\plugins\com.st.stm32cube.common.mx_6.11.1.202404110753\\db\/plugins/boardmanager/
2024-06-17 10:01:50,556 [INFO] ApiDb:261 - Set plugin images path to: D:\Programs\STM32CubeIDE_1.15.1\STM32CubeIDE\plugins\com.st.stm32cube.common.mx_6.11.1.202404110753\\db\/plugins/mcufinder/images/
2024-06-17 10:01:50,556 [WARN] DbFile:41 - Overriding database path with different value: C:\Users\oemerkara\.stmcufinder\plugins\mcufinder/ => C:\Users\oemerkara\.stmcufinder\plugins\mcufinder
2024-06-17 10:01:50,556 [INFO] ApiDb:250 - Set database path to: C:\Users\oemerkara\.stmcufinder\plugins\mcufinder//mcu/
2024-06-17 10:01:50,556 [WARN] DbFile:41 - Overriding database path with different value: C:\Users\oemerkara\.stmcufinder\plugins\mcufinder/ => C:\Users\oemerkara\.stmcufinder\plugins\mcufinder
2024-06-17 10:01:50,556 [INFO] DbMcusAds:125 - Set database path to: C:\Users\oemerkara\.stmcufinder\plugins\mcufinder//mcu/
2024-06-17 10:01:50,556 [WARN] DbFile:41 - Overriding database path with different value: C:\Users\oemerkara\.stmcufinder\plugins\mcufinder/ => C:\Users\oemerkara\.stmcufinder\plugins\mcufinder
2024-06-17 10:01:50,556 [WARN] DbFile:41 - Overriding database path with different value: C:\Users\oemerkara\.stmcufinder\plugins\mcufinder/ => C:\Users\oemerkara\.stmcufinder\plugins\mcufinder
2024-06-17 10:01:50,556 [INFO] CrossReferenceDbSqlite:203 - Set database path to: C:\Users\oemerkara\.stmcufinder\plugins\mcufinder//mcu/cs/
2024-06-17 10:01:50,611 [INFO] MainPanel:264 - HeapMemory: 268435456
2024-06-17 10:01:50,693 [INFO] DbMcusXml:78 - Set database path to: D:\Programs\STM32CubeIDE_1.15.1\STM32CubeIDE\plugins\com.st.stm32cube.common.mx_6.11.1.202404110753\\db\/mcu/
2024-06-17 10:01:50,693 [INFO] ApiDb:274 - Set plugin database path to: D:\Programs\STM32CubeIDE_1.15.1\STM32CubeIDE\plugins\com.st.stm32cube.common.mx_6.11.1.202404110753\\db\/plugins/boardmanager/
2024-06-17 10:01:50,694 [INFO] ApiDb:261 - Set plugin images path to: D:\Programs\STM32CubeIDE_1.15.1\STM32CubeIDE\plugins\com.st.stm32cube.common.mx_6.11.1.202404110753\\db\/plugins/mcufinder/images/
2024-06-17 10:01:50,694 [WARN] DbFile:41 - Overriding database path with different value: C:\Users\oemerkara\.stmcufinder\plugins\mcufinder/ => C:\Users\oemerkara\.stmcufinder\plugins\mcufinder
2024-06-17 10:01:50,694 [INFO] ApiDb:250 - Set database path to: C:\Users\oemerkara\.stmcufinder\plugins\mcufinder//mcu/
2024-06-17 10:01:50,694 [WARN] DbFile:41 - Overriding database path with different value: C:\Users\oemerkara\.stmcufinder\plugins\mcufinder/ => C:\Users\oemerkara\.stmcufinder\plugins\mcufinder
2024-06-17 10:01:50,694 [INFO] DbMcusAds:125 - Set database path to: C:\Users\oemerkara\.stmcufinder\plugins\mcufinder//mcu/
2024-06-17 10:01:50,694 [WARN] DbFile:41 - Overriding database path with different value: C:\Users\oemerkara\.stmcufinder\plugins\mcufinder/ => C:\Users\oemerkara\.stmcufinder\plugins\mcufinder
2024-06-17 10:01:50,694 [WARN] DbFile:41 - Overriding database path with different value: C:\Users\oemerkara\.stmcufinder\plugins\mcufinder/ => C:\Users\oemerkara\.stmcufinder\plugins\mcufinder
2024-06-17 10:01:50,694 [INFO] CrossReferenceDbSqlite:203 - Set database path to: C:\Users\oemerkara\.stmcufinder\plugins\mcufinder//mcu/cs/
2024-06-17 10:01:50,708 [INFO] ApplicationProperties:184 - Using Application install path: D:\Programs\STM32CubeIDE_1.15.1\STM32CubeIDE\plugins\com.st.stm32cube.common.mx_6.11.1.202404110753
2024-06-17 10:01:50,709 [INFO] PluginManage:196 - Search for loadable plugins [exclusion list=, ]
2024-06-17 10:01:50,710 [INFO] PluginManage:310 - Check plugin analytics
2024-06-17 10:01:50,847 [INFO] AnalyticsPlugin:253 - Accepted Software Licenses: 
2024-06-17 10:01:50,847 [INFO] AnalyticsPlugin:255 - Accepted CMSIS Pack Licenses: 
2024-06-17 10:01:50,847 [INFO] AnalyticsPlugin:257 - Accepted Firmware Licenses: FW.F4.1.28.0
2024-06-17 10:01:50,849 [INFO] PluginManage:359 - Loaded plugin analytics (category:tool,tabindex:-1)
2024-06-17 10:01:50,849 [INFO] PluginManage:310 - Check plugin cadmodel
2024-06-17 10:01:50,861 [INFO] CADModel:105 - Init CAD model plugin
2024-06-17 10:01:50,861 [INFO] PluginManage:359 - Loaded plugin cadmodel (category:power,tabindex:5)
2024-06-17 10:01:50,861 [INFO] PluginManage:310 - Check plugin clock
2024-06-17 10:01:50,878 [INFO] PluginManage:359 - Loaded plugin clock (category:base,tabindex:2)
2024-06-17 10:01:50,878 [INFO] PluginManage:310 - Check plugin ddr
2024-06-17 10:01:50,880 [INFO] PluginManage:359 - Loaded plugin ddr (category:tool,tabindex:6)
2024-06-17 10:01:50,880 [INFO] PluginManage:310 - Check plugin filemanager
2024-06-17 10:01:50,994 [INFO] PluginManage:359 - Loaded plugin filemanager (category:base,tabindex:10)
2024-06-17 10:01:50,995 [INFO] PluginManage:310 - Check plugin ipmanager
2024-06-17 10:01:50,999 [INFO] PluginManage:359 - Loaded plugin ipmanager (category:base,tabindex:5)
2024-06-17 10:01:51,000 [INFO] PluginManage:310 - Check plugin lpbam
2024-06-17 10:01:51,014 [INFO] PluginManage:359 - Loaded plugin lpbam (category:base,tabindex:0)
2024-06-17 10:01:51,014 [INFO] PluginManage:310 - Check plugin memorymap
2024-06-17 10:01:51,032 [INFO] PluginManage:359 - Loaded plugin memorymap (category:base,tabindex:4)
2024-06-17 10:01:51,032 [INFO] PluginManage:310 - Check plugin pinoutandconfiguration
2024-06-17 10:01:51,045 [INFO] PluginManage:359 - Loaded plugin pinoutandconfiguration (category:base,tabindex:1)
2024-06-17 10:01:51,045 [INFO] PluginManage:310 - Check plugin pinoutconfig
2024-06-17 10:01:51,116 [WARN] SupportedApi:132 - Cannot load RTOS API schema: s4s-elt-must-match.1: The content of 'definitions' must match (annotation?, (simpleType | complexType)?, (unique | key | keyref)*)). A problem was found starting at: attribute.
2024-06-17 10:01:51,217 [INFO] PluginManage:359 - Loaded plugin pinoutconfig (category:base,tabindex:0)
2024-06-17 10:01:51,217 [INFO] PluginManage:310 - Check plugin power
2024-06-17 10:01:51,231 [INFO] PluginManage:359 - Loaded plugin power (category:power,tabindex:4)
2024-06-17 10:01:51,232 [INFO] PluginManage:310 - Check plugin projectmanager
2024-06-17 10:01:51,243 [INFO] PluginManage:359 - Loaded plugin projectmanager (category:projectmanager,tabindex:3)
2024-06-17 10:01:51,243 [INFO] PluginManage:310 - Check plugin thirdparty
2024-06-17 10:01:51,431 [INFO] PluginManage:359 - Loaded plugin thirdparty (category:base,tabindex:-1)
2024-06-17 10:01:51,431 [WARN] IntegrityCheckThread:84 - waiting for thirdparty lock release [integrity check]
2024-06-17 10:01:51,431 [INFO] PluginManage:310 - Check plugin tools
2024-06-17 10:01:51,431 [INFO] IntegrityCheckThread:86 - entering critical section [integrity check]
2024-06-17 10:01:51,431 [INFO] ThirdPartyUpdaterWithRetryManager:70 - Updater plugin not ready yet. [1/15]
2024-06-17 10:01:51,464 [INFO] PluginManage:359 - Loaded plugin tools (category:base,tabindex:7)
2024-06-17 10:01:51,464 [INFO] PluginManage:310 - Check plugin tutovideos
2024-06-17 10:01:51,624 [INFO] PluginManage:359 - Loaded plugin tutovideos (category:base,tabindex:-1)
2024-06-17 10:01:51,624 [INFO] PluginManage:310 - Check plugin updater
2024-06-17 10:01:51,633 [INFO] PluginManage:359 - Loaded plugin updater (category:base,tabindex:12)
2024-06-17 10:01:51,633 [INFO] PluginManage:310 - Check plugin userauth
2024-06-17 10:01:51,638 [INFO] UserAuth:114 - Init User Auth plugin
2024-06-17 10:01:51,638 [INFO] PluginManage:359 - Loaded plugin userauth (category:base,tabindex:14)
2024-06-17 10:01:51,638 [INFO] PluginManage:283 - PluginManage : Loaded plugins [17]
2024-06-17 10:01:51,834 [INFO] PinOutPanel:1561 - setPackage(No Configuration,No Configuration)
2024-06-17 10:01:51,898 [INFO] CADModel:165 - CPN selected for project level
2024-06-17 10:01:51,898 [INFO] CADModel:114 - Register for checkConnection events
2024-06-17 10:01:51,922 [INFO] IPUIPlugin:80 - create IPUIPlugin
2024-06-17 10:01:51,922 [INFO] PluginManager:220 - loadIPPluginJar : add adc
2024-06-17 10:01:51,954 [INFO] IPUIPlugin:80 - create IPUIPlugin
2024-06-17 10:01:51,955 [INFO] PluginManager:220 - loadIPPluginJar : add aes
2024-06-17 10:01:51,986 [INFO] IPUIPlugin:80 - create IPUIPlugin
2024-06-17 10:01:51,986 [INFO] PluginManager:220 - loadIPPluginJar : add can
2024-06-17 10:01:52,005 [INFO] IPUIPlugin:80 - create IPUIPlugin
2024-06-17 10:01:52,005 [INFO] PluginManager:220 - loadIPPluginJar : add comp
2024-06-17 10:01:52,032 [INFO] IPUIPlugin:80 - create IPUIPlugin
2024-06-17 10:01:52,032 [INFO] PluginManager:220 - loadIPPluginJar : add cryp
2024-06-17 10:01:52,055 [INFO] IPUIPlugin:80 - create IPUIPlugin
2024-06-17 10:01:52,055 [INFO] PluginManager:220 - loadIPPluginJar : add dfsdm
2024-06-17 10:01:52,066 [INFO] IPUIPlugin:80 - create IPUIPlugin
2024-06-17 10:01:52,066 [INFO] PluginManager:220 - loadIPPluginJar : add dma
2024-06-17 10:01:52,098 [INFO] IPUIPlugin:80 - create IPUIPlugin
2024-06-17 10:01:52,098 [INFO] PluginManager:220 - loadIPPluginJar : add dma3
2024-06-17 10:01:52,131 [INFO] IPUIPlugin:80 - create IPUIPlugin
2024-06-17 10:01:52,131 [INFO] PluginManager:220 - loadIPPluginJar : add extmemmanager
2024-06-17 10:01:52,148 [INFO] IPUIPlugin:80 - create IPUIPlugin
2024-06-17 10:01:52,148 [INFO] PluginManager:220 - loadIPPluginJar : add fatfs
2024-06-17 10:01:52,183 [INFO] IPUIPlugin:80 - create IPUIPlugin
2024-06-17 10:01:52,183 [INFO] PluginManager:220 - loadIPPluginJar : add fmc
2024-06-17 10:01:52,194 [INFO] IPUIPlugin:80 - create IPUIPlugin
2024-06-17 10:01:52,194 [INFO] PluginManager:220 - loadIPPluginJar : add freertos
2024-06-17 10:01:52,208 [INFO] IPUIPlugin:80 - create IPUIPlugin
2024-06-17 10:01:52,208 [INFO] PluginManager:220 - loadIPPluginJar : add genericplugin
2024-06-17 10:01:52,279 [INFO] IPUIPlugin:80 - create IPUIPlugin
2024-06-17 10:01:52,279 [INFO] PluginManager:220 - loadIPPluginJar : add gfxmmu
2024-06-17 10:01:52,372 [INFO] IPUIPlugin:80 - create IPUIPlugin
2024-06-17 10:01:52,372 [INFO] PluginManager:220 - loadIPPluginJar : add gic
2024-06-17 10:01:52,380 [INFO] IPUIPlugin:80 - create IPUIPlugin
2024-06-17 10:01:52,380 [INFO] PluginManager:220 - loadIPPluginJar : add gpio
2024-06-17 10:01:52,444 [INFO] IPUIPlugin:80 - create IPUIPlugin
2024-06-17 10:01:52,444 [INFO] PluginManager:220 - loadIPPluginJar : add gtzc
2024-06-17 10:01:52,466 [INFO] IPUIPlugin:80 - create IPUIPlugin
2024-06-17 10:01:52,466 [INFO] PluginManager:220 - loadIPPluginJar : add hash
2024-06-17 10:01:52,501 [INFO] IPUIPlugin:80 - create IPUIPlugin
2024-06-17 10:01:52,501 [INFO] PluginManager:220 - loadIPPluginJar : add i2c
2024-06-17 10:01:52,527 [INFO] IPUIPlugin:80 - create IPUIPlugin
2024-06-17 10:01:52,527 [INFO] PluginManager:220 - loadIPPluginJar : add i2s
2024-06-17 10:01:52,555 [INFO] IPUIPlugin:80 - create IPUIPlugin
2024-06-17 10:01:52,555 [INFO] PluginManager:220 - loadIPPluginJar : add i3c
2024-06-17 10:01:52,629 [INFO] IPUIPlugin:80 - create IPUIPlugin
2024-06-17 10:01:52,629 [INFO] PluginManager:220 - loadIPPluginJar : add ipddr
2024-06-17 10:01:52,693 [INFO] IPUIPlugin:80 - create IPUIPlugin
2024-06-17 10:01:52,693 [INFO] PluginManager:220 - loadIPPluginJar : add linkedlist
2024-06-17 10:01:52,717 [INFO] IPUIPlugin:80 - create IPUIPlugin
2024-06-17 10:01:52,717 [INFO] PluginManager:220 - loadIPPluginJar : add lorawan
2024-06-17 10:01:52,743 [INFO] IPUIPlugin:80 - create IPUIPlugin
2024-06-17 10:01:52,743 [INFO] PluginManager:220 - loadIPPluginJar : add ltdc
2024-06-17 10:01:52,756 [INFO] IPUIPlugin:80 - create IPUIPlugin
2024-06-17 10:01:52,756 [INFO] PluginManager:220 - loadIPPluginJar : add mdma
2024-06-17 10:01:52,764 [INFO] IPUIPlugin:80 - create IPUIPlugin
2024-06-17 10:01:52,764 [INFO] PluginManager:220 - loadIPPluginJar : add nvic
2024-06-17 10:01:52,791 [INFO] IPUIPlugin:80 - create IPUIPlugin
2024-06-17 10:01:52,791 [INFO] PluginManager:220 - loadIPPluginJar : add opamp
2024-06-17 10:01:52,834 [INFO] IPUIPlugin:80 - create IPUIPlugin
2024-06-17 10:01:52,834 [INFO] PluginManager:220 - loadIPPluginJar : add openamp
2024-06-17 10:01:52,863 [INFO] IPUIPlugin:80 - create IPUIPlugin
2024-06-17 10:01:52,864 [INFO] PluginManager:220 - loadIPPluginJar : add pdm2pcm
2024-06-17 10:01:52,873 [INFO] IPUIPlugin:80 - create IPUIPlugin
2024-06-17 10:01:52,875 [INFO] PluginManager:220 - loadIPPluginJar : add plateformsettings
2024-06-17 10:01:52,891 [INFO] IPUIPlugin:80 - create IPUIPlugin
2024-06-17 10:01:52,891 [INFO] PluginManager:220 - loadIPPluginJar : add quadspi
2024-06-17 10:01:52,898 [INFO] IPUIPlugin:80 - create IPUIPlugin
2024-06-17 10:01:52,898 [INFO] PluginManager:220 - loadIPPluginJar : add resmgrutility
2024-06-17 10:01:52,933 [INFO] IPUIPlugin:80 - create IPUIPlugin
2024-06-17 10:01:52,933 [INFO] PluginManager:220 - loadIPPluginJar : add sai
2024-06-17 10:01:52,958 [INFO] IPUIPlugin:80 - create IPUIPlugin
2024-06-17 10:01:52,958 [INFO] PluginManager:220 - loadIPPluginJar : add spi
2024-06-17 10:01:53,005 [INFO] IPUIPlugin:80 - create IPUIPlugin
2024-06-17 10:01:53,005 [INFO] PluginManager:220 - loadIPPluginJar : add stm32_wpan
2024-06-17 10:01:53,020 [INFO] IPUIPlugin:80 - create IPUIPlugin
2024-06-17 10:01:53,021 [INFO] PluginManager:220 - loadIPPluginJar : add tim
2024-06-17 10:01:53,061 [INFO] IPUIPlugin:80 - create IPUIPlugin
2024-06-17 10:01:53,061 [INFO] PluginManager:220 - loadIPPluginJar : add touchsensing
2024-06-17 10:01:53,076 [INFO] IPUIPlugin:80 - create IPUIPlugin
2024-06-17 10:01:53,076 [INFO] PluginManager:220 - loadIPPluginJar : add tracer_emb
2024-06-17 10:01:53,095 [INFO] IPUIPlugin:80 - create IPUIPlugin
2024-06-17 10:01:53,095 [INFO] PluginManager:220 - loadIPPluginJar : add ts
2024-06-17 10:01:53,111 [INFO] IPUIPlugin:80 - create IPUIPlugin
2024-06-17 10:01:53,111 [INFO] PluginManager:220 - loadIPPluginJar : add tsc
2024-06-17 10:01:53,126 [INFO] IPUIPlugin:80 - create IPUIPlugin
2024-06-17 10:01:53,126 [INFO] PluginManager:220 - loadIPPluginJar : add ucpd
2024-06-17 10:01:53,157 [INFO] IPUIPlugin:80 - create IPUIPlugin
2024-06-17 10:01:53,157 [INFO] PluginManager:220 - loadIPPluginJar : add usart
2024-06-17 10:01:53,186 [INFO] IPUIPlugin:80 - create IPUIPlugin
2024-06-17 10:01:53,186 [INFO] PluginManager:220 - loadIPPluginJar : add usbx
2024-06-17 10:01:53,293 [INFO] CADModel:165 - CPN selected for project level
2024-06-17 10:01:53,293 [INFO] CADModel:114 - Register for checkConnection events
2024-06-17 10:01:53,293 [FATAL] Updater:308 - Updater called before beeing initialized
2024-06-17 10:01:53,293 [ERROR] CADModel:125 - Updater not yet initialized, retry later 
2024-06-17 10:01:53,384 [INFO] CADModel:165 - CPN selected for project level
2024-06-17 10:01:53,384 [INFO] CADModel:114 - Register for checkConnection events
2024-06-17 10:01:53,384 [FATAL] Updater:308 - Updater called before beeing initialized
2024-06-17 10:01:53,384 [ERROR] CADModel:125 - Updater not yet initialized, retry later 
2024-06-17 10:01:53,387 [FATAL] Updater:308 - Updater called before beeing initialized
2024-06-17 10:01:53,454 [FATAL] Updater:308 - Updater called before beeing initialized
2024-06-17 10:01:53,462 [INFO] DbMcusAds:53 - JSON generation date=Thu May 16 11:22:00 CEST 2024 (1715851320667)
2024-06-17 10:01:53,462 [FATAL] Updater:308 - Updater called before beeing initialized
2024-06-17 10:01:53,518 [WARN] DetailPanel:346 - Failed to get advertising image, set to default
2024-06-17 10:01:53,580 [FATAL] Updater:308 - Updater called before beeing initialized
2024-06-17 10:01:53,583 [FATAL] Updater:308 - Updater called before beeing initialized
2024-06-17 10:01:53,583 [FATAL] Updater:308 - Updater called before beeing initialized
2024-06-17 10:01:53,583 [WARN] DetailPanel:346 - Failed to get advertising image, set to default
2024-06-17 10:01:53,583 [FATAL] Updater:308 - Updater called before beeing initialized
2024-06-17 10:01:53,642 [ERROR] Updater:1120 - MainUpdater not yet initialized. External WinMGr cannot be set.
2024-06-17 10:01:53,649 [INFO] Updater:1056 - Updater Version found : 6.11.1
2024-06-17 10:01:53,663 [INFO] ApplicationProperties:184 - Using Application install path: D:\Programs\STM32CubeIDE_1.15.1\STM32CubeIDE\plugins\com.st.stm32cube.common.mx_6.11.1.202404110753
2024-06-17 10:01:54,432 [INFO] ThirdPartyUpdaterWithRetryManager:70 - Updater plugin not ready yet. [2/15]
2024-06-17 10:01:55,232 [ERROR] LogOutputStream:75 - [STDERR_REDIRECT] Jun 17, 2024 10:01:55 AM java.util.prefs.WindowsPreferences <init>
2024-06-17 10:01:55,233 [ERROR] LogOutputStream:75 - [STDERR_REDIRECT] WARNING: Could not open/create prefs root node Software\JavaSoft\Prefs at root 0xffffffff80000002. Windows RegCreateKeyEx(...) returned error code 5.
2024-06-17 10:01:55,233 [ERROR] LogOutputStream:75 - [STDERR_REDIRECT] 
2024-06-17 10:01:55,461 [INFO] MainUpdater:2873 - connection check result : 10
2024-06-17 10:01:55,461 [INFO] MainUpdater:290 - Updater Check For Update Now.
2024-06-17 10:01:55,461 [INFO] MicroXplorer:498 - Change Database Version : DB.6.0.111
2024-06-17 10:01:55,475 [INFO] McuFinderGlobals:63 - Set McuFinder mode to 2 (CubeIDE integrated)
2024-06-17 10:01:55,486 [INFO] UserAuth:415 - Internet connection configuration mode: 1
2024-06-17 10:01:55,508 [INFO] JxBrowserEngine:152 - Initiate JxBrowser Engine with user profile folder
2024-06-17 10:01:55,632 [INFO] CheckServerUpdateThread:120 - End of CheckServer Thread
2024-06-17 10:01:57,556 [WARN] PackLoader:240 - Cannot read IP mode file for STMicroelectronics.FP-SNS-MOTENVWB1.1.4.0
2024-06-17 10:01:57,571 [WARN] PackLoader:240 - Cannot read IP mode file for STMicroelectronics.X-CUBE-SMBUS.2.1.0
2024-06-17 10:01:57,582 [WARN] PackLoader:240 - Cannot read IP mode file for STMicroelectronics.X-CUBE-TOUCHGFX.4.23.2
2024-06-17 10:01:57,611 [WARN] PackLoader:240 - Cannot read IP mode file for STMicroelectronics.X-CUBE-AZRTOS-F7.1.1.0
2024-06-17 10:01:57,627 [WARN] PackLoader:240 - Cannot read IP mode file for STMicroelectronics.FP-SNS-FLIGHT1.5.0.2
2024-06-17 10:01:57,641 [WARN] PackLoader:240 - Cannot read IP mode file for STMicroelectronics.X-CUBE-DISPLAY.3.0.0
2024-06-17 10:01:57,658 [WARN] PackLoader:240 - Cannot read IP mode file for STMicroelectronics.X-CUBE-BLE1.7.0.0
2024-06-17 10:01:57,669 [WARN] PackLoader:240 - Cannot read IP mode file for emotas.I-CUBE-CANOPEN.1.3.0
2024-06-17 10:01:57,684 [WARN] PackLoader:240 - Cannot read IP mode file for STMicroelectronics.X-CUBE-BLEMGR.3.1.0
2024-06-17 10:01:57,696 [WARN] PackLoader:240 - Cannot read IP mode file for STMicroelectronics.FP-SNS-SMARTAG2.1.2.0
2024-06-17 10:01:57,715 [INFO] LogOutputStream:77 - [STDOUT_REDIRECT] 1 : Invalid condition id : UX_CORESTACK_Condition cause : null
2024-06-17 10:01:57,715 [INFO] LogOutputStream:77 - [STDOUT_REDIRECT] 1 : Invalid condition id : UX_CORESTACK_Condition cause : null
2024-06-17 10:01:57,716 [INFO] LogOutputStream:77 - [STDOUT_REDIRECT] 1 : Invalid condition id : UX_CORESTACK_Condition cause : null
2024-06-17 10:01:57,716 [INFO] LogOutputStream:77 - [STDOUT_REDIRECT] 1 : Invalid condition id : UX_CORESTACK_Condition cause : null
2024-06-17 10:01:57,717 [INFO] LogOutputStream:77 - [STDOUT_REDIRECT] 1 : Invalid condition id : UX_CORESTACK_Condition cause : null
2024-06-17 10:01:57,723 [WARN] PackLoader:240 - Cannot read IP mode file for STMicroelectronics.X-CUBE-AZRTOS-WL.2.0.0
2024-06-17 10:01:57,734 [WARN] PackLoader:240 - Cannot read IP mode file for STMicroelectronics.FP-SNS-MOTENV1.5.0.0
2024-06-17 10:01:57,744 [WARN] PackLoader:240 - Cannot read IP mode file for wolfSSL.I-CUBE-wolfMQTT.1.19.0
2024-06-17 10:01:57,755 [WARN] PackLoader:240 - Cannot read IP mode file for WES.I-CUBE-Cesium.1.3.0
2024-06-17 10:01:57,766 [WARN] PackLoader:240 - Cannot read IP mode file for STMicroelectronics.X-CUBE-BLE2.3.3.0
2024-06-17 10:01:57,777 [WARN] PackLoader:240 - Cannot read IP mode file for STMicroelectronics.X-CUBE-TCPP.4.1.0
2024-06-17 10:01:57,800 [WARN] PackLoader:240 - Cannot read IP mode file for STMicroelectronics.X-CUBE-AZRTOS-G0.1.1.0
2024-06-17 10:01:57,813 [WARN] PackLoader:240 - Cannot read IP mode file for STMicroelectronics.X-CUBE-SAFEA1.1.2.2
2024-06-17 10:01:57,824 [WARN] PackLoader:240 - Cannot read IP mode file for STMicroelectronics.X-CUBE-NFC4.3.0.0
2024-06-17 10:01:57,833 [WARN] PackLoader:240 - Cannot read IP mode file for wolfSSL.I-CUBE-wolfSSL.5.7.0
2024-06-17 10:01:57,842 [WARN] PackLoader:240 - Cannot read IP mode file for STMicroelectronics.FP-ATR-SIGFOX1.3.2.0
2024-06-17 10:01:57,855 [WARN] PackLoader:240 - Cannot read IP mode file for STMicroelectronics.X-CUBE-EEPRMA1.5.1.0
2024-06-17 10:01:57,867 [WARN] PackLoader:240 - Cannot read IP mode file for ITTIA_DB.I-CUBE-ITTIADB.8.9.0
2024-06-17 10:01:57,894 [WARN] PackLoader:240 - Cannot read IP mode file for SEGGER.I-CUBE-embOS.1.3.1
2024-06-17 10:01:57,932 [WARN] PackLoader:240 - Cannot read IP mode file for STMicroelectronics.X-CUBE-ALGOBUILD.1.4.0
2024-06-17 10:01:57,944 [WARN] PackLoader:240 - Cannot read IP mode file for STMicroelectronics.X-CUBE-GNSS1.6.0.0
2024-06-17 10:01:57,966 [WARN] PackLoader:240 - Cannot read IP mode file for STMicroelectronics.X-CUBE-AZRTOS-F4.1.1.0
2024-06-17 10:01:57,978 [WARN] PackLoader:240 - Cannot read IP mode file for STMicroelectronics.X-CUBE-FREERTOS.1.2.0
2024-06-17 10:01:58,005 [WARN] PackLoader:240 - Cannot read IP mode file for STMicroelectronics.X-CUBE-AZRTOS-L5.2.0.0
2024-06-17 10:01:58,032 [WARN] PackLoader:240 - Cannot read IP mode file for STMicroelectronics.X-CUBE-NFC6.3.1.0
2024-06-17 10:01:58,049 [WARN] PackLoader:240 - Cannot read IP mode file for STMicroelectronics.X-CUBE-AI.9.0.0
2024-06-17 10:01:58,062 [WARN] PackLoader:240 - Cannot read IP mode file for STMicroelectronics.X-CUBE-NFC7.1.0.1
2024-06-17 10:01:58,119 [WARN] ConditionMgr:438 - getConditionDescription Invalid condition id : LAN8742 Phy interface Condition cause : null
2024-06-17 10:01:58,120 [WARN] PackLoader:240 - Cannot read IP mode file for STMicroelectronics.X-CUBE-AZRTOS-L4.2.0.0
2024-06-17 10:01:58,121 [WARN] ConditionMgr:1039 - genDependencies : Invalid condition id : LAN8742 Phy interface Condition cause : null
2024-06-17 10:01:58,122 [WARN] ConditionMgr:1039 - genDependencies : Invalid condition id : LAN8742 Phy interface Condition cause : null
2024-06-17 10:01:58,122 [WARN] ConditionMgr:1039 - genDependencies : Invalid condition id : LAN8742 Phy interface Condition cause : null
2024-06-17 10:01:58,138 [WARN] PackLoader:240 - Cannot read IP mode file for STMicroelectronics.X-CUBE-SFXS2LP1.4.0.0
2024-06-17 10:01:58,168 [WARN] ConditionMgr:438 - getConditionDescription Invalid condition id : UX DEVICE CLASS RTOS Condition cause : null
2024-06-17 10:01:58,168 [WARN] ConditionMgr:438 - getConditionDescription Invalid condition id : UX DEVICE CLASS RTOS Condition cause : null
2024-06-17 10:01:58,170 [WARN] PackLoader:240 - Cannot read IP mode file for STMicroelectronics.X-CUBE-AZRTOS-WB.2.0.0
2024-06-17 10:01:58,171 [WARN] ConditionMgr:1039 - genDependencies : Invalid condition id : UX DEVICE CLASS RTOS Condition cause : null
2024-06-17 10:01:58,171 [WARN] ConditionMgr:1039 - genDependencies : Invalid condition id : UX DEVICE CLASS RTOS Condition cause : null
2024-06-17 10:01:58,171 [WARN] ConditionMgr:1039 - genDependencies : Invalid condition id : UX DEVICE CLASS RTOS Condition cause : null
2024-06-17 10:01:58,171 [WARN] ConditionMgr:1039 - genDependencies : Invalid condition id : UX DEVICE CLASS RTOS Condition cause : null
2024-06-17 10:01:58,172 [WARN] ConditionMgr:1039 - genDependencies : Invalid condition id : UX DEVICE CLASS RTOS Condition cause : null
2024-06-17 10:01:58,195 [WARN] PackLoader:240 - Cannot read IP mode file for STMicroelectronics.X-CUBE-SUBG2.5.0.0
2024-06-17 10:01:58,211 [WARN] PackLoader:240 - Cannot read IP mode file for Cesanta.I-CUBE-Mongoose.7.13.0
2024-06-17 10:01:58,239 [WARN] PackLoader:240 - Cannot read IP mode file for STMicroelectronics.X-CUBE-AZRTOS-G4.2.0.0
2024-06-17 10:01:58,255 [WARN] PackLoader:240 - Cannot read IP mode file for STMicroelectronics.X-CUBE-ISPU.2.0.0
2024-06-17 10:01:58,269 [WARN] PackLoader:240 - Cannot read IP mode file for STMicroelectronics.X-CUBE-ALS.1.0.2
2024-06-17 10:01:58,314 [WARN] PackLoader:240 - Cannot read IP mode file for STMicroelectronics.X-CUBE-MEMS1.10.0.0
2024-06-17 10:01:58,414 [WARN] PackLoader:240 - Cannot read IP mode file for portGmbH.I-Cube-SoM-uGOAL.1.1.0
2024-06-17 10:01:58,439 [WARN] PackLoader:240 - Cannot read IP mode file for STMicroelectronics.X-CUBE-AZRTOS-H7RS.1.0.0
2024-06-17 10:01:58,452 [WARN] PackLoader:240 - Cannot read IP mode file for STMicroelectronics.FP-ATR-ASTRA1.2.0.0
2024-06-17 10:01:58,469 [WARN] PackLoader:240 - Cannot read IP mode file for STMicroelectronics.X-CUBE-TOF1.3.4.1
2024-06-17 10:01:58,501 [WARN] PackLoader:240 - Cannot read IP mode file for STMicroelectronics.X-CUBE-AZRTOS-H7.3.2.0
2024-06-17 10:01:58,531 [WARN] PackLoader:240 - Cannot read IP mode file for Infineon.AIROC-Wi-Fi-Bluetooth-STM32.1.6.0
2024-06-17 10:01:58,535 [INFO] ThirdParty:978 - Integrity check success = true
2024-06-17 10:01:58,535 [INFO] IntegrityCheckThread:100 - exiting critical section [integrity check]
2024-06-17 10:01:58,536 [INFO] IntegrityCheckThread:103 - End integrity checks thread
2024-06-17 10:01:59,916 [INFO] WebApp:161 - Instantiating new browser for Auth
2024-06-17 10:02:00,549 [INFO] WebApp:779 - Register for checkConnection events
2024-06-17 10:02:00,549 [INFO] WebApp:414 - Apply proxy settings
2024-06-17 10:02:00,549 [INFO] WebApp:499 - Chromium requires no authentication
2024-06-17 10:02:00,555 [INFO] WebApp:442 - Direct internet connection detected
2024-06-17 10:02:00,673 [INFO] WebApp:192 - Starting web application
2024-06-17 10:02:00,673 [INFO] WebApp:544 - Web application path used D:\Programs\STM32CubeIDE_1.15.1\STM32CubeIDE\plugins\com.st.stm32cube.common.mx_6.11.1.202404110753\db\plugins\mcufinder\reactClient1\index.html
