2024-06-19 14:25:51,732 [INFO] Activator:176 - 


2024-06-19 14:25:51,737 [INFO] Activator:177 - !SESSION log4j initialized
2024-06-19 14:25:55,316 [INFO] LogOutputStream:77 - [STDOUT_REDIRECT] 
2024-06-19 14:25:57,253 [INFO] ApplicationProperties:184 - Using Application install path: D:\Programs\STM32CubeIDE_1.15.1\STM32CubeIDE\plugins\com.st.stm32cube.common.mx_6.11.1.202404110753
2024-06-19 14:25:57,273 [INFO] DbMcusXml:78 - Set database path to: D:\Programs\STM32CubeIDE_1.15.1\STM32CubeIDE\plugins\com.st.stm32cube.common.mx_6.11.1.202404110753\\db\/mcu/
2024-06-19 14:25:57,273 [INFO] ApiDb:274 - Set plugin database path to: D:\Programs\STM32CubeIDE_1.15.1\STM32CubeIDE\plugins\com.st.stm32cube.common.mx_6.11.1.202404110753\\db\/plugins/boardmanager/
2024-06-19 14:25:57,273 [WARN] ApiDb:259 - Overriding images path with different value:  => D:\Programs\STM32CubeIDE_1.15.1\STM32CubeIDE\plugins\com.st.stm32cube.common.mx_6.11.1.202404110753\\db\/plugins/mcufinder/images/
2024-06-19 14:25:57,281 [INFO] ApiDb:250 - Set database path to: C:\Users\oemerkara\.stmcufinder\plugins\mcufinder//mcu/
2024-06-19 14:25:57,282 [INFO] DbMcusAds:125 - Set database path to: C:\Users\oemerkara\.stmcufinder\plugins\mcufinder//mcu/
2024-06-19 14:25:57,284 [INFO] CrossReferenceDbSqlite:203 - Set database path to: C:\Users\oemerkara\.stmcufinder\plugins\mcufinder//mcu/cs/
2024-06-19 14:25:57,399 [INFO] RulesReader:64 - Compatibility file has been processed (297 Rules)
2024-06-19 14:25:57,479 [INFO] DbMcusXml:78 - Set database path to: D:\Programs\STM32CubeIDE_1.15.1\STM32CubeIDE\plugins\com.st.stm32cube.common.mx_6.11.1.202404110753\\db\/mcu/
2024-06-19 14:25:57,479 [INFO] ApiDb:274 - Set plugin database path to: D:\Programs\STM32CubeIDE_1.15.1\STM32CubeIDE\plugins\com.st.stm32cube.common.mx_6.11.1.202404110753\\db\/plugins/boardmanager/
2024-06-19 14:25:57,479 [INFO] ApiDb:261 - Set plugin images path to: D:\Programs\STM32CubeIDE_1.15.1\STM32CubeIDE\plugins\com.st.stm32cube.common.mx_6.11.1.202404110753\\db\/plugins/mcufinder/images/
2024-06-19 14:25:57,479 [WARN] DbFile:41 - Overriding database path with different value: C:\Users\oemerkara\.stmcufinder\plugins\mcufinder/ => C:\Users\oemerkara\.stmcufinder\plugins\mcufinder
2024-06-19 14:25:57,479 [INFO] ApiDb:250 - Set database path to: C:\Users\oemerkara\.stmcufinder\plugins\mcufinder//mcu/
2024-06-19 14:25:57,479 [WARN] DbFile:41 - Overriding database path with different value: C:\Users\oemerkara\.stmcufinder\plugins\mcufinder/ => C:\Users\oemerkara\.stmcufinder\plugins\mcufinder
2024-06-19 14:25:57,479 [INFO] DbMcusAds:125 - Set database path to: C:\Users\oemerkara\.stmcufinder\plugins\mcufinder//mcu/
2024-06-19 14:25:57,479 [WARN] DbFile:41 - Overriding database path with different value: C:\Users\oemerkara\.stmcufinder\plugins\mcufinder/ => C:\Users\oemerkara\.stmcufinder\plugins\mcufinder
2024-06-19 14:25:57,479 [WARN] DbFile:41 - Overriding database path with different value: C:\Users\oemerkara\.stmcufinder\plugins\mcufinder/ => C:\Users\oemerkara\.stmcufinder\plugins\mcufinder
2024-06-19 14:25:57,479 [INFO] CrossReferenceDbSqlite:203 - Set database path to: C:\Users\oemerkara\.stmcufinder\plugins\mcufinder//mcu/cs/
2024-06-19 14:25:57,552 [INFO] MainPanel:264 - HeapMemory: 268435456
2024-06-19 14:25:57,635 [INFO] DbMcusXml:78 - Set database path to: D:\Programs\STM32CubeIDE_1.15.1\STM32CubeIDE\plugins\com.st.stm32cube.common.mx_6.11.1.202404110753\\db\/mcu/
2024-06-19 14:25:57,635 [INFO] ApiDb:274 - Set plugin database path to: D:\Programs\STM32CubeIDE_1.15.1\STM32CubeIDE\plugins\com.st.stm32cube.common.mx_6.11.1.202404110753\\db\/plugins/boardmanager/
2024-06-19 14:25:57,635 [INFO] ApiDb:261 - Set plugin images path to: D:\Programs\STM32CubeIDE_1.15.1\STM32CubeIDE\plugins\com.st.stm32cube.common.mx_6.11.1.202404110753\\db\/plugins/mcufinder/images/
2024-06-19 14:25:57,635 [WARN] DbFile:41 - Overriding database path with different value: C:\Users\oemerkara\.stmcufinder\plugins\mcufinder/ => C:\Users\oemerkara\.stmcufinder\plugins\mcufinder
2024-06-19 14:25:57,636 [INFO] ApiDb:250 - Set database path to: C:\Users\oemerkara\.stmcufinder\plugins\mcufinder//mcu/
2024-06-19 14:25:57,636 [WARN] DbFile:41 - Overriding database path with different value: C:\Users\oemerkara\.stmcufinder\plugins\mcufinder/ => C:\Users\oemerkara\.stmcufinder\plugins\mcufinder
2024-06-19 14:25:57,636 [INFO] DbMcusAds:125 - Set database path to: C:\Users\oemerkara\.stmcufinder\plugins\mcufinder//mcu/
2024-06-19 14:25:57,636 [WARN] DbFile:41 - Overriding database path with different value: C:\Users\oemerkara\.stmcufinder\plugins\mcufinder/ => C:\Users\oemerkara\.stmcufinder\plugins\mcufinder
2024-06-19 14:25:57,636 [WARN] DbFile:41 - Overriding database path with different value: C:\Users\oemerkara\.stmcufinder\plugins\mcufinder/ => C:\Users\oemerkara\.stmcufinder\plugins\mcufinder
2024-06-19 14:25:57,636 [INFO] CrossReferenceDbSqlite:203 - Set database path to: C:\Users\oemerkara\.stmcufinder\plugins\mcufinder//mcu/cs/
2024-06-19 14:25:57,652 [INFO] ApplicationProperties:184 - Using Application install path: D:\Programs\STM32CubeIDE_1.15.1\STM32CubeIDE\plugins\com.st.stm32cube.common.mx_6.11.1.202404110753
2024-06-19 14:25:57,654 [INFO] PluginManage:196 - Search for loadable plugins [exclusion list=, ]
2024-06-19 14:25:57,656 [INFO] PluginManage:310 - Check plugin analytics
2024-06-19 14:25:57,836 [INFO] AnalyticsPlugin:253 - Accepted Software Licenses: 
2024-06-19 14:25:57,837 [INFO] AnalyticsPlugin:255 - Accepted CMSIS Pack Licenses: 
2024-06-19 14:25:57,837 [INFO] AnalyticsPlugin:257 - Accepted Firmware Licenses: FW.F4.1.28.0
2024-06-19 14:25:57,839 [INFO] PluginManage:359 - Loaded plugin analytics (category:tool,tabindex:-1)
2024-06-19 14:25:57,839 [INFO] PluginManage:310 - Check plugin cadmodel
2024-06-19 14:25:57,855 [INFO] CADModel:105 - Init CAD model plugin
2024-06-19 14:25:57,855 [INFO] PluginManage:359 - Loaded plugin cadmodel (category:power,tabindex:5)
2024-06-19 14:25:57,855 [INFO] PluginManage:310 - Check plugin clock
2024-06-19 14:25:57,876 [INFO] PluginManage:359 - Loaded plugin clock (category:base,tabindex:2)
2024-06-19 14:25:57,877 [INFO] PluginManage:310 - Check plugin ddr
2024-06-19 14:25:57,879 [INFO] PluginManage:359 - Loaded plugin ddr (category:tool,tabindex:6)
2024-06-19 14:25:57,879 [INFO] PluginManage:310 - Check plugin filemanager
2024-06-19 14:25:58,008 [INFO] PluginManage:359 - Loaded plugin filemanager (category:base,tabindex:10)
2024-06-19 14:25:58,009 [INFO] PluginManage:310 - Check plugin ipmanager
2024-06-19 14:25:58,014 [INFO] PluginManage:359 - Loaded plugin ipmanager (category:base,tabindex:5)
2024-06-19 14:25:58,015 [INFO] PluginManage:310 - Check plugin lpbam
2024-06-19 14:25:58,032 [INFO] PluginManage:359 - Loaded plugin lpbam (category:base,tabindex:0)
2024-06-19 14:25:58,032 [INFO] PluginManage:310 - Check plugin memorymap
2024-06-19 14:25:58,055 [INFO] PluginManage:359 - Loaded plugin memorymap (category:base,tabindex:4)
2024-06-19 14:25:58,055 [INFO] PluginManage:310 - Check plugin pinoutandconfiguration
2024-06-19 14:25:58,072 [INFO] PluginManage:359 - Loaded plugin pinoutandconfiguration (category:base,tabindex:1)
2024-06-19 14:25:58,073 [INFO] PluginManage:310 - Check plugin pinoutconfig
2024-06-19 14:25:58,164 [WARN] SupportedApi:132 - Cannot load RTOS API schema: s4s-elt-must-match.1: The content of 'definitions' must match (annotation?, (simpleType | complexType)?, (unique | key | keyref)*)). A problem was found starting at: attribute.
2024-06-19 14:25:58,288 [INFO] PluginManage:359 - Loaded plugin pinoutconfig (category:base,tabindex:0)
2024-06-19 14:25:58,288 [INFO] PluginManage:310 - Check plugin power
2024-06-19 14:25:58,309 [INFO] PluginManage:359 - Loaded plugin power (category:power,tabindex:4)
2024-06-19 14:25:58,309 [INFO] PluginManage:310 - Check plugin projectmanager
2024-06-19 14:25:58,323 [INFO] PluginManage:359 - Loaded plugin projectmanager (category:projectmanager,tabindex:3)
2024-06-19 14:25:58,323 [INFO] PluginManage:310 - Check plugin thirdparty
2024-06-19 14:25:58,598 [INFO] PluginManage:359 - Loaded plugin thirdparty (category:base,tabindex:-1)
2024-06-19 14:25:58,598 [WARN] IntegrityCheckThread:84 - waiting for thirdparty lock release [integrity check]
2024-06-19 14:25:58,598 [INFO] PluginManage:310 - Check plugin tools
2024-06-19 14:25:58,598 [INFO] IntegrityCheckThread:86 - entering critical section [integrity check]
2024-06-19 14:25:58,599 [INFO] ThirdPartyUpdaterWithRetryManager:70 - Updater plugin not ready yet. [1/15]
2024-06-19 14:25:58,637 [INFO] PluginManage:359 - Loaded plugin tools (category:base,tabindex:7)
2024-06-19 14:25:58,638 [INFO] PluginManage:310 - Check plugin tutovideos
2024-06-19 14:25:58,827 [INFO] PluginManage:359 - Loaded plugin tutovideos (category:base,tabindex:-1)
2024-06-19 14:25:58,827 [INFO] PluginManage:310 - Check plugin updater
2024-06-19 14:25:58,837 [INFO] PluginManage:359 - Loaded plugin updater (category:base,tabindex:12)
2024-06-19 14:25:58,838 [INFO] PluginManage:310 - Check plugin userauth
2024-06-19 14:25:58,844 [INFO] UserAuth:114 - Init User Auth plugin
2024-06-19 14:25:58,844 [INFO] PluginManage:359 - Loaded plugin userauth (category:base,tabindex:14)
2024-06-19 14:25:58,844 [INFO] PluginManage:283 - PluginManage : Loaded plugins [17]
2024-06-19 14:25:59,042 [INFO] PinOutPanel:1561 - setPackage(No Configuration,No Configuration)
2024-06-19 14:25:59,111 [INFO] CADModel:165 - CPN selected for project level
2024-06-19 14:25:59,111 [INFO] CADModel:114 - Register for checkConnection events
2024-06-19 14:25:59,138 [INFO] IPUIPlugin:80 - create IPUIPlugin
2024-06-19 14:25:59,138 [INFO] PluginManager:220 - loadIPPluginJar : add adc
2024-06-19 14:25:59,179 [INFO] IPUIPlugin:80 - create IPUIPlugin
2024-06-19 14:25:59,179 [INFO] PluginManager:220 - loadIPPluginJar : add aes
2024-06-19 14:25:59,223 [INFO] IPUIPlugin:80 - create IPUIPlugin
2024-06-19 14:25:59,223 [INFO] PluginManager:220 - loadIPPluginJar : add can
2024-06-19 14:25:59,248 [INFO] IPUIPlugin:80 - create IPUIPlugin
2024-06-19 14:25:59,248 [INFO] PluginManager:220 - loadIPPluginJar : add comp
2024-06-19 14:25:59,288 [INFO] IPUIPlugin:80 - create IPUIPlugin
2024-06-19 14:25:59,288 [INFO] PluginManager:220 - loadIPPluginJar : add cryp
2024-06-19 14:25:59,323 [INFO] IPUIPlugin:80 - create IPUIPlugin
2024-06-19 14:25:59,323 [INFO] PluginManager:220 - loadIPPluginJar : add dfsdm
2024-06-19 14:25:59,337 [INFO] IPUIPlugin:80 - create IPUIPlugin
2024-06-19 14:25:59,337 [INFO] PluginManager:220 - loadIPPluginJar : add dma
2024-06-19 14:25:59,387 [INFO] IPUIPlugin:80 - create IPUIPlugin
2024-06-19 14:25:59,387 [INFO] PluginManager:220 - loadIPPluginJar : add dma3
2024-06-19 14:25:59,438 [INFO] IPUIPlugin:80 - create IPUIPlugin
2024-06-19 14:25:59,438 [INFO] PluginManager:220 - loadIPPluginJar : add extmemmanager
2024-06-19 14:25:59,462 [INFO] IPUIPlugin:80 - create IPUIPlugin
2024-06-19 14:25:59,462 [INFO] PluginManager:220 - loadIPPluginJar : add fatfs
2024-06-19 14:25:59,517 [INFO] IPUIPlugin:80 - create IPUIPlugin
2024-06-19 14:25:59,517 [INFO] PluginManager:220 - loadIPPluginJar : add fmc
2024-06-19 14:25:59,533 [INFO] IPUIPlugin:80 - create IPUIPlugin
2024-06-19 14:25:59,533 [INFO] PluginManager:220 - loadIPPluginJar : add freertos
2024-06-19 14:25:59,558 [INFO] IPUIPlugin:80 - create IPUIPlugin
2024-06-19 14:25:59,558 [INFO] PluginManager:220 - loadIPPluginJar : add genericplugin
2024-06-19 14:25:59,656 [INFO] IPUIPlugin:80 - create IPUIPlugin
2024-06-19 14:25:59,656 [INFO] PluginManager:220 - loadIPPluginJar : add gfxmmu
2024-06-19 14:25:59,809 [INFO] IPUIPlugin:80 - create IPUIPlugin
2024-06-19 14:25:59,809 [INFO] PluginManager:220 - loadIPPluginJar : add gic
2024-06-19 14:25:59,823 [INFO] IPUIPlugin:80 - create IPUIPlugin
2024-06-19 14:25:59,823 [INFO] PluginManager:220 - loadIPPluginJar : add gpio
2024-06-19 14:25:59,942 [INFO] IPUIPlugin:80 - create IPUIPlugin
2024-06-19 14:25:59,942 [INFO] PluginManager:220 - loadIPPluginJar : add gtzc
2024-06-19 14:25:59,980 [INFO] IPUIPlugin:80 - create IPUIPlugin
2024-06-19 14:25:59,981 [INFO] PluginManager:220 - loadIPPluginJar : add hash
2024-06-19 14:26:00,051 [INFO] IPUIPlugin:80 - create IPUIPlugin
2024-06-19 14:26:00,051 [INFO] PluginManager:220 - loadIPPluginJar : add i2c
2024-06-19 14:26:00,094 [INFO] IPUIPlugin:80 - create IPUIPlugin
2024-06-19 14:26:00,094 [INFO] PluginManager:220 - loadIPPluginJar : add i2s
2024-06-19 14:26:00,140 [INFO] IPUIPlugin:80 - create IPUIPlugin
2024-06-19 14:26:00,140 [INFO] PluginManager:220 - loadIPPluginJar : add i3c
2024-06-19 14:26:00,257 [INFO] IPUIPlugin:80 - create IPUIPlugin
2024-06-19 14:26:00,257 [INFO] PluginManager:220 - loadIPPluginJar : add ipddr
2024-06-19 14:26:00,371 [INFO] IPUIPlugin:80 - create IPUIPlugin
2024-06-19 14:26:00,371 [INFO] PluginManager:220 - loadIPPluginJar : add linkedlist
2024-06-19 14:26:00,411 [INFO] IPUIPlugin:80 - create IPUIPlugin
2024-06-19 14:26:00,411 [INFO] PluginManager:220 - loadIPPluginJar : add lorawan
2024-06-19 14:26:00,451 [INFO] IPUIPlugin:80 - create IPUIPlugin
2024-06-19 14:26:00,451 [INFO] PluginManager:220 - loadIPPluginJar : add ltdc
2024-06-19 14:26:00,467 [INFO] IPUIPlugin:80 - create IPUIPlugin
2024-06-19 14:26:00,468 [INFO] PluginManager:220 - loadIPPluginJar : add mdma
2024-06-19 14:26:00,480 [INFO] IPUIPlugin:80 - create IPUIPlugin
2024-06-19 14:26:00,480 [INFO] PluginManager:220 - loadIPPluginJar : add nvic
2024-06-19 14:26:00,522 [INFO] IPUIPlugin:80 - create IPUIPlugin
2024-06-19 14:26:00,522 [INFO] PluginManager:220 - loadIPPluginJar : add opamp
2024-06-19 14:26:00,593 [INFO] IPUIPlugin:80 - create IPUIPlugin
2024-06-19 14:26:00,594 [INFO] PluginManager:220 - loadIPPluginJar : add openamp
2024-06-19 14:26:00,654 [INFO] IPUIPlugin:80 - create IPUIPlugin
2024-06-19 14:26:00,655 [INFO] PluginManager:220 - loadIPPluginJar : add pdm2pcm
2024-06-19 14:26:00,669 [INFO] IPUIPlugin:80 - create IPUIPlugin
2024-06-19 14:26:00,671 [INFO] PluginManager:220 - loadIPPluginJar : add plateformsettings
2024-06-19 14:26:00,697 [INFO] IPUIPlugin:80 - create IPUIPlugin
2024-06-19 14:26:00,697 [INFO] PluginManager:220 - loadIPPluginJar : add quadspi
2024-06-19 14:26:00,711 [INFO] IPUIPlugin:80 - create IPUIPlugin
2024-06-19 14:26:00,711 [INFO] PluginManager:220 - loadIPPluginJar : add resmgrutility
2024-06-19 14:26:00,768 [INFO] IPUIPlugin:80 - create IPUIPlugin
2024-06-19 14:26:00,768 [INFO] PluginManager:220 - loadIPPluginJar : add sai
2024-06-19 14:26:00,810 [INFO] IPUIPlugin:80 - create IPUIPlugin
2024-06-19 14:26:00,810 [INFO] PluginManager:220 - loadIPPluginJar : add spi
2024-06-19 14:26:00,882 [INFO] IPUIPlugin:80 - create IPUIPlugin
2024-06-19 14:26:00,882 [INFO] PluginManager:220 - loadIPPluginJar : add stm32_wpan
2024-06-19 14:26:00,908 [INFO] IPUIPlugin:80 - create IPUIPlugin
2024-06-19 14:26:00,908 [INFO] PluginManager:220 - loadIPPluginJar : add tim
2024-06-19 14:26:00,976 [INFO] IPUIPlugin:80 - create IPUIPlugin
2024-06-19 14:26:00,976 [INFO] PluginManager:220 - loadIPPluginJar : add touchsensing
2024-06-19 14:26:01,002 [INFO] IPUIPlugin:80 - create IPUIPlugin
2024-06-19 14:26:01,002 [INFO] PluginManager:220 - loadIPPluginJar : add tracer_emb
2024-06-19 14:26:01,028 [INFO] IPUIPlugin:80 - create IPUIPlugin
2024-06-19 14:26:01,028 [INFO] PluginManager:220 - loadIPPluginJar : add ts
2024-06-19 14:26:01,053 [INFO] IPUIPlugin:80 - create IPUIPlugin
2024-06-19 14:26:01,053 [INFO] PluginManager:220 - loadIPPluginJar : add tsc
2024-06-19 14:26:01,078 [INFO] IPUIPlugin:80 - create IPUIPlugin
2024-06-19 14:26:01,078 [INFO] PluginManager:220 - loadIPPluginJar : add ucpd
2024-06-19 14:26:01,124 [INFO] IPUIPlugin:80 - create IPUIPlugin
2024-06-19 14:26:01,124 [INFO] PluginManager:220 - loadIPPluginJar : add usart
2024-06-19 14:26:01,171 [INFO] IPUIPlugin:80 - create IPUIPlugin
2024-06-19 14:26:01,171 [INFO] PluginManager:220 - loadIPPluginJar : add usbx
2024-06-19 14:26:01,296 [INFO] CADModel:165 - CPN selected for project level
2024-06-19 14:26:01,296 [INFO] CADModel:114 - Register for checkConnection events
2024-06-19 14:26:01,296 [FATAL] Updater:308 - Updater called before beeing initialized
2024-06-19 14:26:01,296 [ERROR] CADModel:125 - Updater not yet initialized, retry later 
2024-06-19 14:26:01,421 [INFO] CADModel:165 - CPN selected for project level
2024-06-19 14:26:01,421 [INFO] CADModel:114 - Register for checkConnection events
2024-06-19 14:26:01,421 [FATAL] Updater:308 - Updater called before beeing initialized
2024-06-19 14:26:01,421 [ERROR] CADModel:125 - Updater not yet initialized, retry later 
2024-06-19 14:26:01,424 [FATAL] Updater:308 - Updater called before beeing initialized
2024-06-19 14:26:01,524 [FATAL] Updater:308 - Updater called before beeing initialized
2024-06-19 14:26:01,535 [INFO] DbMcusAds:53 - JSON generation date=Thu May 16 11:22:00 CEST 2024 (1715851320667)
2024-06-19 14:26:01,535 [FATAL] Updater:308 - Updater called before beeing initialized
2024-06-19 14:26:01,611 [INFO] ThirdPartyUpdaterWithRetryManager:70 - Updater plugin not ready yet. [2/15]
2024-06-19 14:26:01,617 [WARN] DetailPanel:346 - Failed to get advertising image, set to default
2024-06-19 14:26:01,701 [FATAL] Updater:308 - Updater called before beeing initialized
2024-06-19 14:26:01,703 [FATAL] Updater:308 - Updater called before beeing initialized
2024-06-19 14:26:01,704 [FATAL] Updater:308 - Updater called before beeing initialized
2024-06-19 14:26:01,704 [WARN] DetailPanel:346 - Failed to get advertising image, set to default
2024-06-19 14:26:01,704 [FATAL] Updater:308 - Updater called before beeing initialized
2024-06-19 14:26:01,760 [ERROR] Updater:1120 - MainUpdater not yet initialized. External WinMGr cannot be set.
2024-06-19 14:26:01,771 [INFO] Updater:1056 - Updater Version found : 6.11.1
2024-06-19 14:26:01,792 [INFO] ApplicationProperties:184 - Using Application install path: D:\Programs\STM32CubeIDE_1.15.1\STM32CubeIDE\plugins\com.st.stm32cube.common.mx_6.11.1.202404110753
2024-06-19 14:26:03,391 [ERROR] LogOutputStream:75 - [STDERR_REDIRECT] Jun 19, 2024 2:26:03 PM java.util.prefs.WindowsPreferences <init>
2024-06-19 14:26:03,393 [ERROR] LogOutputStream:75 - [STDERR_REDIRECT] WARNING: Could not open/create prefs root node Software\JavaSoft\Prefs at root 0xffffffff80000002. Windows RegCreateKeyEx(...) returned error code 5.
2024-06-19 14:26:03,393 [ERROR] LogOutputStream:75 - [STDERR_REDIRECT] 
2024-06-19 14:26:03,685 [INFO] MainUpdater:2873 - connection check result : 10
2024-06-19 14:26:03,685 [INFO] MainUpdater:3567 - Updater definition file requires update
2024-06-19 14:26:03,686 [INFO] MainUpdater:290 - Updater Check For Update Now.
2024-06-19 14:26:03,686 [INFO] MicroXplorer:498 - Change Database Version : DB.6.0.111
2024-06-19 14:26:03,704 [INFO] McuFinderGlobals:63 - Set McuFinder mode to 2 (CubeIDE integrated)
2024-06-19 14:26:03,714 [INFO] UserAuth:415 - Internet connection configuration mode: 1
2024-06-19 14:26:03,741 [INFO] JxBrowserEngine:152 - Initiate JxBrowser Engine with user profile folder
2024-06-19 14:26:03,759 [INFO] ServerAccessManage:473 - Download File updaters.zip
2024-06-19 14:26:03,853 [INFO] FileExtend:240 - Unzip File : updaters.zip
2024-06-19 14:26:03,853 [INFO] FileExtend:255 - Standard Zip Deflate
2024-06-19 14:26:04,268 [INFO] ServerAccessManage:473 - Download File PacksControlFlags.xml
2024-06-19 14:26:04,363 [INFO] ServerAccessManage:473 - Download File cubemx.pidx
2024-06-19 14:26:04,455 [INFO] LoadServerUpdatesThread:375 - End of LoadServerUpdate Thread
2024-06-19 14:26:04,621 [INFO] CheckServerUpdateThread:120 - End of CheckServer Thread
2024-06-19 14:26:04,775 [WARN] PackLoader:240 - Cannot read IP mode file for STMicroelectronics.FP-SNS-MOTENVWB1.1.4.0
2024-06-19 14:26:04,793 [WARN] PackLoader:240 - Cannot read IP mode file for STMicroelectronics.X-CUBE-SMBUS.2.1.0
2024-06-19 14:26:04,806 [WARN] PackLoader:240 - Cannot read IP mode file for STMicroelectronics.X-CUBE-TOUCHGFX.4.23.2
2024-06-19 14:26:04,843 [WARN] PackLoader:240 - Cannot read IP mode file for STMicroelectronics.X-CUBE-AZRTOS-F7.1.1.0
2024-06-19 14:26:04,863 [WARN] PackLoader:240 - Cannot read IP mode file for STMicroelectronics.FP-SNS-FLIGHT1.5.0.2
2024-06-19 14:26:04,885 [WARN] PackLoader:240 - Cannot read IP mode file for STMicroelectronics.X-CUBE-DISPLAY.3.0.0
2024-06-19 14:26:04,906 [WARN] PackLoader:240 - Cannot read IP mode file for STMicroelectronics.X-CUBE-BLE1.7.0.0
2024-06-19 14:26:04,920 [WARN] PackLoader:240 - Cannot read IP mode file for emotas.I-CUBE-CANOPEN.1.3.0
2024-06-19 14:26:04,938 [WARN] PackLoader:240 - Cannot read IP mode file for STMicroelectronics.X-CUBE-BLEMGR.3.1.0
2024-06-19 14:26:04,951 [WARN] PackLoader:240 - Cannot read IP mode file for STMicroelectronics.FP-SNS-SMARTAG2.1.2.0
2024-06-19 14:26:04,969 [INFO] LogOutputStream:77 - [STDOUT_REDIRECT] 1 : Invalid condition id : UX_CORESTACK_Condition cause : null
2024-06-19 14:26:04,969 [INFO] LogOutputStream:77 - [STDOUT_REDIRECT] 1 : Invalid condition id : UX_CORESTACK_Condition cause : null
2024-06-19 14:26:04,970 [INFO] LogOutputStream:77 - [STDOUT_REDIRECT] 1 : Invalid condition id : UX_CORESTACK_Condition cause : null
2024-06-19 14:26:04,971 [INFO] LogOutputStream:77 - [STDOUT_REDIRECT] 1 : Invalid condition id : UX_CORESTACK_Condition cause : null
2024-06-19 14:26:04,971 [INFO] LogOutputStream:77 - [STDOUT_REDIRECT] 1 : Invalid condition id : UX_CORESTACK_Condition cause : null
2024-06-19 14:26:04,973 [WARN] PackLoader:240 - Cannot read IP mode file for STMicroelectronics.X-CUBE-AZRTOS-WL.2.0.0
2024-06-19 14:26:04,987 [WARN] PackLoader:240 - Cannot read IP mode file for STMicroelectronics.FP-SNS-MOTENV1.5.0.0
2024-06-19 14:26:04,998 [WARN] PackLoader:240 - Cannot read IP mode file for wolfSSL.I-CUBE-wolfMQTT.1.19.0
2024-06-19 14:26:05,009 [WARN] PackLoader:240 - Cannot read IP mode file for WES.I-CUBE-Cesium.1.3.0
2024-06-19 14:26:05,020 [WARN] PackLoader:240 - Cannot read IP mode file for STMicroelectronics.X-CUBE-BLE2.3.3.0
2024-06-19 14:26:05,032 [WARN] PackLoader:240 - Cannot read IP mode file for STMicroelectronics.X-CUBE-TCPP.4.1.0
2024-06-19 14:26:05,058 [WARN] PackLoader:240 - Cannot read IP mode file for STMicroelectronics.X-CUBE-AZRTOS-G0.1.1.0
2024-06-19 14:26:05,072 [WARN] PackLoader:240 - Cannot read IP mode file for STMicroelectronics.X-CUBE-SAFEA1.1.2.2
2024-06-19 14:26:05,085 [WARN] PackLoader:240 - Cannot read IP mode file for STMicroelectronics.X-CUBE-NFC4.3.0.0
2024-06-19 14:26:05,097 [WARN] PackLoader:240 - Cannot read IP mode file for wolfSSL.I-CUBE-wolfSSL.5.7.0
2024-06-19 14:26:05,108 [WARN] PackLoader:240 - Cannot read IP mode file for STMicroelectronics.FP-ATR-SIGFOX1.3.2.0
2024-06-19 14:26:05,122 [WARN] PackLoader:240 - Cannot read IP mode file for STMicroelectronics.X-CUBE-EEPRMA1.5.1.0
2024-06-19 14:26:05,139 [WARN] PackLoader:240 - Cannot read IP mode file for ITTIA_DB.I-CUBE-ITTIADB.8.9.0
2024-06-19 14:26:05,176 [WARN] PackLoader:240 - Cannot read IP mode file for SEGGER.I-CUBE-embOS.1.3.1
2024-06-19 14:26:05,221 [WARN] PackLoader:240 - Cannot read IP mode file for STMicroelectronics.X-CUBE-ALGOBUILD.1.4.0
2024-06-19 14:26:05,237 [WARN] PackLoader:240 - Cannot read IP mode file for STMicroelectronics.X-CUBE-GNSS1.6.0.0
2024-06-19 14:26:05,267 [WARN] PackLoader:240 - Cannot read IP mode file for STMicroelectronics.X-CUBE-AZRTOS-F4.1.1.0
2024-06-19 14:26:05,284 [WARN] PackLoader:240 - Cannot read IP mode file for STMicroelectronics.X-CUBE-FREERTOS.1.2.0
2024-06-19 14:26:05,321 [WARN] PackLoader:240 - Cannot read IP mode file for STMicroelectronics.X-CUBE-AZRTOS-L5.2.0.0
2024-06-19 14:26:05,338 [WARN] PackLoader:240 - Cannot read IP mode file for STMicroelectronics.X-CUBE-NFC6.3.1.0
2024-06-19 14:26:05,353 [WARN] PackLoader:240 - Cannot read IP mode file for STMicroelectronics.X-CUBE-AI.9.0.0
2024-06-19 14:26:05,366 [WARN] PackLoader:240 - Cannot read IP mode file for STMicroelectronics.X-CUBE-NFC7.1.0.1
2024-06-19 14:26:05,396 [WARN] ConditionMgr:438 - getConditionDescription Invalid condition id : LAN8742 Phy interface Condition cause : null
2024-06-19 14:26:05,396 [WARN] PackLoader:240 - Cannot read IP mode file for STMicroelectronics.X-CUBE-AZRTOS-L4.2.0.0
2024-06-19 14:26:05,398 [WARN] ConditionMgr:1039 - genDependencies : Invalid condition id : LAN8742 Phy interface Condition cause : null
2024-06-19 14:26:05,398 [WARN] ConditionMgr:1039 - genDependencies : Invalid condition id : LAN8742 Phy interface Condition cause : null
2024-06-19 14:26:05,398 [WARN] ConditionMgr:1039 - genDependencies : Invalid condition id : LAN8742 Phy interface Condition cause : null
2024-06-19 14:26:05,417 [WARN] PackLoader:240 - Cannot read IP mode file for STMicroelectronics.X-CUBE-SFXS2LP1.4.0.0
2024-06-19 14:26:05,445 [WARN] ConditionMgr:438 - getConditionDescription Invalid condition id : UX DEVICE CLASS RTOS Condition cause : null
2024-06-19 14:26:05,446 [WARN] ConditionMgr:438 - getConditionDescription Invalid condition id : UX DEVICE CLASS RTOS Condition cause : null
2024-06-19 14:26:05,448 [WARN] PackLoader:240 - Cannot read IP mode file for STMicroelectronics.X-CUBE-AZRTOS-WB.2.0.0
2024-06-19 14:26:05,449 [WARN] ConditionMgr:1039 - genDependencies : Invalid condition id : UX DEVICE CLASS RTOS Condition cause : null
2024-06-19 14:26:05,449 [WARN] ConditionMgr:1039 - genDependencies : Invalid condition id : UX DEVICE CLASS RTOS Condition cause : null
2024-06-19 14:26:05,450 [WARN] ConditionMgr:1039 - genDependencies : Invalid condition id : UX DEVICE CLASS RTOS Condition cause : null
2024-06-19 14:26:05,450 [WARN] ConditionMgr:1039 - genDependencies : Invalid condition id : UX DEVICE CLASS RTOS Condition cause : null
2024-06-19 14:26:05,450 [WARN] ConditionMgr:1039 - genDependencies : Invalid condition id : UX DEVICE CLASS RTOS Condition cause : null
2024-06-19 14:26:05,474 [WARN] PackLoader:240 - Cannot read IP mode file for STMicroelectronics.X-CUBE-SUBG2.5.0.0
2024-06-19 14:26:05,494 [WARN] PackLoader:240 - Cannot read IP mode file for Cesanta.I-CUBE-Mongoose.7.13.0
2024-06-19 14:26:05,524 [WARN] PackLoader:240 - Cannot read IP mode file for STMicroelectronics.X-CUBE-AZRTOS-G4.2.0.0
2024-06-19 14:26:05,542 [WARN] PackLoader:240 - Cannot read IP mode file for STMicroelectronics.X-CUBE-ISPU.2.0.0
2024-06-19 14:26:05,559 [WARN] PackLoader:240 - Cannot read IP mode file for STMicroelectronics.X-CUBE-ALS.1.0.2
2024-06-19 14:26:05,609 [WARN] PackLoader:240 - Cannot read IP mode file for STMicroelectronics.X-CUBE-MEMS1.10.0.0
2024-06-19 14:26:05,716 [WARN] PackLoader:240 - Cannot read IP mode file for portGmbH.I-Cube-SoM-uGOAL.1.1.0
2024-06-19 14:26:05,748 [WARN] PackLoader:240 - Cannot read IP mode file for STMicroelectronics.X-CUBE-AZRTOS-H7RS.1.0.0
2024-06-19 14:26:05,764 [WARN] PackLoader:240 - Cannot read IP mode file for STMicroelectronics.FP-ATR-ASTRA1.2.0.0
2024-06-19 14:26:05,787 [WARN] PackLoader:240 - Cannot read IP mode file for STMicroelectronics.X-CUBE-TOF1.3.4.1
2024-06-19 14:26:05,834 [WARN] PackLoader:240 - Cannot read IP mode file for STMicroelectronics.X-CUBE-AZRTOS-H7.3.2.0
2024-06-19 14:26:05,862 [WARN] PackLoader:240 - Cannot read IP mode file for Infineon.AIROC-Wi-Fi-Bluetooth-STM32.1.6.0
2024-06-19 14:26:05,867 [INFO] ThirdParty:978 - Integrity check success = true
2024-06-19 14:26:05,867 [INFO] IntegrityCheckThread:100 - exiting critical section [integrity check]
2024-06-19 14:26:05,867 [INFO] IntegrityCheckThread:103 - End integrity checks thread
2024-06-19 14:26:09,046 [INFO] WebApp:161 - Instantiating new browser for Auth
2024-06-19 14:26:09,727 [INFO] WebApp:779 - Register for checkConnection events
2024-06-19 14:26:09,727 [INFO] WebApp:414 - Apply proxy settings
2024-06-19 14:26:09,727 [INFO] WebApp:499 - Chromium requires no authentication
2024-06-19 14:26:09,734 [INFO] WebApp:442 - Direct internet connection detected
2024-06-19 14:26:09,886 [INFO] WebApp:192 - Starting web application
2024-06-19 14:26:09,886 [INFO] WebApp:544 - Web application path used D:\Programs\STM32CubeIDE_1.15.1\STM32CubeIDE\plugins\com.st.stm32cube.common.mx_6.11.1.202404110753\db\plugins\mcufinder\reactClient1\index.html
2024-06-19 15:13:49,848 [ERROR] LogOutputStream:75 - [STDERR_REDIRECT] 
2024-06-19 15:13:49,849 [ERROR] LogOutputStream:75 - [STDERR_REDIRECT] 
