2024-06-11 13:38:40,257 [INFO] Activator:176 - 


2024-06-11 13:38:40,262 [INFO] Activator:177 - !SESSION log4j initialized
2024-06-11 13:38:45,846 [INFO] LogOutputStream:77 - [STDOUT_REDIRECT] 
2024-06-11 13:38:46,951 [INFO] ApplicationProperties:184 - Using Application install path: D:\Programs\STM32CubeIDE_1.15.1\STM32CubeIDE\plugins\com.st.stm32cube.common.mx_6.11.1.202404110753
2024-06-11 13:38:46,969 [INFO] DbMcusXml:78 - Set database path to: D:\Programs\STM32CubeIDE_1.15.1\STM32CubeIDE\plugins\com.st.stm32cube.common.mx_6.11.1.202404110753\\db\/mcu/
2024-06-11 13:38:46,969 [INFO] ApiDb:274 - Set plugin database path to: D:\Programs\STM32CubeIDE_1.15.1\STM32CubeIDE\plugins\com.st.stm32cube.common.mx_6.11.1.202404110753\\db\/plugins/boardmanager/
2024-06-11 13:38:46,969 [WARN] ApiDb:259 - Overriding images path with different value:  => D:\Programs\STM32CubeIDE_1.15.1\STM32CubeIDE\plugins\com.st.stm32cube.common.mx_6.11.1.202404110753\\db\/plugins/mcufinder/images/
2024-06-11 13:38:46,977 [INFO] ApiDb:250 - Set database path to: C:\Users\oemerkara\.stmcufinder\plugins\mcufinder//mcu/
2024-06-11 13:38:46,978 [INFO] DbMcusAds:125 - Set database path to: C:\Users\oemerkara\.stmcufinder\plugins\mcufinder//mcu/
2024-06-11 13:38:46,980 [INFO] CrossReferenceDbSqlite:203 - Set database path to: C:\Users\oemerkara\.stmcufinder\plugins\mcufinder//mcu/cs/
2024-06-11 13:38:47,087 [INFO] RulesReader:64 - Compatibility file has been processed (297 Rules)
2024-06-11 13:38:47,159 [INFO] DbMcusXml:78 - Set database path to: D:\Programs\STM32CubeIDE_1.15.1\STM32CubeIDE\plugins\com.st.stm32cube.common.mx_6.11.1.202404110753\\db\/mcu/
2024-06-11 13:38:47,159 [INFO] ApiDb:274 - Set plugin database path to: D:\Programs\STM32CubeIDE_1.15.1\STM32CubeIDE\plugins\com.st.stm32cube.common.mx_6.11.1.202404110753\\db\/plugins/boardmanager/
2024-06-11 13:38:47,159 [INFO] ApiDb:261 - Set plugin images path to: D:\Programs\STM32CubeIDE_1.15.1\STM32CubeIDE\plugins\com.st.stm32cube.common.mx_6.11.1.202404110753\\db\/plugins/mcufinder/images/
2024-06-11 13:38:47,159 [WARN] DbFile:41 - Overriding database path with different value: C:\Users\oemerkara\.stmcufinder\plugins\mcufinder/ => C:\Users\oemerkara\.stmcufinder\plugins\mcufinder
2024-06-11 13:38:47,159 [INFO] ApiDb:250 - Set database path to: C:\Users\oemerkara\.stmcufinder\plugins\mcufinder//mcu/
2024-06-11 13:38:47,159 [WARN] DbFile:41 - Overriding database path with different value: C:\Users\oemerkara\.stmcufinder\plugins\mcufinder/ => C:\Users\oemerkara\.stmcufinder\plugins\mcufinder
2024-06-11 13:38:47,159 [INFO] DbMcusAds:125 - Set database path to: C:\Users\oemerkara\.stmcufinder\plugins\mcufinder//mcu/
2024-06-11 13:38:47,159 [WARN] DbFile:41 - Overriding database path with different value: C:\Users\oemerkara\.stmcufinder\plugins\mcufinder/ => C:\Users\oemerkara\.stmcufinder\plugins\mcufinder
2024-06-11 13:38:47,159 [WARN] DbFile:41 - Overriding database path with different value: C:\Users\oemerkara\.stmcufinder\plugins\mcufinder/ => C:\Users\oemerkara\.stmcufinder\plugins\mcufinder
2024-06-11 13:38:47,160 [INFO] CrossReferenceDbSqlite:203 - Set database path to: C:\Users\oemerkara\.stmcufinder\plugins\mcufinder//mcu/cs/
2024-06-11 13:38:47,227 [INFO] MainPanel:264 - HeapMemory: 268435456
2024-06-11 13:38:47,315 [INFO] DbMcusXml:78 - Set database path to: D:\Programs\STM32CubeIDE_1.15.1\STM32CubeIDE\plugins\com.st.stm32cube.common.mx_6.11.1.202404110753\\db\/mcu/
2024-06-11 13:38:47,315 [INFO] ApiDb:274 - Set plugin database path to: D:\Programs\STM32CubeIDE_1.15.1\STM32CubeIDE\plugins\com.st.stm32cube.common.mx_6.11.1.202404110753\\db\/plugins/boardmanager/
2024-06-11 13:38:47,315 [INFO] ApiDb:261 - Set plugin images path to: D:\Programs\STM32CubeIDE_1.15.1\STM32CubeIDE\plugins\com.st.stm32cube.common.mx_6.11.1.202404110753\\db\/plugins/mcufinder/images/
2024-06-11 13:38:47,315 [WARN] DbFile:41 - Overriding database path with different value: C:\Users\oemerkara\.stmcufinder\plugins\mcufinder/ => C:\Users\oemerkara\.stmcufinder\plugins\mcufinder
2024-06-11 13:38:47,316 [INFO] ApiDb:250 - Set database path to: C:\Users\oemerkara\.stmcufinder\plugins\mcufinder//mcu/
2024-06-11 13:38:47,316 [WARN] DbFile:41 - Overriding database path with different value: C:\Users\oemerkara\.stmcufinder\plugins\mcufinder/ => C:\Users\oemerkara\.stmcufinder\plugins\mcufinder
2024-06-11 13:38:47,316 [INFO] DbMcusAds:125 - Set database path to: C:\Users\oemerkara\.stmcufinder\plugins\mcufinder//mcu/
2024-06-11 13:38:47,316 [WARN] DbFile:41 - Overriding database path with different value: C:\Users\oemerkara\.stmcufinder\plugins\mcufinder/ => C:\Users\oemerkara\.stmcufinder\plugins\mcufinder
2024-06-11 13:38:47,316 [WARN] DbFile:41 - Overriding database path with different value: C:\Users\oemerkara\.stmcufinder\plugins\mcufinder/ => C:\Users\oemerkara\.stmcufinder\plugins\mcufinder
2024-06-11 13:38:47,316 [INFO] CrossReferenceDbSqlite:203 - Set database path to: C:\Users\oemerkara\.stmcufinder\plugins\mcufinder//mcu/cs/
2024-06-11 13:38:47,332 [INFO] ApplicationProperties:184 - Using Application install path: D:\Programs\STM32CubeIDE_1.15.1\STM32CubeIDE\plugins\com.st.stm32cube.common.mx_6.11.1.202404110753
2024-06-11 13:38:47,334 [INFO] PluginManage:196 - Search for loadable plugins [exclusion list=, ]
2024-06-11 13:38:47,335 [INFO] PluginManage:310 - Check plugin analytics
2024-06-11 13:38:47,481 [INFO] AnalyticsPlugin:253 - Accepted Software Licenses: 
2024-06-11 13:38:47,481 [INFO] AnalyticsPlugin:255 - Accepted CMSIS Pack Licenses: 
2024-06-11 13:38:47,481 [INFO] AnalyticsPlugin:257 - Accepted Firmware Licenses: FW.F4.1.28.0
2024-06-11 13:38:47,483 [INFO] PluginManage:359 - Loaded plugin analytics (category:tool,tabindex:-1)
2024-06-11 13:38:47,483 [INFO] PluginManage:310 - Check plugin cadmodel
2024-06-11 13:38:47,497 [INFO] CADModel:105 - Init CAD model plugin
2024-06-11 13:38:47,498 [INFO] PluginManage:359 - Loaded plugin cadmodel (category:power,tabindex:5)
2024-06-11 13:38:47,498 [INFO] PluginManage:310 - Check plugin clock
2024-06-11 13:38:47,519 [INFO] PluginManage:359 - Loaded plugin clock (category:base,tabindex:2)
2024-06-11 13:38:47,519 [INFO] PluginManage:310 - Check plugin ddr
2024-06-11 13:38:47,521 [INFO] PluginManage:359 - Loaded plugin ddr (category:tool,tabindex:6)
2024-06-11 13:38:47,521 [INFO] PluginManage:310 - Check plugin filemanager
2024-06-11 13:38:47,656 [INFO] PluginManage:359 - Loaded plugin filemanager (category:base,tabindex:10)
2024-06-11 13:38:47,656 [INFO] PluginManage:310 - Check plugin ipmanager
2024-06-11 13:38:47,673 [INFO] PluginManage:359 - Loaded plugin ipmanager (category:base,tabindex:5)
2024-06-11 13:38:47,673 [INFO] PluginManage:310 - Check plugin lpbam
2024-06-11 13:38:47,692 [INFO] PluginManage:359 - Loaded plugin lpbam (category:base,tabindex:0)
2024-06-11 13:38:47,693 [INFO] PluginManage:310 - Check plugin memorymap
2024-06-11 13:38:47,715 [INFO] PluginManage:359 - Loaded plugin memorymap (category:base,tabindex:4)
2024-06-11 13:38:47,715 [INFO] PluginManage:310 - Check plugin pinoutandconfiguration
2024-06-11 13:38:47,731 [INFO] PluginManage:359 - Loaded plugin pinoutandconfiguration (category:base,tabindex:1)
2024-06-11 13:38:47,731 [INFO] PluginManage:310 - Check plugin pinoutconfig
2024-06-11 13:38:47,819 [WARN] SupportedApi:132 - Cannot load RTOS API schema: s4s-elt-must-match.1: The content of 'definitions' must match (annotation?, (simpleType | complexType)?, (unique | key | keyref)*)). A problem was found starting at: attribute.
2024-06-11 13:38:47,935 [INFO] PluginManage:359 - Loaded plugin pinoutconfig (category:base,tabindex:0)
2024-06-11 13:38:47,935 [INFO] PluginManage:310 - Check plugin power
2024-06-11 13:38:47,954 [INFO] PluginManage:359 - Loaded plugin power (category:power,tabindex:4)
2024-06-11 13:38:47,954 [INFO] PluginManage:310 - Check plugin projectmanager
2024-06-11 13:38:47,968 [INFO] PluginManage:359 - Loaded plugin projectmanager (category:projectmanager,tabindex:3)
2024-06-11 13:38:47,968 [INFO] PluginManage:310 - Check plugin thirdparty
2024-06-11 13:38:48,211 [INFO] PluginManage:359 - Loaded plugin thirdparty (category:base,tabindex:-1)
2024-06-11 13:38:48,211 [WARN] IntegrityCheckThread:84 - waiting for thirdparty lock release [integrity check]
2024-06-11 13:38:48,211 [INFO] PluginManage:310 - Check plugin tools
2024-06-11 13:38:48,211 [INFO] IntegrityCheckThread:86 - entering critical section [integrity check]
2024-06-11 13:38:48,212 [INFO] ThirdPartyUpdaterWithRetryManager:70 - Updater plugin not ready yet. [1/15]
2024-06-11 13:38:48,246 [INFO] PluginManage:359 - Loaded plugin tools (category:base,tabindex:7)
2024-06-11 13:38:48,246 [INFO] PluginManage:310 - Check plugin tutovideos
2024-06-11 13:38:48,426 [INFO] PluginManage:359 - Loaded plugin tutovideos (category:base,tabindex:-1)
2024-06-11 13:38:48,426 [INFO] PluginManage:310 - Check plugin updater
2024-06-11 13:38:48,436 [INFO] PluginManage:359 - Loaded plugin updater (category:base,tabindex:12)
2024-06-11 13:38:48,436 [INFO] PluginManage:310 - Check plugin userauth
2024-06-11 13:38:48,441 [INFO] UserAuth:114 - Init User Auth plugin
2024-06-11 13:38:48,441 [INFO] PluginManage:359 - Loaded plugin userauth (category:base,tabindex:14)
2024-06-11 13:38:48,441 [INFO] PluginManage:283 - PluginManage : Loaded plugins [17]
2024-06-11 13:38:48,628 [INFO] PinOutPanel:1561 - setPackage(No Configuration,No Configuration)
2024-06-11 13:38:48,692 [INFO] CADModel:165 - CPN selected for project level
2024-06-11 13:38:48,692 [INFO] CADModel:114 - Register for checkConnection events
2024-06-11 13:38:48,719 [INFO] IPUIPlugin:80 - create IPUIPlugin
2024-06-11 13:38:48,719 [INFO] PluginManager:220 - loadIPPluginJar : add adc
2024-06-11 13:38:48,755 [INFO] IPUIPlugin:80 - create IPUIPlugin
2024-06-11 13:38:48,755 [INFO] PluginManager:220 - loadIPPluginJar : add aes
2024-06-11 13:38:48,794 [INFO] IPUIPlugin:80 - create IPUIPlugin
2024-06-11 13:38:48,794 [INFO] PluginManager:220 - loadIPPluginJar : add can
2024-06-11 13:38:48,815 [INFO] IPUIPlugin:80 - create IPUIPlugin
2024-06-11 13:38:48,815 [INFO] PluginManager:220 - loadIPPluginJar : add comp
2024-06-11 13:38:48,847 [INFO] IPUIPlugin:80 - create IPUIPlugin
2024-06-11 13:38:48,847 [INFO] PluginManager:220 - loadIPPluginJar : add cryp
2024-06-11 13:38:48,877 [INFO] IPUIPlugin:80 - create IPUIPlugin
2024-06-11 13:38:48,877 [INFO] PluginManager:220 - loadIPPluginJar : add dfsdm
2024-06-11 13:38:48,891 [INFO] IPUIPlugin:80 - create IPUIPlugin
2024-06-11 13:38:48,892 [INFO] PluginManager:220 - loadIPPluginJar : add dma
2024-06-11 13:38:48,937 [INFO] IPUIPlugin:80 - create IPUIPlugin
2024-06-11 13:38:48,937 [INFO] PluginManager:220 - loadIPPluginJar : add dma3
2024-06-11 13:38:48,985 [INFO] IPUIPlugin:80 - create IPUIPlugin
2024-06-11 13:38:48,985 [INFO] PluginManager:220 - loadIPPluginJar : add extmemmanager
2024-06-11 13:38:49,006 [INFO] IPUIPlugin:80 - create IPUIPlugin
2024-06-11 13:38:49,006 [INFO] PluginManager:220 - loadIPPluginJar : add fatfs
2024-06-11 13:38:49,054 [INFO] IPUIPlugin:80 - create IPUIPlugin
2024-06-11 13:38:49,054 [INFO] PluginManager:220 - loadIPPluginJar : add fmc
2024-06-11 13:38:49,069 [INFO] IPUIPlugin:80 - create IPUIPlugin
2024-06-11 13:38:49,069 [INFO] PluginManager:220 - loadIPPluginJar : add freertos
2024-06-11 13:38:49,091 [INFO] IPUIPlugin:80 - create IPUIPlugin
2024-06-11 13:38:49,091 [INFO] PluginManager:220 - loadIPPluginJar : add genericplugin
2024-06-11 13:38:49,182 [INFO] IPUIPlugin:80 - create IPUIPlugin
2024-06-11 13:38:49,182 [INFO] PluginManager:220 - loadIPPluginJar : add gfxmmu
2024-06-11 13:38:49,306 [INFO] IPUIPlugin:80 - create IPUIPlugin
2024-06-11 13:38:49,306 [INFO] PluginManager:220 - loadIPPluginJar : add gic
2024-06-11 13:38:49,318 [INFO] IPUIPlugin:80 - create IPUIPlugin
2024-06-11 13:38:49,318 [INFO] PluginManager:220 - loadIPPluginJar : add gpio
2024-06-11 13:38:49,403 [INFO] IPUIPlugin:80 - create IPUIPlugin
2024-06-11 13:38:49,403 [INFO] PluginManager:220 - loadIPPluginJar : add gtzc
2024-06-11 13:38:49,437 [INFO] IPUIPlugin:80 - create IPUIPlugin
2024-06-11 13:38:49,437 [INFO] PluginManager:220 - loadIPPluginJar : add hash
2024-06-11 13:38:49,490 [INFO] IPUIPlugin:80 - create IPUIPlugin
2024-06-11 13:38:49,490 [INFO] PluginManager:220 - loadIPPluginJar : add i2c
2024-06-11 13:38:49,530 [INFO] IPUIPlugin:80 - create IPUIPlugin
2024-06-11 13:38:49,530 [INFO] PluginManager:220 - loadIPPluginJar : add i2s
2024-06-11 13:38:49,571 [INFO] IPUIPlugin:80 - create IPUIPlugin
2024-06-11 13:38:49,571 [INFO] PluginManager:220 - loadIPPluginJar : add i3c
2024-06-11 13:38:49,673 [INFO] IPUIPlugin:80 - create IPUIPlugin
2024-06-11 13:38:49,673 [INFO] PluginManager:220 - loadIPPluginJar : add ipddr
2024-06-11 13:38:49,762 [INFO] IPUIPlugin:80 - create IPUIPlugin
2024-06-11 13:38:49,762 [INFO] PluginManager:220 - loadIPPluginJar : add linkedlist
2024-06-11 13:38:49,797 [INFO] IPUIPlugin:80 - create IPUIPlugin
2024-06-11 13:38:49,797 [INFO] PluginManager:220 - loadIPPluginJar : add lorawan
2024-06-11 13:38:49,832 [INFO] IPUIPlugin:80 - create IPUIPlugin
2024-06-11 13:38:49,832 [INFO] PluginManager:220 - loadIPPluginJar : add ltdc
2024-06-11 13:38:49,846 [INFO] IPUIPlugin:80 - create IPUIPlugin
2024-06-11 13:38:49,846 [INFO] PluginManager:220 - loadIPPluginJar : add mdma
2024-06-11 13:38:49,858 [INFO] IPUIPlugin:80 - create IPUIPlugin
2024-06-11 13:38:49,858 [INFO] PluginManager:220 - loadIPPluginJar : add nvic
2024-06-11 13:38:49,893 [INFO] IPUIPlugin:80 - create IPUIPlugin
2024-06-11 13:38:49,894 [INFO] PluginManager:220 - loadIPPluginJar : add opamp
2024-06-11 13:38:49,955 [INFO] IPUIPlugin:80 - create IPUIPlugin
2024-06-11 13:38:49,955 [INFO] PluginManager:220 - loadIPPluginJar : add openamp
2024-06-11 13:38:49,999 [INFO] IPUIPlugin:80 - create IPUIPlugin
2024-06-11 13:38:49,999 [INFO] PluginManager:220 - loadIPPluginJar : add pdm2pcm
2024-06-11 13:38:50,014 [INFO] IPUIPlugin:80 - create IPUIPlugin
2024-06-11 13:38:50,016 [INFO] PluginManager:220 - loadIPPluginJar : add plateformsettings
2024-06-11 13:38:50,037 [INFO] IPUIPlugin:80 - create IPUIPlugin
2024-06-11 13:38:50,037 [INFO] PluginManager:220 - loadIPPluginJar : add quadspi
2024-06-11 13:38:50,048 [INFO] IPUIPlugin:80 - create IPUIPlugin
2024-06-11 13:38:50,048 [INFO] PluginManager:220 - loadIPPluginJar : add resmgrutility
2024-06-11 13:38:50,093 [INFO] IPUIPlugin:80 - create IPUIPlugin
2024-06-11 13:38:50,093 [INFO] PluginManager:220 - loadIPPluginJar : add sai
2024-06-11 13:38:50,130 [INFO] IPUIPlugin:80 - create IPUIPlugin
2024-06-11 13:38:50,130 [INFO] PluginManager:220 - loadIPPluginJar : add spi
2024-06-11 13:38:50,195 [INFO] IPUIPlugin:80 - create IPUIPlugin
2024-06-11 13:38:50,195 [INFO] PluginManager:220 - loadIPPluginJar : add stm32_wpan
2024-06-11 13:38:50,217 [INFO] IPUIPlugin:80 - create IPUIPlugin
2024-06-11 13:38:50,217 [INFO] PluginManager:220 - loadIPPluginJar : add tim
2024-06-11 13:38:50,274 [INFO] IPUIPlugin:80 - create IPUIPlugin
2024-06-11 13:38:50,274 [INFO] PluginManager:220 - loadIPPluginJar : add touchsensing
2024-06-11 13:38:50,295 [INFO] IPUIPlugin:80 - create IPUIPlugin
2024-06-11 13:38:50,295 [INFO] PluginManager:220 - loadIPPluginJar : add tracer_emb
2024-06-11 13:38:50,316 [INFO] IPUIPlugin:80 - create IPUIPlugin
2024-06-11 13:38:50,316 [INFO] PluginManager:220 - loadIPPluginJar : add ts
2024-06-11 13:38:50,336 [INFO] IPUIPlugin:80 - create IPUIPlugin
2024-06-11 13:38:50,336 [INFO] PluginManager:220 - loadIPPluginJar : add tsc
2024-06-11 13:38:50,357 [INFO] IPUIPlugin:80 - create IPUIPlugin
2024-06-11 13:38:50,358 [INFO] PluginManager:220 - loadIPPluginJar : add ucpd
2024-06-11 13:38:50,403 [INFO] IPUIPlugin:80 - create IPUIPlugin
2024-06-11 13:38:50,403 [INFO] PluginManager:220 - loadIPPluginJar : add usart
2024-06-11 13:38:50,445 [INFO] IPUIPlugin:80 - create IPUIPlugin
2024-06-11 13:38:50,445 [INFO] PluginManager:220 - loadIPPluginJar : add usbx
2024-06-11 13:38:50,564 [INFO] CADModel:165 - CPN selected for project level
2024-06-11 13:38:50,565 [INFO] CADModel:114 - Register for checkConnection events
2024-06-11 13:38:50,565 [FATAL] Updater:308 - Updater called before beeing initialized
2024-06-11 13:38:50,565 [ERROR] CADModel:125 - Updater not yet initialized, retry later 
2024-06-11 13:38:50,682 [INFO] CADModel:165 - CPN selected for project level
2024-06-11 13:38:50,683 [INFO] CADModel:114 - Register for checkConnection events
2024-06-11 13:38:50,683 [FATAL] Updater:308 - Updater called before beeing initialized
2024-06-11 13:38:50,683 [ERROR] CADModel:125 - Updater not yet initialized, retry later 
2024-06-11 13:38:50,685 [FATAL] Updater:308 - Updater called before beeing initialized
2024-06-11 13:38:50,765 [FATAL] Updater:308 - Updater called before beeing initialized
2024-06-11 13:38:50,774 [INFO] DbMcusAds:53 - JSON generation date=Thu May 16 11:22:00 CEST 2024 (1715851320667)
2024-06-11 13:38:50,775 [FATAL] Updater:308 - Updater called before beeing initialized
2024-06-11 13:38:50,852 [WARN] DetailPanel:346 - Failed to get advertising image, set to default
2024-06-11 13:38:50,950 [FATAL] Updater:308 - Updater called before beeing initialized
2024-06-11 13:38:50,953 [FATAL] Updater:308 - Updater called before beeing initialized
2024-06-11 13:38:50,953 [FATAL] Updater:308 - Updater called before beeing initialized
2024-06-11 13:38:50,953 [WARN] DetailPanel:346 - Failed to get advertising image, set to default
2024-06-11 13:38:50,954 [FATAL] Updater:308 - Updater called before beeing initialized
2024-06-11 13:38:51,003 [ERROR] Updater:1120 - MainUpdater not yet initialized. External WinMGr cannot be set.
2024-06-11 13:38:51,013 [INFO] Updater:1056 - Updater Version found : 6.11.1
2024-06-11 13:38:51,035 [INFO] ApplicationProperties:184 - Using Application install path: D:\Programs\STM32CubeIDE_1.15.1\STM32CubeIDE\plugins\com.st.stm32cube.common.mx_6.11.1.202404110753
2024-06-11 13:38:51,214 [INFO] ThirdPartyUpdaterWithRetryManager:70 - Updater plugin not ready yet. [2/15]
2024-06-11 13:38:52,609 [ERROR] LogOutputStream:75 - [STDERR_REDIRECT] Jun 11, 2024 1:38:52 PM java.util.prefs.WindowsPreferences <init>
2024-06-11 13:38:52,610 [ERROR] LogOutputStream:75 - [STDERR_REDIRECT] WARNING: Could not open/create prefs root node Software\JavaSoft\Prefs at root 0xffffffff80000002. Windows RegCreateKeyEx(...) returned error code 5.
2024-06-11 13:38:52,610 [ERROR] LogOutputStream:75 - [STDERR_REDIRECT] 
2024-06-11 13:38:52,920 [INFO] MainUpdater:2873 - connection check result : 10
2024-06-11 13:38:52,920 [INFO] MainUpdater:290 - Updater Check For Update Now.
2024-06-11 13:38:52,920 [INFO] MicroXplorer:498 - Change Database Version : DB.6.0.111
2024-06-11 13:38:52,935 [INFO] McuFinderGlobals:63 - Set McuFinder mode to 2 (CubeIDE integrated)
2024-06-11 13:38:52,947 [INFO] UserAuth:415 - Internet connection configuration mode: 1
2024-06-11 13:38:52,976 [INFO] JxBrowserEngine:152 - Initiate JxBrowser Engine with user profile folder
2024-06-11 13:38:53,110 [INFO] CheckServerUpdateThread:120 - End of CheckServer Thread
2024-06-11 13:38:54,356 [WARN] PackLoader:240 - Cannot read IP mode file for STMicroelectronics.FP-SNS-MOTENVWB1.1.4.0
2024-06-11 13:38:54,371 [WARN] PackLoader:240 - Cannot read IP mode file for STMicroelectronics.X-CUBE-SMBUS.2.1.0
2024-06-11 13:38:54,382 [WARN] PackLoader:240 - Cannot read IP mode file for STMicroelectronics.X-CUBE-TOUCHGFX.4.23.2
2024-06-11 13:38:54,415 [WARN] PackLoader:240 - Cannot read IP mode file for STMicroelectronics.X-CUBE-AZRTOS-F7.1.1.0
2024-06-11 13:38:54,431 [WARN] PackLoader:240 - Cannot read IP mode file for STMicroelectronics.FP-SNS-FLIGHT1.5.0.2
2024-06-11 13:38:54,447 [WARN] PackLoader:240 - Cannot read IP mode file for STMicroelectronics.X-CUBE-DISPLAY.3.0.0
2024-06-11 13:38:54,467 [WARN] PackLoader:240 - Cannot read IP mode file for STMicroelectronics.X-CUBE-BLE1.7.0.0
2024-06-11 13:38:54,478 [WARN] PackLoader:240 - Cannot read IP mode file for emotas.I-CUBE-CANOPEN.1.3.0
2024-06-11 13:38:54,496 [WARN] PackLoader:240 - Cannot read IP mode file for STMicroelectronics.X-CUBE-BLEMGR.3.1.0
2024-06-11 13:38:54,509 [WARN] PackLoader:240 - Cannot read IP mode file for STMicroelectronics.FP-SNS-SMARTAG2.1.2.0
2024-06-11 13:38:54,528 [INFO] LogOutputStream:77 - [STDOUT_REDIRECT] 1 : Invalid condition id : UX_CORESTACK_Condition cause : null
2024-06-11 13:38:54,529 [INFO] LogOutputStream:77 - [STDOUT_REDIRECT] 1 : Invalid condition id : UX_CORESTACK_Condition cause : null
2024-06-11 13:38:54,530 [INFO] LogOutputStream:77 - [STDOUT_REDIRECT] 1 : Invalid condition id : UX_CORESTACK_Condition cause : null
2024-06-11 13:38:54,530 [INFO] LogOutputStream:77 - [STDOUT_REDIRECT] 1 : Invalid condition id : UX_CORESTACK_Condition cause : null
2024-06-11 13:38:54,531 [INFO] LogOutputStream:77 - [STDOUT_REDIRECT] 1 : Invalid condition id : UX_CORESTACK_Condition cause : null
2024-06-11 13:38:54,533 [WARN] PackLoader:240 - Cannot read IP mode file for STMicroelectronics.X-CUBE-AZRTOS-WL.2.0.0
2024-06-11 13:38:54,546 [WARN] PackLoader:240 - Cannot read IP mode file for STMicroelectronics.FP-SNS-MOTENV1.5.0.0
2024-06-11 13:38:54,556 [WARN] PackLoader:240 - Cannot read IP mode file for wolfSSL.I-CUBE-wolfMQTT.1.19.0
2024-06-11 13:38:54,567 [WARN] PackLoader:240 - Cannot read IP mode file for WES.I-CUBE-Cesium.1.3.0
2024-06-11 13:38:54,578 [WARN] PackLoader:240 - Cannot read IP mode file for STMicroelectronics.X-CUBE-BLE2.3.3.0
2024-06-11 13:38:54,589 [WARN] PackLoader:240 - Cannot read IP mode file for STMicroelectronics.X-CUBE-TCPP.4.1.0
2024-06-11 13:38:54,614 [WARN] PackLoader:240 - Cannot read IP mode file for STMicroelectronics.X-CUBE-AZRTOS-G0.1.1.0
2024-06-11 13:38:54,628 [WARN] PackLoader:240 - Cannot read IP mode file for STMicroelectronics.X-CUBE-SAFEA1.1.2.2
2024-06-11 13:38:54,640 [WARN] PackLoader:240 - Cannot read IP mode file for STMicroelectronics.X-CUBE-NFC4.3.0.0
2024-06-11 13:38:54,650 [WARN] PackLoader:240 - Cannot read IP mode file for wolfSSL.I-CUBE-wolfSSL.5.7.0
2024-06-11 13:38:54,661 [WARN] PackLoader:240 - Cannot read IP mode file for STMicroelectronics.FP-ATR-SIGFOX1.3.2.0
2024-06-11 13:38:54,673 [WARN] PackLoader:240 - Cannot read IP mode file for STMicroelectronics.X-CUBE-EEPRMA1.5.1.0
2024-06-11 13:38:54,694 [WARN] PackLoader:240 - Cannot read IP mode file for ITTIA_DB.I-CUBE-ITTIADB.8.9.0
2024-06-11 13:38:54,730 [WARN] PackLoader:240 - Cannot read IP mode file for SEGGER.I-CUBE-embOS.1.3.1
2024-06-11 13:38:54,772 [WARN] PackLoader:240 - Cannot read IP mode file for STMicroelectronics.X-CUBE-ALGOBUILD.1.4.0
2024-06-11 13:38:54,785 [WARN] PackLoader:240 - Cannot read IP mode file for STMicroelectronics.X-CUBE-GNSS1.6.0.0
2024-06-11 13:38:54,812 [WARN] PackLoader:240 - Cannot read IP mode file for STMicroelectronics.X-CUBE-AZRTOS-F4.1.1.0
2024-06-11 13:38:54,825 [WARN] PackLoader:240 - Cannot read IP mode file for STMicroelectronics.X-CUBE-FREERTOS.1.2.0
2024-06-11 13:38:54,850 [WARN] PackLoader:240 - Cannot read IP mode file for STMicroelectronics.X-CUBE-AZRTOS-L5.2.0.0
2024-06-11 13:38:54,866 [WARN] PackLoader:240 - Cannot read IP mode file for STMicroelectronics.X-CUBE-NFC6.3.1.0
2024-06-11 13:38:54,879 [WARN] PackLoader:240 - Cannot read IP mode file for STMicroelectronics.X-CUBE-AI.9.0.0
2024-06-11 13:38:54,891 [WARN] PackLoader:240 - Cannot read IP mode file for STMicroelectronics.X-CUBE-NFC7.1.0.1
2024-06-11 13:38:54,918 [WARN] ConditionMgr:438 - getConditionDescription Invalid condition id : LAN8742 Phy interface Condition cause : null
2024-06-11 13:38:54,918 [WARN] PackLoader:240 - Cannot read IP mode file for STMicroelectronics.X-CUBE-AZRTOS-L4.2.0.0
2024-06-11 13:38:54,919 [WARN] ConditionMgr:1039 - genDependencies : Invalid condition id : LAN8742 Phy interface Condition cause : null
2024-06-11 13:38:54,919 [WARN] ConditionMgr:1039 - genDependencies : Invalid condition id : LAN8742 Phy interface Condition cause : null
2024-06-11 13:38:54,920 [WARN] ConditionMgr:1039 - genDependencies : Invalid condition id : LAN8742 Phy interface Condition cause : null
2024-06-11 13:38:54,935 [WARN] PackLoader:240 - Cannot read IP mode file for STMicroelectronics.X-CUBE-SFXS2LP1.4.0.0
2024-06-11 13:38:54,959 [WARN] ConditionMgr:438 - getConditionDescription Invalid condition id : UX DEVICE CLASS RTOS Condition cause : null
2024-06-11 13:38:54,959 [WARN] ConditionMgr:438 - getConditionDescription Invalid condition id : UX DEVICE CLASS RTOS Condition cause : null
2024-06-11 13:38:54,960 [WARN] PackLoader:240 - Cannot read IP mode file for STMicroelectronics.X-CUBE-AZRTOS-WB.2.0.0
2024-06-11 13:38:54,961 [WARN] ConditionMgr:1039 - genDependencies : Invalid condition id : UX DEVICE CLASS RTOS Condition cause : null
2024-06-11 13:38:54,961 [WARN] ConditionMgr:1039 - genDependencies : Invalid condition id : UX DEVICE CLASS RTOS Condition cause : null
2024-06-11 13:38:54,961 [WARN] ConditionMgr:1039 - genDependencies : Invalid condition id : UX DEVICE CLASS RTOS Condition cause : null
2024-06-11 13:38:54,961 [WARN] ConditionMgr:1039 - genDependencies : Invalid condition id : UX DEVICE CLASS RTOS Condition cause : null
2024-06-11 13:38:54,961 [WARN] ConditionMgr:1039 - genDependencies : Invalid condition id : UX DEVICE CLASS RTOS Condition cause : null
2024-06-11 13:38:54,980 [WARN] PackLoader:240 - Cannot read IP mode file for STMicroelectronics.X-CUBE-SUBG2.5.0.0
2024-06-11 13:38:54,994 [WARN] PackLoader:240 - Cannot read IP mode file for Cesanta.I-CUBE-Mongoose.7.13.0
2024-06-11 13:38:55,017 [WARN] PackLoader:240 - Cannot read IP mode file for STMicroelectronics.X-CUBE-AZRTOS-G4.2.0.0
2024-06-11 13:38:55,031 [WARN] PackLoader:240 - Cannot read IP mode file for STMicroelectronics.X-CUBE-ISPU.2.0.0
2024-06-11 13:38:55,045 [WARN] PackLoader:240 - Cannot read IP mode file for STMicroelectronics.X-CUBE-ALS.1.0.2
2024-06-11 13:38:55,095 [WARN] PackLoader:240 - Cannot read IP mode file for STMicroelectronics.X-CUBE-MEMS1.10.0.0
2024-06-11 13:38:55,186 [WARN] PackLoader:240 - Cannot read IP mode file for portGmbH.I-Cube-SoM-uGOAL.1.1.0
2024-06-11 13:38:55,216 [WARN] PackLoader:240 - Cannot read IP mode file for STMicroelectronics.X-CUBE-AZRTOS-H7RS.1.0.0
2024-06-11 13:38:55,230 [WARN] PackLoader:240 - Cannot read IP mode file for STMicroelectronics.FP-ATR-ASTRA1.2.0.0
2024-06-11 13:38:55,249 [WARN] PackLoader:240 - Cannot read IP mode file for STMicroelectronics.X-CUBE-TOF1.3.4.1
2024-06-11 13:38:55,283 [WARN] PackLoader:240 - Cannot read IP mode file for STMicroelectronics.X-CUBE-AZRTOS-H7.3.2.0
2024-06-11 13:38:55,305 [WARN] PackLoader:240 - Cannot read IP mode file for Infineon.AIROC-Wi-Fi-Bluetooth-STM32.1.6.0
2024-06-11 13:38:55,311 [INFO] ThirdParty:978 - Integrity check success = true
2024-06-11 13:38:55,311 [INFO] IntegrityCheckThread:100 - exiting critical section [integrity check]
2024-06-11 13:38:55,312 [INFO] IntegrityCheckThread:103 - End integrity checks thread
2024-06-11 13:38:57,683 [INFO] WebApp:161 - Instantiating new browser for Auth
2024-06-11 13:38:58,203 [INFO] WebApp:779 - Register for checkConnection events
2024-06-11 13:38:58,203 [INFO] WebApp:414 - Apply proxy settings
2024-06-11 13:38:58,203 [INFO] WebApp:499 - Chromium requires no authentication
2024-06-11 13:38:58,210 [INFO] WebApp:442 - Direct internet connection detected
2024-06-11 13:38:58,375 [INFO] WebApp:192 - Starting web application
2024-06-11 13:38:58,375 [INFO] WebApp:544 - Web application path used D:\Programs\STM32CubeIDE_1.15.1\STM32CubeIDE\plugins\com.st.stm32cube.common.mx_6.11.1.202404110753\db\plugins\mcufinder\reactClient1\index.html
2024-06-11 15:23:13,198 [INFO] WebApp:354 - JxBrowser engine has been closed 
