2024-06-12 12:33:41,143 [INFO] Activator:176 - 


2024-06-12 12:33:41,148 [INFO] Activator:177 - !SESSION log4j initialized
2024-06-12 12:33:46,273 [INFO] LogOutputStream:77 - [STDOUT_REDIRECT] 
2024-06-12 12:33:47,541 [INFO] ApplicationProperties:184 - Using Application install path: D:\Programs\STM32CubeIDE_1.15.1\STM32CubeIDE\plugins\com.st.stm32cube.common.mx_6.11.1.202404110753
2024-06-12 12:33:47,559 [INFO] DbMcusXml:78 - Set database path to: D:\Programs\STM32CubeIDE_1.15.1\STM32CubeIDE\plugins\com.st.stm32cube.common.mx_6.11.1.202404110753\\db\/mcu/
2024-06-12 12:33:47,559 [INFO] ApiDb:274 - Set plugin database path to: D:\Programs\STM32CubeIDE_1.15.1\STM32CubeIDE\plugins\com.st.stm32cube.common.mx_6.11.1.202404110753\\db\/plugins/boardmanager/
2024-06-12 12:33:47,560 [WARN] ApiDb:259 - Overriding images path with different value:  => D:\Programs\STM32CubeIDE_1.15.1\STM32CubeIDE\plugins\com.st.stm32cube.common.mx_6.11.1.202404110753\\db\/plugins/mcufinder/images/
2024-06-12 12:33:47,566 [INFO] ApiDb:250 - Set database path to: C:\Users\oemerkara\.stmcufinder\plugins\mcufinder//mcu/
2024-06-12 12:33:47,567 [INFO] DbMcusAds:125 - Set database path to: C:\Users\oemerkara\.stmcufinder\plugins\mcufinder//mcu/
2024-06-12 12:33:47,569 [INFO] CrossReferenceDbSqlite:203 - Set database path to: C:\Users\oemerkara\.stmcufinder\plugins\mcufinder//mcu/cs/
2024-06-12 12:33:47,676 [INFO] RulesReader:64 - Compatibility file has been processed (297 Rules)
2024-06-12 12:33:47,750 [INFO] DbMcusXml:78 - Set database path to: D:\Programs\STM32CubeIDE_1.15.1\STM32CubeIDE\plugins\com.st.stm32cube.common.mx_6.11.1.202404110753\\db\/mcu/
2024-06-12 12:33:47,751 [INFO] ApiDb:274 - Set plugin database path to: D:\Programs\STM32CubeIDE_1.15.1\STM32CubeIDE\plugins\com.st.stm32cube.common.mx_6.11.1.202404110753\\db\/plugins/boardmanager/
2024-06-12 12:33:47,751 [INFO] ApiDb:261 - Set plugin images path to: D:\Programs\STM32CubeIDE_1.15.1\STM32CubeIDE\plugins\com.st.stm32cube.common.mx_6.11.1.202404110753\\db\/plugins/mcufinder/images/
2024-06-12 12:33:47,751 [WARN] DbFile:41 - Overriding database path with different value: C:\Users\oemerkara\.stmcufinder\plugins\mcufinder/ => C:\Users\oemerkara\.stmcufinder\plugins\mcufinder
2024-06-12 12:33:47,751 [INFO] ApiDb:250 - Set database path to: C:\Users\oemerkara\.stmcufinder\plugins\mcufinder//mcu/
2024-06-12 12:33:47,751 [WARN] DbFile:41 - Overriding database path with different value: C:\Users\oemerkara\.stmcufinder\plugins\mcufinder/ => C:\Users\oemerkara\.stmcufinder\plugins\mcufinder
2024-06-12 12:33:47,751 [INFO] DbMcusAds:125 - Set database path to: C:\Users\oemerkara\.stmcufinder\plugins\mcufinder//mcu/
2024-06-12 12:33:47,751 [WARN] DbFile:41 - Overriding database path with different value: C:\Users\oemerkara\.stmcufinder\plugins\mcufinder/ => C:\Users\oemerkara\.stmcufinder\plugins\mcufinder
2024-06-12 12:33:47,751 [WARN] DbFile:41 - Overriding database path with different value: C:\Users\oemerkara\.stmcufinder\plugins\mcufinder/ => C:\Users\oemerkara\.stmcufinder\plugins\mcufinder
2024-06-12 12:33:47,751 [INFO] CrossReferenceDbSqlite:203 - Set database path to: C:\Users\oemerkara\.stmcufinder\plugins\mcufinder//mcu/cs/
2024-06-12 12:33:47,833 [INFO] MainPanel:264 - HeapMemory: 268435456
2024-06-12 12:33:47,923 [INFO] DbMcusXml:78 - Set database path to: D:\Programs\STM32CubeIDE_1.15.1\STM32CubeIDE\plugins\com.st.stm32cube.common.mx_6.11.1.202404110753\\db\/mcu/
2024-06-12 12:33:47,923 [INFO] ApiDb:274 - Set plugin database path to: D:\Programs\STM32CubeIDE_1.15.1\STM32CubeIDE\plugins\com.st.stm32cube.common.mx_6.11.1.202404110753\\db\/plugins/boardmanager/
2024-06-12 12:33:47,923 [INFO] ApiDb:261 - Set plugin images path to: D:\Programs\STM32CubeIDE_1.15.1\STM32CubeIDE\plugins\com.st.stm32cube.common.mx_6.11.1.202404110753\\db\/plugins/mcufinder/images/
2024-06-12 12:33:47,924 [WARN] DbFile:41 - Overriding database path with different value: C:\Users\oemerkara\.stmcufinder\plugins\mcufinder/ => C:\Users\oemerkara\.stmcufinder\plugins\mcufinder
2024-06-12 12:33:47,924 [INFO] ApiDb:250 - Set database path to: C:\Users\oemerkara\.stmcufinder\plugins\mcufinder//mcu/
2024-06-12 12:33:47,924 [WARN] DbFile:41 - Overriding database path with different value: C:\Users\oemerkara\.stmcufinder\plugins\mcufinder/ => C:\Users\oemerkara\.stmcufinder\plugins\mcufinder
2024-06-12 12:33:47,924 [INFO] DbMcusAds:125 - Set database path to: C:\Users\oemerkara\.stmcufinder\plugins\mcufinder//mcu/
2024-06-12 12:33:47,924 [WARN] DbFile:41 - Overriding database path with different value: C:\Users\oemerkara\.stmcufinder\plugins\mcufinder/ => C:\Users\oemerkara\.stmcufinder\plugins\mcufinder
2024-06-12 12:33:47,924 [WARN] DbFile:41 - Overriding database path with different value: C:\Users\oemerkara\.stmcufinder\plugins\mcufinder/ => C:\Users\oemerkara\.stmcufinder\plugins\mcufinder
2024-06-12 12:33:47,924 [INFO] CrossReferenceDbSqlite:203 - Set database path to: C:\Users\oemerkara\.stmcufinder\plugins\mcufinder//mcu/cs/
2024-06-12 12:33:47,941 [INFO] ApplicationProperties:184 - Using Application install path: D:\Programs\STM32CubeIDE_1.15.1\STM32CubeIDE\plugins\com.st.stm32cube.common.mx_6.11.1.202404110753
2024-06-12 12:33:47,942 [INFO] PluginManage:196 - Search for loadable plugins [exclusion list=, ]
2024-06-12 12:33:47,943 [INFO] PluginManage:310 - Check plugin analytics
2024-06-12 12:33:48,097 [INFO] AnalyticsPlugin:253 - Accepted Software Licenses: 
2024-06-12 12:33:48,097 [INFO] AnalyticsPlugin:255 - Accepted CMSIS Pack Licenses: 
2024-06-12 12:33:48,097 [INFO] AnalyticsPlugin:257 - Accepted Firmware Licenses: FW.F4.1.28.0
2024-06-12 12:33:48,098 [INFO] PluginManage:359 - Loaded plugin analytics (category:tool,tabindex:-1)
2024-06-12 12:33:48,099 [INFO] PluginManage:310 - Check plugin cadmodel
2024-06-12 12:33:48,114 [INFO] CADModel:105 - Init CAD model plugin
2024-06-12 12:33:48,114 [INFO] PluginManage:359 - Loaded plugin cadmodel (category:power,tabindex:5)
2024-06-12 12:33:48,114 [INFO] PluginManage:310 - Check plugin clock
2024-06-12 12:33:48,135 [INFO] PluginManage:359 - Loaded plugin clock (category:base,tabindex:2)
2024-06-12 12:33:48,136 [INFO] PluginManage:310 - Check plugin ddr
2024-06-12 12:33:48,138 [INFO] PluginManage:359 - Loaded plugin ddr (category:tool,tabindex:6)
2024-06-12 12:33:48,138 [INFO] PluginManage:310 - Check plugin filemanager
2024-06-12 12:33:48,282 [INFO] PluginManage:359 - Loaded plugin filemanager (category:base,tabindex:10)
2024-06-12 12:33:48,282 [INFO] PluginManage:310 - Check plugin ipmanager
2024-06-12 12:33:48,288 [INFO] PluginManage:359 - Loaded plugin ipmanager (category:base,tabindex:5)
2024-06-12 12:33:48,289 [INFO] PluginManage:310 - Check plugin lpbam
2024-06-12 12:33:48,307 [INFO] PluginManage:359 - Loaded plugin lpbam (category:base,tabindex:0)
2024-06-12 12:33:48,307 [INFO] PluginManage:310 - Check plugin memorymap
2024-06-12 12:33:48,333 [INFO] PluginManage:359 - Loaded plugin memorymap (category:base,tabindex:4)
2024-06-12 12:33:48,333 [INFO] PluginManage:310 - Check plugin pinoutandconfiguration
2024-06-12 12:33:48,350 [INFO] PluginManage:359 - Loaded plugin pinoutandconfiguration (category:base,tabindex:1)
2024-06-12 12:33:48,350 [INFO] PluginManage:310 - Check plugin pinoutconfig
2024-06-12 12:33:48,445 [WARN] SupportedApi:132 - Cannot load RTOS API schema: s4s-elt-must-match.1: The content of 'definitions' must match (annotation?, (simpleType | complexType)?, (unique | key | keyref)*)). A problem was found starting at: attribute.
2024-06-12 12:33:48,571 [INFO] PluginManage:359 - Loaded plugin pinoutconfig (category:base,tabindex:0)
2024-06-12 12:33:48,571 [INFO] PluginManage:310 - Check plugin power
2024-06-12 12:33:48,590 [INFO] PluginManage:359 - Loaded plugin power (category:power,tabindex:4)
2024-06-12 12:33:48,590 [INFO] PluginManage:310 - Check plugin projectmanager
2024-06-12 12:33:48,604 [INFO] PluginManage:359 - Loaded plugin projectmanager (category:projectmanager,tabindex:3)
2024-06-12 12:33:48,604 [INFO] PluginManage:310 - Check plugin thirdparty
2024-06-12 12:33:48,815 [INFO] McuFinderGlobals:63 - Set McuFinder mode to 2 (CubeIDE integrated)
2024-06-12 12:33:48,858 [WARN] IntegrityCheckThread:84 - waiting for thirdparty lock release [integrity check]
2024-06-12 12:33:48,858 [INFO] PluginManage:359 - Loaded plugin thirdparty (category:base,tabindex:-1)
2024-06-12 12:33:48,859 [INFO] PluginManage:310 - Check plugin tools
2024-06-12 12:33:48,859 [INFO] IntegrityCheckThread:86 - entering critical section [integrity check]
2024-06-12 12:33:48,859 [INFO] ThirdPartyUpdaterWithRetryManager:70 - Updater plugin not ready yet. [1/15]
2024-06-12 12:33:48,894 [INFO] PluginManage:359 - Loaded plugin tools (category:base,tabindex:7)
2024-06-12 12:33:48,894 [INFO] PluginManage:310 - Check plugin tutovideos
2024-06-12 12:33:49,085 [INFO] PluginManage:359 - Loaded plugin tutovideos (category:base,tabindex:-1)
2024-06-12 12:33:49,085 [INFO] PluginManage:310 - Check plugin updater
2024-06-12 12:33:49,095 [INFO] PluginManage:359 - Loaded plugin updater (category:base,tabindex:12)
2024-06-12 12:33:49,095 [INFO] PluginManage:310 - Check plugin userauth
2024-06-12 12:33:49,101 [INFO] UserAuth:114 - Init User Auth plugin
2024-06-12 12:33:49,101 [INFO] PluginManage:359 - Loaded plugin userauth (category:base,tabindex:14)
2024-06-12 12:33:49,102 [INFO] PluginManage:283 - PluginManage : Loaded plugins [17]
2024-06-12 12:33:49,305 [INFO] PinOutPanel:1561 - setPackage(No Configuration,No Configuration)
2024-06-12 12:33:49,370 [INFO] CADModel:165 - CPN selected for project level
2024-06-12 12:33:49,371 [INFO] CADModel:114 - Register for checkConnection events
2024-06-12 12:33:49,398 [INFO] IPUIPlugin:80 - create IPUIPlugin
2024-06-12 12:33:49,398 [INFO] PluginManager:220 - loadIPPluginJar : add adc
2024-06-12 12:33:49,436 [INFO] IPUIPlugin:80 - create IPUIPlugin
2024-06-12 12:33:49,436 [INFO] PluginManager:220 - loadIPPluginJar : add aes
2024-06-12 12:33:49,478 [INFO] IPUIPlugin:80 - create IPUIPlugin
2024-06-12 12:33:49,479 [INFO] PluginManager:220 - loadIPPluginJar : add can
2024-06-12 12:33:49,502 [INFO] IPUIPlugin:80 - create IPUIPlugin
2024-06-12 12:33:49,502 [INFO] PluginManager:220 - loadIPPluginJar : add comp
2024-06-12 12:33:49,537 [INFO] IPUIPlugin:80 - create IPUIPlugin
2024-06-12 12:33:49,538 [INFO] PluginManager:220 - loadIPPluginJar : add cryp
2024-06-12 12:33:49,569 [INFO] IPUIPlugin:80 - create IPUIPlugin
2024-06-12 12:33:49,569 [INFO] PluginManager:220 - loadIPPluginJar : add dfsdm
2024-06-12 12:33:49,583 [INFO] IPUIPlugin:80 - create IPUIPlugin
2024-06-12 12:33:49,584 [INFO] PluginManager:220 - loadIPPluginJar : add dma
2024-06-12 12:33:49,632 [INFO] IPUIPlugin:80 - create IPUIPlugin
2024-06-12 12:33:49,632 [INFO] PluginManager:220 - loadIPPluginJar : add dma3
2024-06-12 12:33:49,678 [INFO] IPUIPlugin:80 - create IPUIPlugin
2024-06-12 12:33:49,679 [INFO] PluginManager:220 - loadIPPluginJar : add extmemmanager
2024-06-12 12:33:49,699 [INFO] IPUIPlugin:80 - create IPUIPlugin
2024-06-12 12:33:49,699 [INFO] PluginManager:220 - loadIPPluginJar : add fatfs
2024-06-12 12:33:49,748 [INFO] IPUIPlugin:80 - create IPUIPlugin
2024-06-12 12:33:49,748 [INFO] PluginManager:220 - loadIPPluginJar : add fmc
2024-06-12 12:33:49,764 [INFO] IPUIPlugin:80 - create IPUIPlugin
2024-06-12 12:33:49,765 [INFO] PluginManager:220 - loadIPPluginJar : add freertos
2024-06-12 12:33:49,786 [INFO] IPUIPlugin:80 - create IPUIPlugin
2024-06-12 12:33:49,786 [INFO] PluginManager:220 - loadIPPluginJar : add genericplugin
2024-06-12 12:33:49,884 [INFO] IPUIPlugin:80 - create IPUIPlugin
2024-06-12 12:33:49,884 [INFO] PluginManager:220 - loadIPPluginJar : add gfxmmu
2024-06-12 12:33:50,024 [INFO] IPUIPlugin:80 - create IPUIPlugin
2024-06-12 12:33:50,024 [INFO] PluginManager:220 - loadIPPluginJar : add gic
2024-06-12 12:33:50,038 [INFO] IPUIPlugin:80 - create IPUIPlugin
2024-06-12 12:33:50,038 [INFO] PluginManager:220 - loadIPPluginJar : add gpio
2024-06-12 12:33:50,132 [INFO] IPUIPlugin:80 - create IPUIPlugin
2024-06-12 12:33:50,133 [INFO] PluginManager:220 - loadIPPluginJar : add gtzc
2024-06-12 12:33:50,166 [INFO] IPUIPlugin:80 - create IPUIPlugin
2024-06-12 12:33:50,166 [INFO] PluginManager:220 - loadIPPluginJar : add hash
2024-06-12 12:33:50,219 [INFO] IPUIPlugin:80 - create IPUIPlugin
2024-06-12 12:33:50,220 [INFO] PluginManager:220 - loadIPPluginJar : add i2c
2024-06-12 12:33:50,260 [INFO] IPUIPlugin:80 - create IPUIPlugin
2024-06-12 12:33:50,260 [INFO] PluginManager:220 - loadIPPluginJar : add i2s
2024-06-12 12:33:50,302 [INFO] IPUIPlugin:80 - create IPUIPlugin
2024-06-12 12:33:50,302 [INFO] PluginManager:220 - loadIPPluginJar : add i3c
2024-06-12 12:33:50,408 [INFO] IPUIPlugin:80 - create IPUIPlugin
2024-06-12 12:33:50,408 [INFO] PluginManager:220 - loadIPPluginJar : add ipddr
2024-06-12 12:33:50,502 [INFO] IPUIPlugin:80 - create IPUIPlugin
2024-06-12 12:33:50,503 [INFO] PluginManager:220 - loadIPPluginJar : add linkedlist
2024-06-12 12:33:50,539 [INFO] IPUIPlugin:80 - create IPUIPlugin
2024-06-12 12:33:50,540 [INFO] PluginManager:220 - loadIPPluginJar : add lorawan
2024-06-12 12:33:50,576 [INFO] IPUIPlugin:80 - create IPUIPlugin
2024-06-12 12:33:50,577 [INFO] PluginManager:220 - loadIPPluginJar : add ltdc
2024-06-12 12:33:50,591 [INFO] IPUIPlugin:80 - create IPUIPlugin
2024-06-12 12:33:50,592 [INFO] PluginManager:220 - loadIPPluginJar : add mdma
2024-06-12 12:33:50,603 [INFO] IPUIPlugin:80 - create IPUIPlugin
2024-06-12 12:33:50,604 [INFO] PluginManager:220 - loadIPPluginJar : add nvic
2024-06-12 12:33:50,640 [INFO] IPUIPlugin:80 - create IPUIPlugin
2024-06-12 12:33:50,641 [INFO] PluginManager:220 - loadIPPluginJar : add opamp
2024-06-12 12:33:50,704 [INFO] IPUIPlugin:80 - create IPUIPlugin
2024-06-12 12:33:50,704 [INFO] PluginManager:220 - loadIPPluginJar : add openamp
2024-06-12 12:33:50,751 [INFO] IPUIPlugin:80 - create IPUIPlugin
2024-06-12 12:33:50,751 [INFO] PluginManager:220 - loadIPPluginJar : add pdm2pcm
2024-06-12 12:33:50,766 [INFO] IPUIPlugin:80 - create IPUIPlugin
2024-06-12 12:33:50,768 [INFO] PluginManager:220 - loadIPPluginJar : add plateformsettings
2024-06-12 12:33:50,790 [INFO] IPUIPlugin:80 - create IPUIPlugin
2024-06-12 12:33:50,791 [INFO] PluginManager:220 - loadIPPluginJar : add quadspi
2024-06-12 12:33:50,803 [INFO] IPUIPlugin:80 - create IPUIPlugin
2024-06-12 12:33:50,803 [INFO] PluginManager:220 - loadIPPluginJar : add resmgrutility
2024-06-12 12:33:50,855 [INFO] IPUIPlugin:80 - create IPUIPlugin
2024-06-12 12:33:50,855 [INFO] PluginManager:220 - loadIPPluginJar : add sai
2024-06-12 12:33:50,892 [INFO] IPUIPlugin:80 - create IPUIPlugin
2024-06-12 12:33:50,892 [INFO] PluginManager:220 - loadIPPluginJar : add spi
2024-06-12 12:33:50,963 [INFO] IPUIPlugin:80 - create IPUIPlugin
2024-06-12 12:33:50,964 [INFO] PluginManager:220 - loadIPPluginJar : add stm32_wpan
2024-06-12 12:33:50,990 [INFO] IPUIPlugin:80 - create IPUIPlugin
2024-06-12 12:33:50,990 [INFO] PluginManager:220 - loadIPPluginJar : add tim
2024-06-12 12:33:51,051 [INFO] IPUIPlugin:80 - create IPUIPlugin
2024-06-12 12:33:51,051 [INFO] PluginManager:220 - loadIPPluginJar : add touchsensing
2024-06-12 12:33:51,076 [INFO] IPUIPlugin:80 - create IPUIPlugin
2024-06-12 12:33:51,076 [INFO] PluginManager:220 - loadIPPluginJar : add tracer_emb
2024-06-12 12:33:51,099 [INFO] IPUIPlugin:80 - create IPUIPlugin
2024-06-12 12:33:51,099 [INFO] PluginManager:220 - loadIPPluginJar : add ts
2024-06-12 12:33:51,121 [INFO] IPUIPlugin:80 - create IPUIPlugin
2024-06-12 12:33:51,122 [INFO] PluginManager:220 - loadIPPluginJar : add tsc
2024-06-12 12:33:51,145 [INFO] IPUIPlugin:80 - create IPUIPlugin
2024-06-12 12:33:51,145 [INFO] PluginManager:220 - loadIPPluginJar : add ucpd
2024-06-12 12:33:51,190 [INFO] IPUIPlugin:80 - create IPUIPlugin
2024-06-12 12:33:51,190 [INFO] PluginManager:220 - loadIPPluginJar : add usart
2024-06-12 12:33:51,234 [INFO] IPUIPlugin:80 - create IPUIPlugin
2024-06-12 12:33:51,234 [INFO] PluginManager:220 - loadIPPluginJar : add usbx
2024-06-12 12:33:51,355 [INFO] CADModel:165 - CPN selected for project level
2024-06-12 12:33:51,355 [INFO] CADModel:114 - Register for checkConnection events
2024-06-12 12:33:51,355 [FATAL] Updater:308 - Updater called before beeing initialized
2024-06-12 12:33:51,355 [ERROR] CADModel:125 - Updater not yet initialized, retry later 
2024-06-12 12:33:51,477 [INFO] CADModel:165 - CPN selected for project level
2024-06-12 12:33:51,477 [INFO] CADModel:114 - Register for checkConnection events
2024-06-12 12:33:51,478 [FATAL] Updater:308 - Updater called before beeing initialized
2024-06-12 12:33:51,478 [ERROR] CADModel:125 - Updater not yet initialized, retry later 
2024-06-12 12:33:51,481 [FATAL] Updater:308 - Updater called before beeing initialized
2024-06-12 12:33:51,557 [FATAL] Updater:308 - Updater called before beeing initialized
2024-06-12 12:33:51,568 [INFO] DbMcusAds:53 - JSON generation date=Thu May 16 11:22:00 CEST 2024 (1715851320667)
2024-06-12 12:33:51,568 [FATAL] Updater:308 - Updater called before beeing initialized
2024-06-12 12:33:51,647 [WARN] DetailPanel:346 - Failed to get advertising image, set to default
2024-06-12 12:33:51,732 [FATAL] Updater:308 - Updater called before beeing initialized
2024-06-12 12:33:51,735 [FATAL] Updater:308 - Updater called before beeing initialized
2024-06-12 12:33:51,735 [FATAL] Updater:308 - Updater called before beeing initialized
2024-06-12 12:33:51,735 [WARN] DetailPanel:346 - Failed to get advertising image, set to default
2024-06-12 12:33:51,736 [FATAL] Updater:308 - Updater called before beeing initialized
2024-06-12 12:33:51,785 [ERROR] Updater:1120 - MainUpdater not yet initialized. External WinMGr cannot be set.
2024-06-12 12:33:51,794 [INFO] Updater:1056 - Updater Version found : 6.11.1
2024-06-12 12:33:51,815 [INFO] ApplicationProperties:184 - Using Application install path: D:\Programs\STM32CubeIDE_1.15.1\STM32CubeIDE\plugins\com.st.stm32cube.common.mx_6.11.1.202404110753
2024-06-12 12:33:51,860 [INFO] ThirdPartyUpdaterWithRetryManager:70 - Updater plugin not ready yet. [2/15]
2024-06-12 12:33:53,391 [ERROR] LogOutputStream:75 - [STDERR_REDIRECT] Jun 12, 2024 12:33:53 PM java.util.prefs.WindowsPreferences <init>
2024-06-12 12:33:53,393 [ERROR] LogOutputStream:75 - [STDERR_REDIRECT] WARNING: Could not open/create prefs root node Software\JavaSoft\Prefs at root 0xffffffff80000002. Windows RegCreateKeyEx(...) returned error code 5.
2024-06-12 12:33:53,393 [ERROR] LogOutputStream:75 - [STDERR_REDIRECT] 
2024-06-12 12:33:53,681 [INFO] MainUpdater:2873 - connection check result : 10
2024-06-12 12:33:53,682 [INFO] MainUpdater:290 - Updater Check For Update Now.
2024-06-12 12:33:53,682 [INFO] MicroXplorer:498 - Change Database Version : DB.6.0.111
2024-06-12 12:33:53,695 [INFO] McuFinderGlobals:63 - Set McuFinder mode to 2 (CubeIDE integrated)
2024-06-12 12:33:53,707 [INFO] UserAuth:415 - Internet connection configuration mode: 1
2024-06-12 12:33:53,734 [INFO] JxBrowserEngine:152 - Initiate JxBrowser Engine with user profile folder
2024-06-12 12:33:53,881 [INFO] CheckServerUpdateThread:120 - End of CheckServer Thread
2024-06-12 12:33:53,916 [INFO] MainUpdater:2873 - connection check result : 10
2024-06-12 12:33:54,777 [INFO] ApiDb:581 - Connected to CubeFinder SQLite database (C:\Users\oemerkara\.stmcufinder\plugins\mcufinder\mcu\cube-finder-db.db)
2024-06-12 12:33:54,856 [INFO] ApiDb:668 - CubeFinder database Data Model version=2.1
2024-06-12 12:33:54,856 [INFO] ApiDb:669 - CubeFinder database Configuration version=3.0.39
2024-06-12 12:33:54,857 [INFO] ApiDb:670 - CubeFinder database generation date=2024-05-16 (1715872938)
2024-06-12 12:33:54,857 [INFO] ApiDb:671 - CubeFinder database FW Pack versions=[FP-ATR-ASTRA1_V2.0.0, FP-SNS-FLIGHT1_V5.0.1, FP-SNS-FLIGHT1_V5.0.2, FP-SNS-MOTENV1_V4.3.1, FP-SNS-MOTENV1_V4.3.2, FP-SNS-MOTENV1_V5.0.0, FP-SNS-MOTENVWB1_V1.4.0, FP-SNS-SMARTAG2_V1.2.0, STM32Cube_FW_C0_V1.1.0, STM32Cube_FW_F4_V1.28.0, STM32Cube_FW_F7_V1.17.0, STM32Cube_FW_G0_V1.6.2, STM32Cube_FW_G4_V1.5.2, STM32Cube_FW_H5_V0.5.1, STM32Cube_FW_H5_V1.1.1, STM32Cube_FW_H5_V1.2.0, STM32Cube_FW_H5_V1.2.0RC4, STM32Cube_FW_H7RS_V1.0.0, STM32Cube_FW_H7RS_V1.0.0RC4, STM32Cube_FW_H7_V1.11.0, STM32Cube_FW_L0_V1.12.2, STM32Cube_FW_L5_V1.5.1, STM32Cube_FW_U0_V1.0.0, STM32Cube_FW_U0_V1.0.0RC1, STM32Cube_FW_U5_V1.3.0RC4, STM32Cube_FW_U5_V1.5.0, STM32Cube_FW_U5_V1.5.0RC1, STM32Cube_FW_WBA_V1.0.0RC1, STM32Cube_FW_WBA_V1.2.0, STM32Cube_FW_WBA_V1.2.0RC2, STM32Cube_FW_WBA_V1.3.0, STM32Cube_FW_WBA_V1.3.0RC1, STM32Cube_FW_WB_V1.15.0RC1, STM32Cube_FW_WB_V1.16.0, STM32Cube_FW_WB_V1.16.0RC2, STM32Cube_FW_WB_V1.18.0, STM32Cube_FW_WB_V1.19.0, STM32Cube_FW_WL_V1.3.0, X-CUBE-ALGOBUILD_V1.4.0, X-CUBE-ALS_V1.0.1, X-CUBE-AZRTOS-F4_V1.1.0, X-CUBE-AZRTOS-F7_V1.1.0, X-CUBE-AZRTOS-G0_V1.1.0, X-CUBE-AZRTOS-G4_V2.0.0, X-CUBE-AZRTOS-H7_V3.2.0, X-CUBE-AZRTOS-L4_V1.0.0, X-CUBE-AZRTOS-L4_V2.0.0, X-CUBE-AZRTOS-L5_V1.1.0, X-CUBE-AZRTOS-WB_V2.0.0, X-CUBE-AZRTOS-WL_V2.0.0, X-CUBE-BLE1_V7.0.0, X-CUBE-BLE2_V3.3.0, X-CUBE-BLEMGR_V3.1.0, X-CUBE-EEPRMA1_V4.1.0, X-CUBE-EEPRMA1_V5.1.0, X-CUBE-FREERTOS_V1.1.0, X-CUBE-GNSS1_V6.0.0, X-CUBE-MEMS1_V10.0.0, X-CUBE-MEMS1_V9.1.0, X-CUBE-MEMS1_V9.4.0, X-CUBE-MEMS1_V9.6.0, X-CUBE-NFC4_V3.0.0, X-CUBE-NFC7_V1.0.1, X-CUBE-SFXS2LP1_V4.0.0, X-CUBE-SUBG2_V5.0.0, X-CUBE-TOF1_V3.4.0]
2024-06-12 12:33:54,986 [INFO] DbBoardsSqlite:226 - include board P-NUCLEO-WB55-NUCLEO as a kit item of type 'Nucleo-64'
2024-06-12 12:33:54,987 [INFO] DbBoardsSqlite:226 - include board P-NUCLEO-WB55-USBDONGLE as a kit item of type 'Nucleo USB Dongle'
2024-06-12 12:33:54,988 [INFO] DbBoardsSqlite:226 - include board STEVAL-IDP005V1 as a kit item of type 'Evaluation Board'
2024-06-12 12:33:54,988 [INFO] DbBoardsSqlite:226 - include board STEVAL-IDP005V2 as a kit item of type 'Evaluation Board'
2024-06-12 12:33:55,007 [WARN] PackLoader:240 - Cannot read IP mode file for STMicroelectronics.FP-SNS-MOTENVWB1.1.4.0
2024-06-12 12:33:55,025 [WARN] PackLoader:240 - Cannot read IP mode file for STMicroelectronics.X-CUBE-SMBUS.2.1.0
2024-06-12 12:33:55,038 [WARN] PackLoader:240 - Cannot read IP mode file for STMicroelectronics.X-CUBE-TOUCHGFX.4.23.2
2024-06-12 12:33:55,076 [WARN] PackLoader:240 - Cannot read IP mode file for STMicroelectronics.X-CUBE-AZRTOS-F7.1.1.0
2024-06-12 12:33:55,093 [WARN] PackLoader:240 - Cannot read IP mode file for STMicroelectronics.FP-SNS-FLIGHT1.5.0.2
2024-06-12 12:33:55,110 [WARN] PackLoader:240 - Cannot read IP mode file for STMicroelectronics.X-CUBE-DISPLAY.3.0.0
2024-06-12 12:33:55,130 [WARN] PackLoader:240 - Cannot read IP mode file for STMicroelectronics.X-CUBE-BLE1.7.0.0
2024-06-12 12:33:55,144 [WARN] PackLoader:240 - Cannot read IP mode file for emotas.I-CUBE-CANOPEN.1.3.0
2024-06-12 12:33:55,161 [WARN] PackLoader:240 - Cannot read IP mode file for STMicroelectronics.X-CUBE-BLEMGR.3.1.0
2024-06-12 12:33:55,175 [WARN] PackLoader:240 - Cannot read IP mode file for STMicroelectronics.FP-SNS-SMARTAG2.1.2.0
2024-06-12 12:33:55,195 [INFO] LogOutputStream:77 - [STDOUT_REDIRECT] 1 : Invalid condition id : UX_CORESTACK_Condition cause : null
2024-06-12 12:33:55,196 [INFO] LogOutputStream:77 - [STDOUT_REDIRECT] 1 : Invalid condition id : UX_CORESTACK_Condition cause : null
2024-06-12 12:33:55,197 [INFO] LogOutputStream:77 - [STDOUT_REDIRECT] 1 : Invalid condition id : UX_CORESTACK_Condition cause : null
2024-06-12 12:33:55,197 [INFO] LogOutputStream:77 - [STDOUT_REDIRECT] 1 : Invalid condition id : UX_CORESTACK_Condition cause : null
2024-06-12 12:33:55,198 [INFO] LogOutputStream:77 - [STDOUT_REDIRECT] 1 : Invalid condition id : UX_CORESTACK_Condition cause : null
2024-06-12 12:33:55,201 [WARN] PackLoader:240 - Cannot read IP mode file for STMicroelectronics.X-CUBE-AZRTOS-WL.2.0.0
2024-06-12 12:33:55,213 [WARN] PackLoader:240 - Cannot read IP mode file for STMicroelectronics.FP-SNS-MOTENV1.5.0.0
2024-06-12 12:33:55,225 [WARN] PackLoader:240 - Cannot read IP mode file for wolfSSL.I-CUBE-wolfMQTT.1.19.0
2024-06-12 12:33:55,239 [WARN] PackLoader:240 - Cannot read IP mode file for WES.I-CUBE-Cesium.1.3.0
2024-06-12 12:33:55,250 [WARN] PackLoader:240 - Cannot read IP mode file for STMicroelectronics.X-CUBE-BLE2.3.3.0
2024-06-12 12:33:55,263 [WARN] PackLoader:240 - Cannot read IP mode file for STMicroelectronics.X-CUBE-TCPP.4.1.0
2024-06-12 12:33:55,289 [WARN] PackLoader:240 - Cannot read IP mode file for STMicroelectronics.X-CUBE-AZRTOS-G0.1.1.0
2024-06-12 12:33:55,300 [INFO] ApiDb:240 - Found 483 in-development CPN: [B-G473E-ZEST1S, B-WB1M-WPAN1, B-WL5M-SUBG1, NUCLEO-C031C6, NUCLEO-H503RB, NUCLEO-H533RE, NUCLEO-H563ZI, NUCLEO-H7S3L8, NUCLEO-U031R8, NUCLEO-U083RC, NUCLEO-U545RE-Q, NUCLEO-U5A5ZJ-Q, NUCLEO-WBA52CG, NUCLEO-WBA55CG, STEVAL-PROTEUS1, STEVAL-SMARTAG2, STEVAL-STWINBX1, STM320518-EVAL, STM32C0116-DK, STM32C011D6Y3TR, STM32C011D6Y6TR, STM32C011F4P3, STM32C011F4P6, STM32C011F4U3, STM32C011F4U6TR, STM32C011F6P3, STM32C011F6P6, STM32C011F6U3, STM32C011F6U6TR, STM32C011J4M3, STM32C011J4M6, STM32C011J6M3, STM32C011J6M6, STM32C0316-DK, STM32C031C4T3, STM32C031C4T6, STM32C031C4U3, STM32C031C4U6, STM32C031C6T3, STM32C031C6T6, STM32C031C6U3, STM32C031C6U6, STM32C031F4P3, STM32C031F4P6, STM32C031F6P3, STM32C031F6P6, STM32C031G4U3, STM32C031G4U6, STM32C031G6U3, STM32C031G6U6, STM32C031K4T3, STM32C031K4T6, STM32C031K4U3, STM32C031K4U6, STM32C031K6T3, STM32C031K6T6, STM32C031K6U3, STM32C031K6U6, STM32G071K8TXN, STM32G071K8UXN, STM32G081GBU6N, STM32G081KBT6N, STM32G081KBUXN, STM32G0B1CCT6N, STM32G0B1KCT6, STM32G0B1NEY6TR, STM32G0B1RCT6N, STM32G0C1CCT6, STM32G0C1CCT6N, STM32G0C1CCU6N, STM32G0C1CET6N, STM32G0C1CEU6N, STM32G0C1KCT6, STM32G0C1NEY6TR, STM32G0C1RCI6N, STM32G0C1RCT6N, STM32G0C1REI6N, STM32G0C1RET6N, STM32G0C1VCI6, STM32G0C1VEI6, STM32G471CCT6, STM32G471CCU6, STM32G471CET3, STM32G471CET6, STM32G471CEU3, STM32G471CEU6, STM32G471MCT6, STM32G471MET3, STM32G471MET6, STM32G471MEY6TR, STM32G471QCT6, STM32G471QET3, STM32G471RCT6, STM32G471RET3, STM32G471RET6, STM32G471VCH6, STM32G471VCI6, STM32G471VCT6, STM32G471VEH3, STM32G471VEH6, STM32G471VEI3, STM32G471VEI6, STM32G471VET3, STM32G471VET6, STM32G474CCT6, STM32H503CBT6, STM32H503CBU6, STM32H503EBY6TR, STM32H503KBU6, STM32H503RBT6, STM32H523CCT6, STM32H523CCU6, STM32H523CET6, STM32H523CEU6, STM32H523HEY6TR, STM32H523RCT6, STM32H523RET6, STM32H523VCI6, STM32H523VCT6, STM32H523VEI6, STM32H523VET6, STM32H523ZCJ6, STM32H523ZCT6, STM32H523ZEJ6, STM32H523ZET6, STM32H533CET6, STM32H533CEU6, STM32H533HEY6TR, STM32H533RET6, STM32H533VEI6, STM32H533VET6, STM32H533ZEJ6, STM32H533ZET6, STM32H562AGI6, STM32H562AII6, STM32H562IGK6, STM32H562IGT6, STM32H562IIK6, STM32H562IIT6, STM32H562RGT6, STM32H562RGV6, STM32H562RIT6, STM32H562RIV6, STM32H562VGT6, STM32H562VIT6, STM32H562ZGT6, STM32H562ZIT6, STM32H563AGI6, STM32H563AII3Q, STM32H563AII6, STM32H563IGK6, STM32H563IGT6, STM32H563IIK3Q, STM32H563IIK6, STM32H563IIT3Q, STM32H563IIT6, STM32H563MIY3QTR, STM32H563RGT6, STM32H563RGV6, STM32H563RIT6, STM32H563RIV6, STM32H563VGT6, STM32H563VIT3Q, STM32H563VIT6, STM32H563ZGT6, STM32H563ZIT3Q, STM32H563ZIT6, STM32H573AII3Q, STM32H573AII6, STM32H573I-DK, STM32H573IIK3Q, STM32H573IIK6, STM32H573IIT3Q, STM32H573IIT6, STM32H573MIY3QTR, STM32H573RIT6, STM32H573RIV6, STM32H573VIT3Q, STM32H573VIT6, STM32H573ZIT3Q, STM32H573ZIT6, STM32H7R3A8I6, STM32H7R3I8K6, STM32H7R3I8T6, STM32H7R3L8H6, STM32H7R3L8H6H, STM32H7R3R8V6, STM32H7R3V8H6, STM32H7R3V8T6, STM32H7R3V8Y6, STM32H7R3Z8J6, STM32H7R3Z8T6, STM32H7R7A8I6, STM32H7R7I8K6, STM32H7R7I8T6, STM32H7R7L8H6, STM32H7R7L8H6H, STM32H7R7Z8J6, STM32H7S3A8I6, STM32H7S3I8K6, STM32H7S3I8T6, STM32H7S3L8H6, STM32H7S3L8H6H, STM32H7S3R8V6, STM32H7S3V8H6, STM32H7S3V8T6, STM32H7S3V8Y6, STM32H7S3Z8J6, STM32H7S3Z8T6, STM32H7S78-DK, STM32H7S7A8I6, STM32H7S7I8K6, STM32H7S7I8T6, STM32H7S7L8H6, STM32H7S7L8H6H, STM32H7S7Z8J6, STM32L4R5QGI6STR, STM32MP131AAE3, STM32MP131AAF3, STM32MP131AAG3, STM32MP131CAE3, STM32MP131CAF3, STM32MP131CAG3, STM32MP131DAE7, STM32MP131DAF7, STM32MP131DAG7, STM32MP131FAE7, STM32MP131FAF7, STM32MP131FAG7, STM32MP133AAE3, STM32MP133AAF3, STM32MP133AAG3, STM32MP133CAE3, STM32MP133CAF3, STM32MP133CAG3, STM32MP133DAE7, STM32MP133DAF7, STM32MP133DAG7, STM32MP133FAE7, STM32MP133FAF7, STM32MP133FAG7, STM32MP135AAE3, STM32MP135AAF3, STM32MP135AAG3, STM32MP135CAE3, STM32MP135CAF3, STM32MP135CAG3, STM32MP135DAE7, STM32MP135DAF7, STM32MP135DAG7, STM32MP135F-DK, STM32MP135FAE7, STM32MP135FAF7, STM32MP135FAF7T, STM32MP135FAF7U, STM32MP135FAG7, STM32U031C6T6, STM32U031C6U6, STM32U031C8T6, STM32U031C8U6, STM32U031F4P6, STM32U031F6P6, STM32U031F8P6, STM32U031G6Y6TR, STM32U031G8Y6TR, STM32U031K4U6, STM32U031K6U6, STM32U031K8U6, STM32U031R6I6, STM32U031R6T6, STM32U031R8I6, STM32U031R8T6, STM32U073C8T6, STM32U073C8U6, STM32U073CBT6, STM32U073CBU6, STM32U073CCT6, STM32U073CCU6, STM32U073H8Y6TR, STM32U073HBY6TR, STM32U073HCY6TR, STM32U073K8U6, STM32U073KBU6, STM32U073KCU6, STM32U073M8I6, STM32U073M8T6, STM32U073MBI6, STM32U073MBT6, STM32U073MCI6, STM32U073MCT6, STM32U073R8I6, STM32U073R8T6, STM32U073RBI6, STM32U073RBT6, STM32U073RCI6, STM32U073RCT6, STM32U083C-DK, STM32U083CCT6, STM32U083CCU6, STM32U083HCY6TR, STM32U083KCU6, STM32U083MCI6, STM32U083MCT6, STM32U083RCI6, STM32U083RCT6, STM32U535CBT6, STM32U535CBT6Q, STM32U535CBU6, STM32U535CBU6Q, STM32U535CCT6, STM32U535CCT6Q, STM32U535CCU6, STM32U535CCU6Q, STM32U535CET6, STM32U535CET6Q, STM32U535CEU6, STM32U535CEU6Q, STM32U535JEY6QTR, STM32U535NCY6QTR, STM32U535NEY6QTR, STM32U535RBI6, STM32U535RBI6Q, STM32U535RBT6, STM32U535RBT6Q, STM32U535RCI6, STM32U535RCI6Q, STM32U535RCT6, STM32U535RCT6Q, STM32U535REI6, STM32U535REI6Q, STM32U535RET6, STM32U535RET6Q, STM32U535VCI6, STM32U535VCI6Q, STM32U535VCT6, STM32U535VCT6Q, STM32U535VEI6, STM32U535VEI6Q, STM32U535VET6, STM32U535VET6Q, STM32U545CET6, STM32U545CET6Q, STM32U545CEU6, STM32U545CEU6Q, STM32U545JEY6QTR, STM32U545NEY6QTR, STM32U545REI6, STM32U545REI6Q, STM32U545RET6, STM32U545RET6Q, STM32U545VEI6, STM32U545VEI6Q, STM32U545VET6, STM32U545VET6Q, STM32U595AIH6, STM32U595AIH6Q, STM32U595AJH6, STM32U595AJH6Q, STM32U595QII6, STM32U595QII6Q, STM32U595QJI6, STM32U595QJI6Q, STM32U595RIT6, STM32U595RIT6Q, STM32U595RJT6, STM32U595RJT6Q, STM32U595VIT6, STM32U595VIT6Q, STM32U595VJT6, STM32U595VJT6Q, STM32U595ZIT6, STM32U595ZIT6Q, STM32U595ZIY6QTR, STM32U595ZJT6, STM32U595ZJT6Q, STM32U595ZJY6QTR, STM32U599BJY6QTR, STM32U599NIH6Q, STM32U599NJH6Q, STM32U599VIT6Q, STM32U599VJT6, STM32U599VJT6Q, STM32U599ZIT6Q, STM32U599ZIY6QTR, STM32U599ZJT6Q, STM32U599ZJY6QTR, STM32U5A5AJH6, STM32U5A5AJH6Q, STM32U5A5QII3Q , STM32U5A5QJI6, STM32U5A5QJI6Q, STM32U5A5RJT6, STM32U5A5RJT6Q, STM32U5A5VJT6, STM32U5A5VJT6Q, STM32U5A5ZJT6, STM32U5A5ZJT6Q, STM32U5A5ZJY6QTR, STM32U5A9BJY6QTR, STM32U5A9J-DK, STM32U5A9NJH6Q, STM32U5A9VJT6Q, STM32U5A9ZJT6Q, STM32U5A9ZJY6QTR, STM32U5F7VIT6, STM32U5F7VIT6Q, STM32U5F7VJT6, STM32U5F7VJT6Q, STM32U5F9BJY6QTR, STM32U5F9NJH6Q, STM32U5F9VIT6Q, STM32U5F9VJT6Q, STM32U5F9ZIJ6QTR, STM32U5F9ZIT6Q, STM32U5F9ZJJ6QTR, STM32U5F9ZJT6Q, STM32U5G7VJT6, STM32U5G7VJT6Q, STM32U5G9BJY6QTR, STM32U5G9J-DK1, STM32U5G9J-DK2, STM32U5G9NJH6Q, STM32U5G9VJT6Q, STM32U5G9ZJJ6QTR, STM32U5G9ZJT6Q, STM32WB1MMCH6, STM32WBA50KEU6, STM32WBA50KEU6TR, STM32WBA50KGU6, STM32WBA50KGU6TR, STM32WBA52CEU6, STM32WBA52CEU6TR, STM32WBA52CEU7, STM32WBA52CEU7TR, STM32WBA52CGU6, STM32WBA52CGU6TR, STM32WBA52CGU6U, STM32WBA52CGU7, STM32WBA52CGU7TR, STM32WBA52KEU6, STM32WBA52KEU6TR, STM32WBA52KGU6, STM32WBA52KGU6TR, STM32WBA54CEU6, STM32WBA54CEU6TR, STM32WBA54CEU7, STM32WBA54CEU7TR, STM32WBA54CGU6, STM32WBA54CGU6TR, STM32WBA54CGU7, STM32WBA54CGU7TR, STM32WBA54KEU6, STM32WBA54KEU6TR, STM32WBA54KEU7, STM32WBA54KEU7TR, STM32WBA54KGU6, STM32WBA54KGU6TR, STM32WBA54KGU7, STM32WBA54KGU7TR, STM32WBA55CEU6, STM32WBA55CEU6TR, STM32WBA55CEU7, STM32WBA55CEU7TR, STM32WBA55CGU6, STM32WBA55CGU6TR, STM32WBA55CGU6U, STM32WBA55CGU7, STM32WBA55CGU7TR, STM32WBA55G-DK1, STM32WBA55HEF6, STM32WBA55HEF7, STM32WBA55HGF6, STM32WBA55HGF7, STM32WBA55UEI6, STM32WBA55UEI6TR, STM32WBA55UEI7, STM32WBA55UEI7TR, STM32WBA55UGI6, STM32WBA55UGI6TR, STM32WBA55UGI7, STM32WBA55UGI7TR, STM32WL5MOCH6, STM32WL5MOCH6TR]
2024-06-12 12:33:55,304 [WARN] PackLoader:240 - Cannot read IP mode file for STMicroelectronics.X-CUBE-SAFEA1.1.2.2
2024-06-12 12:33:55,316 [WARN] PackLoader:240 - Cannot read IP mode file for STMicroelectronics.X-CUBE-NFC4.3.0.0
2024-06-12 12:33:55,334 [WARN] PackLoader:240 - Cannot read IP mode file for wolfSSL.I-CUBE-wolfSSL.5.7.0
2024-06-12 12:33:55,345 [WARN] PackLoader:240 - Cannot read IP mode file for STMicroelectronics.FP-ATR-SIGFOX1.3.2.0
2024-06-12 12:33:55,358 [WARN] PackLoader:240 - Cannot read IP mode file for STMicroelectronics.X-CUBE-EEPRMA1.5.1.0
2024-06-12 12:33:55,375 [WARN] PackLoader:240 - Cannot read IP mode file for ITTIA_DB.I-CUBE-ITTIADB.8.9.0
2024-06-12 12:33:55,414 [WARN] PackLoader:240 - Cannot read IP mode file for SEGGER.I-CUBE-embOS.1.3.1
2024-06-12 12:33:55,425 [INFO] BoardInfo:889 - No configuration file found for board P-NUCLEO-WB55
2024-06-12 12:33:55,425 [INFO] DbBoards:161 - Kit is not supported: P-NUCLEO-WB55
2024-06-12 12:33:55,430 [INFO] BoardInfo:889 - No configuration file found for board STEVAL-BFA001V1B
2024-06-12 12:33:55,430 [INFO] DbBoards:161 - Kit is not supported: STEVAL-BFA001V1B
2024-06-12 12:33:55,431 [INFO] BoardInfo:889 - No configuration file found for board STEVAL-BFA001V2B
2024-06-12 12:33:55,431 [INFO] DbBoards:161 - Kit is not supported: STEVAL-BFA001V2B
2024-06-12 12:33:55,466 [WARN] PackLoader:240 - Cannot read IP mode file for STMicroelectronics.X-CUBE-ALGOBUILD.1.4.0
2024-06-12 12:33:55,482 [WARN] PackLoader:240 - Cannot read IP mode file for STMicroelectronics.X-CUBE-GNSS1.6.0.0
2024-06-12 12:33:55,515 [WARN] PackLoader:240 - Cannot read IP mode file for STMicroelectronics.X-CUBE-AZRTOS-F4.1.1.0
2024-06-12 12:33:55,530 [WARN] PackLoader:240 - Cannot read IP mode file for STMicroelectronics.X-CUBE-FREERTOS.1.2.0
2024-06-12 12:33:55,550 [INFO] DbBoards:168 - Found 199 boards, 196 are supported
2024-06-12 12:33:55,550 [INFO] DbBoards:169 - Found 199 boards, 8 of them is supported for  Bsp
2024-06-12 12:33:55,554 [INFO] ApiDb:668 - CubeFinder database Data Model version=2.1
2024-06-12 12:33:55,554 [INFO] ApiDb:669 - CubeFinder database Configuration version=3.0.39
2024-06-12 12:33:55,554 [INFO] ApiDb:670 - CubeFinder database generation date=2024-05-16 (1715872938)
2024-06-12 12:33:55,554 [INFO] ApiDb:671 - CubeFinder database FW Pack versions=[FP-ATR-ASTRA1_V2.0.0, FP-SNS-FLIGHT1_V5.0.1, FP-SNS-FLIGHT1_V5.0.2, FP-SNS-MOTENV1_V4.3.1, FP-SNS-MOTENV1_V4.3.2, FP-SNS-MOTENV1_V5.0.0, FP-SNS-MOTENVWB1_V1.4.0, FP-SNS-SMARTAG2_V1.2.0, STM32Cube_FW_C0_V1.1.0, STM32Cube_FW_F4_V1.28.0, STM32Cube_FW_F7_V1.17.0, STM32Cube_FW_G0_V1.6.2, STM32Cube_FW_G4_V1.5.2, STM32Cube_FW_H5_V0.5.1, STM32Cube_FW_H5_V1.1.1, STM32Cube_FW_H5_V1.2.0, STM32Cube_FW_H5_V1.2.0RC4, STM32Cube_FW_H7RS_V1.0.0, STM32Cube_FW_H7RS_V1.0.0RC4, STM32Cube_FW_H7_V1.11.0, STM32Cube_FW_L0_V1.12.2, STM32Cube_FW_L5_V1.5.1, STM32Cube_FW_U0_V1.0.0, STM32Cube_FW_U0_V1.0.0RC1, STM32Cube_FW_U5_V1.3.0RC4, STM32Cube_FW_U5_V1.5.0, STM32Cube_FW_U5_V1.5.0RC1, STM32Cube_FW_WBA_V1.0.0RC1, STM32Cube_FW_WBA_V1.2.0, STM32Cube_FW_WBA_V1.2.0RC2, STM32Cube_FW_WBA_V1.3.0, STM32Cube_FW_WBA_V1.3.0RC1, STM32Cube_FW_WB_V1.15.0RC1, STM32Cube_FW_WB_V1.16.0, STM32Cube_FW_WB_V1.16.0RC2, STM32Cube_FW_WB_V1.18.0, STM32Cube_FW_WB_V1.19.0, STM32Cube_FW_WL_V1.3.0, X-CUBE-ALGOBUILD_V1.4.0, X-CUBE-ALS_V1.0.1, X-CUBE-AZRTOS-F4_V1.1.0, X-CUBE-AZRTOS-F7_V1.1.0, X-CUBE-AZRTOS-G0_V1.1.0, X-CUBE-AZRTOS-G4_V2.0.0, X-CUBE-AZRTOS-H7_V3.2.0, X-CUBE-AZRTOS-L4_V1.0.0, X-CUBE-AZRTOS-L4_V2.0.0, X-CUBE-AZRTOS-L5_V1.1.0, X-CUBE-AZRTOS-WB_V2.0.0, X-CUBE-AZRTOS-WL_V2.0.0, X-CUBE-BLE1_V7.0.0, X-CUBE-BLE2_V3.3.0, X-CUBE-BLEMGR_V3.1.0, X-CUBE-EEPRMA1_V4.1.0, X-CUBE-EEPRMA1_V5.1.0, X-CUBE-FREERTOS_V1.1.0, X-CUBE-GNSS1_V6.0.0, X-CUBE-MEMS1_V10.0.0, X-CUBE-MEMS1_V9.1.0, X-CUBE-MEMS1_V9.4.0, X-CUBE-MEMS1_V9.6.0, X-CUBE-NFC4_V3.0.0, X-CUBE-NFC7_V1.0.1, X-CUBE-SFXS2LP1_V4.0.0, X-CUBE-SUBG2_V5.0.0, X-CUBE-TOF1_V3.4.0]
2024-06-12 12:33:55,558 [WARN] PackLoader:240 - Cannot read IP mode file for STMicroelectronics.X-CUBE-AZRTOS-L5.2.0.0
2024-06-12 12:33:55,575 [WARN] PackLoader:240 - Cannot read IP mode file for STMicroelectronics.X-CUBE-NFC6.3.1.0
2024-06-12 12:33:55,592 [WARN] PackLoader:240 - Cannot read IP mode file for STMicroelectronics.X-CUBE-AI.9.0.0
2024-06-12 12:33:55,605 [WARN] PackLoader:240 - Cannot read IP mode file for STMicroelectronics.X-CUBE-NFC7.1.0.1
2024-06-12 12:33:55,638 [WARN] ConditionMgr:438 - getConditionDescription Invalid condition id : LAN8742 Phy interface Condition cause : null
2024-06-12 12:33:55,639 [WARN] PackLoader:240 - Cannot read IP mode file for STMicroelectronics.X-CUBE-AZRTOS-L4.2.0.0
2024-06-12 12:33:55,640 [WARN] ConditionMgr:1039 - genDependencies : Invalid condition id : LAN8742 Phy interface Condition cause : null
2024-06-12 12:33:55,641 [WARN] ConditionMgr:1039 - genDependencies : Invalid condition id : LAN8742 Phy interface Condition cause : null
2024-06-12 12:33:55,642 [WARN] ConditionMgr:1039 - genDependencies : Invalid condition id : LAN8742 Phy interface Condition cause : null
2024-06-12 12:33:55,660 [WARN] PackLoader:240 - Cannot read IP mode file for STMicroelectronics.X-CUBE-SFXS2LP1.4.0.0
2024-06-12 12:33:55,689 [WARN] ConditionMgr:438 - getConditionDescription Invalid condition id : UX DEVICE CLASS RTOS Condition cause : null
2024-06-12 12:33:55,689 [WARN] ConditionMgr:438 - getConditionDescription Invalid condition id : UX DEVICE CLASS RTOS Condition cause : null
2024-06-12 12:33:55,692 [WARN] PackLoader:240 - Cannot read IP mode file for STMicroelectronics.X-CUBE-AZRTOS-WB.2.0.0
2024-06-12 12:33:55,692 [WARN] ConditionMgr:1039 - genDependencies : Invalid condition id : UX DEVICE CLASS RTOS Condition cause : null
2024-06-12 12:33:55,692 [WARN] ConditionMgr:1039 - genDependencies : Invalid condition id : UX DEVICE CLASS RTOS Condition cause : null
2024-06-12 12:33:55,693 [WARN] ConditionMgr:1039 - genDependencies : Invalid condition id : UX DEVICE CLASS RTOS Condition cause : null
2024-06-12 12:33:55,693 [WARN] ConditionMgr:1039 - genDependencies : Invalid condition id : UX DEVICE CLASS RTOS Condition cause : null
2024-06-12 12:33:55,693 [WARN] ConditionMgr:1039 - genDependencies : Invalid condition id : UX DEVICE CLASS RTOS Condition cause : null
2024-06-12 12:33:55,719 [WARN] PackLoader:240 - Cannot read IP mode file for STMicroelectronics.X-CUBE-SUBG2.5.0.0
2024-06-12 12:33:55,737 [WARN] PackLoader:240 - Cannot read IP mode file for Cesanta.I-CUBE-Mongoose.7.13.0
2024-06-12 12:33:55,766 [WARN] PackLoader:240 - Cannot read IP mode file for STMicroelectronics.X-CUBE-AZRTOS-G4.2.0.0
2024-06-12 12:33:55,780 [WARN] PackLoader:240 - Cannot read IP mode file for STMicroelectronics.X-CUBE-ISPU.2.0.0
2024-06-12 12:33:55,794 [WARN] PackLoader:240 - Cannot read IP mode file for STMicroelectronics.X-CUBE-ALS.1.0.2
2024-06-12 12:33:55,848 [WARN] PackLoader:240 - Cannot read IP mode file for STMicroelectronics.X-CUBE-MEMS1.10.0.0
2024-06-12 12:33:55,941 [WARN] PackLoader:240 - Cannot read IP mode file for portGmbH.I-Cube-SoM-uGOAL.1.1.0
2024-06-12 12:33:55,966 [WARN] PackLoader:240 - Cannot read IP mode file for STMicroelectronics.X-CUBE-AZRTOS-H7RS.1.0.0
2024-06-12 12:33:55,979 [WARN] PackLoader:240 - Cannot read IP mode file for STMicroelectronics.FP-ATR-ASTRA1.2.0.0
2024-06-12 12:33:56,000 [WARN] PackLoader:240 - Cannot read IP mode file for STMicroelectronics.X-CUBE-TOF1.3.4.1
2024-06-12 12:33:56,033 [WARN] PackLoader:240 - Cannot read IP mode file for STMicroelectronics.X-CUBE-AZRTOS-H7.3.2.0
2024-06-12 12:33:56,059 [WARN] PackLoader:240 - Cannot read IP mode file for Infineon.AIROC-Wi-Fi-Bluetooth-STM32.1.6.0
2024-06-12 12:33:56,061 [INFO] ThirdParty:978 - Integrity check success = true
2024-06-12 12:33:56,062 [INFO] IntegrityCheckThread:100 - exiting critical section [integrity check]
2024-06-12 12:33:56,062 [INFO] IntegrityCheckThread:103 - End integrity checks thread
2024-06-12 12:33:57,444 [INFO] ApiDb:240 - Found 483 in-development CPN: [B-G473E-ZEST1S, B-WB1M-WPAN1, B-WL5M-SUBG1, NUCLEO-C031C6, NUCLEO-H503RB, NUCLEO-H533RE, NUCLEO-H563ZI, NUCLEO-H7S3L8, NUCLEO-U031R8, NUCLEO-U083RC, NUCLEO-U545RE-Q, NUCLEO-U5A5ZJ-Q, NUCLEO-WBA52CG, NUCLEO-WBA55CG, STEVAL-PROTEUS1, STEVAL-SMARTAG2, STEVAL-STWINBX1, STM320518-EVAL, STM32C0116-DK, STM32C011D6Y3TR, STM32C011D6Y6TR, STM32C011F4P3, STM32C011F4P6, STM32C011F4U3, STM32C011F4U6TR, STM32C011F6P3, STM32C011F6P6, STM32C011F6U3, STM32C011F6U6TR, STM32C011J4M3, STM32C011J4M6, STM32C011J6M3, STM32C011J6M6, STM32C0316-DK, STM32C031C4T3, STM32C031C4T6, STM32C031C4U3, STM32C031C4U6, STM32C031C6T3, STM32C031C6T6, STM32C031C6U3, STM32C031C6U6, STM32C031F4P3, STM32C031F4P6, STM32C031F6P3, STM32C031F6P6, STM32C031G4U3, STM32C031G4U6, STM32C031G6U3, STM32C031G6U6, STM32C031K4T3, STM32C031K4T6, STM32C031K4U3, STM32C031K4U6, STM32C031K6T3, STM32C031K6T6, STM32C031K6U3, STM32C031K6U6, STM32G071K8TXN, STM32G071K8UXN, STM32G081GBU6N, STM32G081KBT6N, STM32G081KBUXN, STM32G0B1CCT6N, STM32G0B1KCT6, STM32G0B1NEY6TR, STM32G0B1RCT6N, STM32G0C1CCT6, STM32G0C1CCT6N, STM32G0C1CCU6N, STM32G0C1CET6N, STM32G0C1CEU6N, STM32G0C1KCT6, STM32G0C1NEY6TR, STM32G0C1RCI6N, STM32G0C1RCT6N, STM32G0C1REI6N, STM32G0C1RET6N, STM32G0C1VCI6, STM32G0C1VEI6, STM32G471CCT6, STM32G471CCU6, STM32G471CET3, STM32G471CET6, STM32G471CEU3, STM32G471CEU6, STM32G471MCT6, STM32G471MET3, STM32G471MET6, STM32G471MEY6TR, STM32G471QCT6, STM32G471QET3, STM32G471RCT6, STM32G471RET3, STM32G471RET6, STM32G471VCH6, STM32G471VCI6, STM32G471VCT6, STM32G471VEH3, STM32G471VEH6, STM32G471VEI3, STM32G471VEI6, STM32G471VET3, STM32G471VET6, STM32G474CCT6, STM32H503CBT6, STM32H503CBU6, STM32H503EBY6TR, STM32H503KBU6, STM32H503RBT6, STM32H523CCT6, STM32H523CCU6, STM32H523CET6, STM32H523CEU6, STM32H523HEY6TR, STM32H523RCT6, STM32H523RET6, STM32H523VCI6, STM32H523VCT6, STM32H523VEI6, STM32H523VET6, STM32H523ZCJ6, STM32H523ZCT6, STM32H523ZEJ6, STM32H523ZET6, STM32H533CET6, STM32H533CEU6, STM32H533HEY6TR, STM32H533RET6, STM32H533VEI6, STM32H533VET6, STM32H533ZEJ6, STM32H533ZET6, STM32H562AGI6, STM32H562AII6, STM32H562IGK6, STM32H562IGT6, STM32H562IIK6, STM32H562IIT6, STM32H562RGT6, STM32H562RGV6, STM32H562RIT6, STM32H562RIV6, STM32H562VGT6, STM32H562VIT6, STM32H562ZGT6, STM32H562ZIT6, STM32H563AGI6, STM32H563AII3Q, STM32H563AII6, STM32H563IGK6, STM32H563IGT6, STM32H563IIK3Q, STM32H563IIK6, STM32H563IIT3Q, STM32H563IIT6, STM32H563MIY3QTR, STM32H563RGT6, STM32H563RGV6, STM32H563RIT6, STM32H563RIV6, STM32H563VGT6, STM32H563VIT3Q, STM32H563VIT6, STM32H563ZGT6, STM32H563ZIT3Q, STM32H563ZIT6, STM32H573AII3Q, STM32H573AII6, STM32H573I-DK, STM32H573IIK3Q, STM32H573IIK6, STM32H573IIT3Q, STM32H573IIT6, STM32H573MIY3QTR, STM32H573RIT6, STM32H573RIV6, STM32H573VIT3Q, STM32H573VIT6, STM32H573ZIT3Q, STM32H573ZIT6, STM32H7R3A8I6, STM32H7R3I8K6, STM32H7R3I8T6, STM32H7R3L8H6, STM32H7R3L8H6H, STM32H7R3R8V6, STM32H7R3V8H6, STM32H7R3V8T6, STM32H7R3V8Y6, STM32H7R3Z8J6, STM32H7R3Z8T6, STM32H7R7A8I6, STM32H7R7I8K6, STM32H7R7I8T6, STM32H7R7L8H6, STM32H7R7L8H6H, STM32H7R7Z8J6, STM32H7S3A8I6, STM32H7S3I8K6, STM32H7S3I8T6, STM32H7S3L8H6, STM32H7S3L8H6H, STM32H7S3R8V6, STM32H7S3V8H6, STM32H7S3V8T6, STM32H7S3V8Y6, STM32H7S3Z8J6, STM32H7S3Z8T6, STM32H7S78-DK, STM32H7S7A8I6, STM32H7S7I8K6, STM32H7S7I8T6, STM32H7S7L8H6, STM32H7S7L8H6H, STM32H7S7Z8J6, STM32L4R5QGI6STR, STM32MP131AAE3, STM32MP131AAF3, STM32MP131AAG3, STM32MP131CAE3, STM32MP131CAF3, STM32MP131CAG3, STM32MP131DAE7, STM32MP131DAF7, STM32MP131DAG7, STM32MP131FAE7, STM32MP131FAF7, STM32MP131FAG7, STM32MP133AAE3, STM32MP133AAF3, STM32MP133AAG3, STM32MP133CAE3, STM32MP133CAF3, STM32MP133CAG3, STM32MP133DAE7, STM32MP133DAF7, STM32MP133DAG7, STM32MP133FAE7, STM32MP133FAF7, STM32MP133FAG7, STM32MP135AAE3, STM32MP135AAF3, STM32MP135AAG3, STM32MP135CAE3, STM32MP135CAF3, STM32MP135CAG3, STM32MP135DAE7, STM32MP135DAF7, STM32MP135DAG7, STM32MP135F-DK, STM32MP135FAE7, STM32MP135FAF7, STM32MP135FAF7T, STM32MP135FAF7U, STM32MP135FAG7, STM32U031C6T6, STM32U031C6U6, STM32U031C8T6, STM32U031C8U6, STM32U031F4P6, STM32U031F6P6, STM32U031F8P6, STM32U031G6Y6TR, STM32U031G8Y6TR, STM32U031K4U6, STM32U031K6U6, STM32U031K8U6, STM32U031R6I6, STM32U031R6T6, STM32U031R8I6, STM32U031R8T6, STM32U073C8T6, STM32U073C8U6, STM32U073CBT6, STM32U073CBU6, STM32U073CCT6, STM32U073CCU6, STM32U073H8Y6TR, STM32U073HBY6TR, STM32U073HCY6TR, STM32U073K8U6, STM32U073KBU6, STM32U073KCU6, STM32U073M8I6, STM32U073M8T6, STM32U073MBI6, STM32U073MBT6, STM32U073MCI6, STM32U073MCT6, STM32U073R8I6, STM32U073R8T6, STM32U073RBI6, STM32U073RBT6, STM32U073RCI6, STM32U073RCT6, STM32U083C-DK, STM32U083CCT6, STM32U083CCU6, STM32U083HCY6TR, STM32U083KCU6, STM32U083MCI6, STM32U083MCT6, STM32U083RCI6, STM32U083RCT6, STM32U535CBT6, STM32U535CBT6Q, STM32U535CBU6, STM32U535CBU6Q, STM32U535CCT6, STM32U535CCT6Q, STM32U535CCU6, STM32U535CCU6Q, STM32U535CET6, STM32U535CET6Q, STM32U535CEU6, STM32U535CEU6Q, STM32U535JEY6QTR, STM32U535NCY6QTR, STM32U535NEY6QTR, STM32U535RBI6, STM32U535RBI6Q, STM32U535RBT6, STM32U535RBT6Q, STM32U535RCI6, STM32U535RCI6Q, STM32U535RCT6, STM32U535RCT6Q, STM32U535REI6, STM32U535REI6Q, STM32U535RET6, STM32U535RET6Q, STM32U535VCI6, STM32U535VCI6Q, STM32U535VCT6, STM32U535VCT6Q, STM32U535VEI6, STM32U535VEI6Q, STM32U535VET6, STM32U535VET6Q, STM32U545CET6, STM32U545CET6Q, STM32U545CEU6, STM32U545CEU6Q, STM32U545JEY6QTR, STM32U545NEY6QTR, STM32U545REI6, STM32U545REI6Q, STM32U545RET6, STM32U545RET6Q, STM32U545VEI6, STM32U545VEI6Q, STM32U545VET6, STM32U545VET6Q, STM32U595AIH6, STM32U595AIH6Q, STM32U595AJH6, STM32U595AJH6Q, STM32U595QII6, STM32U595QII6Q, STM32U595QJI6, STM32U595QJI6Q, STM32U595RIT6, STM32U595RIT6Q, STM32U595RJT6, STM32U595RJT6Q, STM32U595VIT6, STM32U595VIT6Q, STM32U595VJT6, STM32U595VJT6Q, STM32U595ZIT6, STM32U595ZIT6Q, STM32U595ZIY6QTR, STM32U595ZJT6, STM32U595ZJT6Q, STM32U595ZJY6QTR, STM32U599BJY6QTR, STM32U599NIH6Q, STM32U599NJH6Q, STM32U599VIT6Q, STM32U599VJT6, STM32U599VJT6Q, STM32U599ZIT6Q, STM32U599ZIY6QTR, STM32U599ZJT6Q, STM32U599ZJY6QTR, STM32U5A5AJH6, STM32U5A5AJH6Q, STM32U5A5QII3Q , STM32U5A5QJI6, STM32U5A5QJI6Q, STM32U5A5RJT6, STM32U5A5RJT6Q, STM32U5A5VJT6, STM32U5A5VJT6Q, STM32U5A5ZJT6, STM32U5A5ZJT6Q, STM32U5A5ZJY6QTR, STM32U5A9BJY6QTR, STM32U5A9J-DK, STM32U5A9NJH6Q, STM32U5A9VJT6Q, STM32U5A9ZJT6Q, STM32U5A9ZJY6QTR, STM32U5F7VIT6, STM32U5F7VIT6Q, STM32U5F7VJT6, STM32U5F7VJT6Q, STM32U5F9BJY6QTR, STM32U5F9NJH6Q, STM32U5F9VIT6Q, STM32U5F9VJT6Q, STM32U5F9ZIJ6QTR, STM32U5F9ZIT6Q, STM32U5F9ZJJ6QTR, STM32U5F9ZJT6Q, STM32U5G7VJT6, STM32U5G7VJT6Q, STM32U5G9BJY6QTR, STM32U5G9J-DK1, STM32U5G9J-DK2, STM32U5G9NJH6Q, STM32U5G9VJT6Q, STM32U5G9ZJJ6QTR, STM32U5G9ZJT6Q, STM32WB1MMCH6, STM32WBA50KEU6, STM32WBA50KEU6TR, STM32WBA50KGU6, STM32WBA50KGU6TR, STM32WBA52CEU6, STM32WBA52CEU6TR, STM32WBA52CEU7, STM32WBA52CEU7TR, STM32WBA52CGU6, STM32WBA52CGU6TR, STM32WBA52CGU6U, STM32WBA52CGU7, STM32WBA52CGU7TR, STM32WBA52KEU6, STM32WBA52KEU6TR, STM32WBA52KGU6, STM32WBA52KGU6TR, STM32WBA54CEU6, STM32WBA54CEU6TR, STM32WBA54CEU7, STM32WBA54CEU7TR, STM32WBA54CGU6, STM32WBA54CGU6TR, STM32WBA54CGU7, STM32WBA54CGU7TR, STM32WBA54KEU6, STM32WBA54KEU6TR, STM32WBA54KEU7, STM32WBA54KEU7TR, STM32WBA54KGU6, STM32WBA54KGU6TR, STM32WBA54KGU7, STM32WBA54KGU7TR, STM32WBA55CEU6, STM32WBA55CEU6TR, STM32WBA55CEU7, STM32WBA55CEU7TR, STM32WBA55CGU6, STM32WBA55CGU6TR, STM32WBA55CGU6U, STM32WBA55CGU7, STM32WBA55CGU7TR, STM32WBA55G-DK1, STM32WBA55HEF6, STM32WBA55HEF7, STM32WBA55HGF6, STM32WBA55HGF7, STM32WBA55UEI6, STM32WBA55UEI6TR, STM32WBA55UEI7, STM32WBA55UEI7TR, STM32WBA55UGI6, STM32WBA55UGI6TR, STM32WBA55UGI7, STM32WBA55UGI7TR, STM32WL5MOCH6, STM32WL5MOCH6TR]
2024-06-12 12:33:57,449 [INFO] DbMcus:218 - Found 4096 MCUs, 4096 are supported
2024-06-12 12:33:57,450 [INFO] ApiDb:423 - Load user favorites file C:\Users\oemerkara/.stm32cubeide/favorites.mcus.txt: 0 item(s)
2024-06-12 12:33:57,450 [INFO] ApiDb:427 - User favorites MCUs=[]
2024-06-12 12:33:57,450 [INFO] DbMcus:224 - Set 0 / 0 favorites MCUs
2024-06-12 12:33:57,737 [INFO] ApiDb:423 - Load user favorites file C:\Users\oemerkara/.stm32cubeide/favorites.boards.txt: 0 item(s)
2024-06-12 12:33:57,737 [INFO] ApiDb:427 - User favorites Boards=[]
2024-06-12 12:33:57,737 [INFO] DbBoards:198 - Set 0 / 0 favorites Boards
2024-06-12 12:33:57,738 [INFO] McuFinderGlobals:76 - Set McuFinderConnectedMode to true
2024-06-12 12:33:57,745 [INFO] MultiScanPanel:200 - Auto-refresh data requested => check proxy status ongoing
2024-06-12 12:33:57,748 [INFO] FinderPluginLoader:95 - Searching for filters in installed packs
2024-06-12 12:33:58,601 [INFO] WebApp:161 - Instantiating new browser for Auth
2024-06-12 12:33:58,972 [INFO] LoadUrlFilesThread:185 - End of LoadServerUrlFiles without Thread
2024-06-12 12:33:58,982 [INFO] DetailPanel:341 - Set advertising image to C:/Users/oemerkara/STM32Cube/Repository/\en.prom-stm32h7rs-mcu-finder.jpg
2024-06-12 12:33:59,161 [INFO] WebApp:779 - Register for checkConnection events
2024-06-12 12:33:59,162 [INFO] WebApp:414 - Apply proxy settings
2024-06-12 12:33:59,162 [INFO] WebApp:499 - Chromium requires no authentication
2024-06-12 12:33:59,171 [INFO] WebApp:442 - Direct internet connection detected
2024-06-12 12:33:59,381 [INFO] WebApp:192 - Starting web application
2024-06-12 12:33:59,381 [INFO] WebApp:544 - Web application path used D:\Programs\STM32CubeIDE_1.15.1\STM32CubeIDE\plugins\com.st.stm32cube.common.mx_6.11.1.202404110753\db\plugins\mcufinder\reactClient1\index.html
2024-06-12 12:34:04,561 [INFO] MainUpdater:2873 - connection check result : 10
2024-06-12 12:34:04,653 [INFO] McuFinderGlobals:76 - Set McuFinderConnectedMode to true
2024-06-12 12:34:04,654 [INFO] MultiScanPanel:200 - Auto-refresh data requested => check proxy status ongoing
2024-06-12 12:34:04,654 [INFO] FinderPluginLoader:95 - Searching for filters in installed packs
2024-06-12 12:34:05,401 [INFO] LoadUrlFilesThread:185 - End of LoadServerUrlFiles without Thread
2024-06-12 12:34:05,401 [INFO] DetailPanel:341 - Set advertising image to C:/Users/oemerkara/STM32Cube/Repository/\en.prom-stm32h7rs-mcu-finder.jpg
2024-06-12 12:34:22,379 [INFO] MultiScanPanel:200 - Auto-refresh data requested => check proxy status ongoing
2024-06-12 12:34:22,468 [INFO] LoadUrlFilesThread:185 - End of LoadServerUrlFiles without Thread
2024-06-12 12:34:22,469 [INFO] DetailPanel:341 - Set advertising image to C:/Users/oemerkara/STM32Cube/Repository/\en.prom-stm32h7rs-mcu-finder.jpg
2024-06-12 12:34:22,478 [INFO] DbBoards:642 - Loading board mini-images...
2024-06-12 12:34:25,526 [INFO] DbBoards:665 - Loaded 199 board mini-images
2024-06-12 12:34:44,894 [INFO] McuFinderGlobals:76 - Set McuFinderConnectedMode to true
2024-06-12 12:34:44,898 [INFO] ApiDb:448 - Save user favorites file C:\Users\oemerkara/.stm32cubeide/favorites.mcus.txt: 0 item(s)
2024-06-12 12:34:44,898 [INFO] ApiDb:452 - User favorites MCUs=[]
2024-06-12 12:34:44,899 [INFO] ApiDb:448 - Save user favorites file C:\Users\oemerkara/.stm32cubeide/favorites.boards.txt: 0 item(s)
2024-06-12 12:34:44,899 [INFO] ApiDb:452 - User favorites Boards=[]
2024-06-12 15:20:32,626 [ERROR] LogOutputStream:75 - [STDERR_REDIRECT] Exception in thread "AWT-EventQueue-0" org.eclipse.swt.SWTException: Device is disposed
2024-06-12 15:20:32,631 [ERROR] LogOutputStream:75 - [STDERR_REDIRECT] 	at org.eclipse.swt.SWT.error(SWT.java:4918)
2024-06-12 15:20:32,634 [ERROR] LogOutputStream:75 - [STDERR_REDIRECT] 	at org.eclipse.swt.SWT.error(SWT.java:4833)
2024-06-12 15:20:32,634 [ERROR] LogOutputStream:75 - [STDERR_REDIRECT] 	at org.eclipse.swt.SWT.error(SWT.java:4804)
2024-06-12 15:20:32,635 [ERROR] LogOutputStream:75 - [STDERR_REDIRECT] 	at org.eclipse.swt.widgets.Display.error(Display.java:1278)
2024-06-12 15:20:32,636 [ERROR] LogOutputStream:75 - [STDERR_REDIRECT] 	at org.eclipse.swt.widgets.Display.asyncExec(Display.java:774)
2024-06-12 15:20:32,638 [ERROR] LogOutputStream:75 - [STDERR_REDIRECT] 	at com.st.stm32cube.common.mx.oss.core.awtswtbridge.AwtEnvironment$2.run(AwtEnvironment.java:168)
2024-06-12 15:20:32,640 [ERROR] LogOutputStream:75 - [STDERR_REDIRECT] 	at java.desktop/java.awt.event.InvocationEvent.dispatch(InvocationEvent.java:318)
2024-06-12 15:20:32,642 [ERROR] LogOutputStream:75 - [STDERR_REDIRECT] 	at java.desktop/java.awt.EventQueue.dispatchEventImpl(EventQueue.java:773)
2024-06-12 15:20:32,643 [ERROR] LogOutputStream:75 - [STDERR_REDIRECT] 	at java.desktop/java.awt.EventQueue$4.run(EventQueue.java:720)
2024-06-12 15:20:32,645 [ERROR] LogOutputStream:75 - [STDERR_REDIRECT] 	at java.desktop/java.awt.EventQueue$4.run(EventQueue.java:714)
2024-06-12 15:20:32,647 [ERROR] LogOutputStream:75 - [STDERR_REDIRECT] 	at java.base/java.security.AccessController.doPrivileged(AccessController.java:399)
2024-06-12 15:20:32,649 [ERROR] LogOutputStream:75 - [STDERR_REDIRECT] 	at java.base/java.security.ProtectionDomain$JavaSecurityAccessImpl.doIntersectionPrivilege(ProtectionDomain.java:86)
2024-06-12 15:20:32,650 [ERROR] LogOutputStream:75 - [STDERR_REDIRECT] 	at java.desktop/java.awt.EventQueue.dispatchEvent(EventQueue.java:742)
2024-06-12 15:20:32,652 [ERROR] LogOutputStream:75 - [STDERR_REDIRECT] 	at java.desktop/java.awt.EventDispatchThread.pumpOneEventForFilters(EventDispatchThread.java:203)
2024-06-12 15:20:32,654 [ERROR] LogOutputStream:75 - [STDERR_REDIRECT] 	at java.desktop/java.awt.EventDispatchThread.pumpEventsForFilter(EventDispatchThread.java:124)
2024-06-12 15:20:32,656 [ERROR] LogOutputStream:75 - [STDERR_REDIRECT] 	at java.desktop/java.awt.EventDispatchThread.pumpEventsForHierarchy(EventDispatchThread.java:113)
2024-06-12 15:20:32,657 [ERROR] LogOutputStream:75 - [STDERR_REDIRECT] 	at java.desktop/java.awt.EventDispatchThread.pumpEvents(EventDispatchThread.java:109)
2024-06-12 15:20:32,658 [ERROR] LogOutputStream:75 - [STDERR_REDIRECT] 	at java.desktop/java.awt.EventDispatchThread.pumpEvents(EventDispatchThread.java:101)
2024-06-12 15:20:32,660 [ERROR] LogOutputStream:75 - [STDERR_REDIRECT] 	at java.desktop/java.awt.EventDispatchThread.run(EventDispatchThread.java:90)
2024-06-12 15:20:32,733 [ERROR] LogOutputStream:75 - [STDERR_REDIRECT] 
2024-06-12 15:20:32,734 [ERROR] LogOutputStream:75 - [STDERR_REDIRECT] 
2024-06-12 19:35:13,333 [INFO] Activator:176 - 


2024-06-12 19:35:13,335 [INFO] Activator:177 - !SESSION log4j initialized
2024-06-12 19:35:17,434 [INFO] LogOutputStream:77 - [STDOUT_REDIRECT] 
2024-06-12 19:35:18,196 [INFO] ApplicationProperties:184 - Using Application install path: D:\Programs\STM32CubeIDE_1.15.1\STM32CubeIDE\plugins\com.st.stm32cube.common.mx_6.11.1.202404110753
2024-06-12 19:35:18,214 [INFO] DbMcusXml:78 - Set database path to: D:\Programs\STM32CubeIDE_1.15.1\STM32CubeIDE\plugins\com.st.stm32cube.common.mx_6.11.1.202404110753\\db\/mcu/
2024-06-12 19:35:18,214 [INFO] ApiDb:274 - Set plugin database path to: D:\Programs\STM32CubeIDE_1.15.1\STM32CubeIDE\plugins\com.st.stm32cube.common.mx_6.11.1.202404110753\\db\/plugins/boardmanager/
2024-06-12 19:35:18,214 [WARN] ApiDb:259 - Overriding images path with different value:  => D:\Programs\STM32CubeIDE_1.15.1\STM32CubeIDE\plugins\com.st.stm32cube.common.mx_6.11.1.202404110753\\db\/plugins/mcufinder/images/
2024-06-12 19:35:18,221 [INFO] ApiDb:250 - Set database path to: C:\Users\oemerkara\.stmcufinder\plugins\mcufinder//mcu/
2024-06-12 19:35:18,222 [INFO] DbMcusAds:125 - Set database path to: C:\Users\oemerkara\.stmcufinder\plugins\mcufinder//mcu/
2024-06-12 19:35:18,224 [INFO] CrossReferenceDbSqlite:203 - Set database path to: C:\Users\oemerkara\.stmcufinder\plugins\mcufinder//mcu/cs/
2024-06-12 19:35:18,318 [INFO] RulesReader:64 - Compatibility file has been processed (297 Rules)
2024-06-12 19:35:18,398 [INFO] DbMcusXml:78 - Set database path to: D:\Programs\STM32CubeIDE_1.15.1\STM32CubeIDE\plugins\com.st.stm32cube.common.mx_6.11.1.202404110753\\db\/mcu/
2024-06-12 19:35:18,398 [INFO] ApiDb:274 - Set plugin database path to: D:\Programs\STM32CubeIDE_1.15.1\STM32CubeIDE\plugins\com.st.stm32cube.common.mx_6.11.1.202404110753\\db\/plugins/boardmanager/
2024-06-12 19:35:18,398 [INFO] ApiDb:261 - Set plugin images path to: D:\Programs\STM32CubeIDE_1.15.1\STM32CubeIDE\plugins\com.st.stm32cube.common.mx_6.11.1.202404110753\\db\/plugins/mcufinder/images/
2024-06-12 19:35:18,398 [WARN] DbFile:41 - Overriding database path with different value: C:\Users\oemerkara\.stmcufinder\plugins\mcufinder/ => C:\Users\oemerkara\.stmcufinder\plugins\mcufinder
2024-06-12 19:35:18,398 [INFO] ApiDb:250 - Set database path to: C:\Users\oemerkara\.stmcufinder\plugins\mcufinder//mcu/
2024-06-12 19:35:18,399 [WARN] DbFile:41 - Overriding database path with different value: C:\Users\oemerkara\.stmcufinder\plugins\mcufinder/ => C:\Users\oemerkara\.stmcufinder\plugins\mcufinder
2024-06-12 19:35:18,399 [INFO] DbMcusAds:125 - Set database path to: C:\Users\oemerkara\.stmcufinder\plugins\mcufinder//mcu/
2024-06-12 19:35:18,399 [WARN] DbFile:41 - Overriding database path with different value: C:\Users\oemerkara\.stmcufinder\plugins\mcufinder/ => C:\Users\oemerkara\.stmcufinder\plugins\mcufinder
2024-06-12 19:35:18,399 [WARN] DbFile:41 - Overriding database path with different value: C:\Users\oemerkara\.stmcufinder\plugins\mcufinder/ => C:\Users\oemerkara\.stmcufinder\plugins\mcufinder
2024-06-12 19:35:18,399 [INFO] CrossReferenceDbSqlite:203 - Set database path to: C:\Users\oemerkara\.stmcufinder\plugins\mcufinder//mcu/cs/
2024-06-12 19:35:18,467 [INFO] MainPanel:264 - HeapMemory: 268435456
2024-06-12 19:35:18,554 [INFO] DbMcusXml:78 - Set database path to: D:\Programs\STM32CubeIDE_1.15.1\STM32CubeIDE\plugins\com.st.stm32cube.common.mx_6.11.1.202404110753\\db\/mcu/
2024-06-12 19:35:18,555 [INFO] ApiDb:274 - Set plugin database path to: D:\Programs\STM32CubeIDE_1.15.1\STM32CubeIDE\plugins\com.st.stm32cube.common.mx_6.11.1.202404110753\\db\/plugins/boardmanager/
2024-06-12 19:35:18,555 [INFO] ApiDb:261 - Set plugin images path to: D:\Programs\STM32CubeIDE_1.15.1\STM32CubeIDE\plugins\com.st.stm32cube.common.mx_6.11.1.202404110753\\db\/plugins/mcufinder/images/
2024-06-12 19:35:18,555 [WARN] DbFile:41 - Overriding database path with different value: C:\Users\oemerkara\.stmcufinder\plugins\mcufinder/ => C:\Users\oemerkara\.stmcufinder\plugins\mcufinder
2024-06-12 19:35:18,555 [INFO] ApiDb:250 - Set database path to: C:\Users\oemerkara\.stmcufinder\plugins\mcufinder//mcu/
2024-06-12 19:35:18,555 [WARN] DbFile:41 - Overriding database path with different value: C:\Users\oemerkara\.stmcufinder\plugins\mcufinder/ => C:\Users\oemerkara\.stmcufinder\plugins\mcufinder
2024-06-12 19:35:18,555 [INFO] DbMcusAds:125 - Set database path to: C:\Users\oemerkara\.stmcufinder\plugins\mcufinder//mcu/
2024-06-12 19:35:18,555 [WARN] DbFile:41 - Overriding database path with different value: C:\Users\oemerkara\.stmcufinder\plugins\mcufinder/ => C:\Users\oemerkara\.stmcufinder\plugins\mcufinder
2024-06-12 19:35:18,555 [WARN] DbFile:41 - Overriding database path with different value: C:\Users\oemerkara\.stmcufinder\plugins\mcufinder/ => C:\Users\oemerkara\.stmcufinder\plugins\mcufinder
2024-06-12 19:35:18,555 [INFO] CrossReferenceDbSqlite:203 - Set database path to: C:\Users\oemerkara\.stmcufinder\plugins\mcufinder//mcu/cs/
2024-06-12 19:35:18,572 [INFO] ApplicationProperties:184 - Using Application install path: D:\Programs\STM32CubeIDE_1.15.1\STM32CubeIDE\plugins\com.st.stm32cube.common.mx_6.11.1.202404110753
2024-06-12 19:35:18,573 [INFO] PluginManage:196 - Search for loadable plugins [exclusion list=, ]
2024-06-12 19:35:18,574 [INFO] PluginManage:310 - Check plugin analytics
2024-06-12 19:35:18,729 [INFO] AnalyticsPlugin:253 - Accepted Software Licenses: 
2024-06-12 19:35:18,729 [INFO] AnalyticsPlugin:255 - Accepted CMSIS Pack Licenses: 
2024-06-12 19:35:18,729 [INFO] AnalyticsPlugin:257 - Accepted Firmware Licenses: FW.F4.1.28.0
2024-06-12 19:35:18,731 [INFO] PluginManage:359 - Loaded plugin analytics (category:tool,tabindex:-1)
2024-06-12 19:35:18,731 [INFO] PluginManage:310 - Check plugin cadmodel
2024-06-12 19:35:18,737 [INFO] CADModel:105 - Init CAD model plugin
2024-06-12 19:35:18,737 [INFO] PluginManage:359 - Loaded plugin cadmodel (category:power,tabindex:5)
2024-06-12 19:35:18,737 [INFO] PluginManage:310 - Check plugin clock
2024-06-12 19:35:18,748 [INFO] PluginManage:359 - Loaded plugin clock (category:base,tabindex:2)
2024-06-12 19:35:18,748 [INFO] PluginManage:310 - Check plugin ddr
2024-06-12 19:35:18,750 [INFO] PluginManage:359 - Loaded plugin ddr (category:tool,tabindex:6)
2024-06-12 19:35:18,750 [INFO] PluginManage:310 - Check plugin filemanager
2024-06-12 19:35:18,881 [INFO] PluginManage:359 - Loaded plugin filemanager (category:base,tabindex:10)
2024-06-12 19:35:18,882 [INFO] PluginManage:310 - Check plugin ipmanager
2024-06-12 19:35:18,889 [INFO] PluginManage:359 - Loaded plugin ipmanager (category:base,tabindex:5)
2024-06-12 19:35:18,889 [INFO] PluginManage:310 - Check plugin lpbam
2024-06-12 19:35:18,897 [INFO] PluginManage:359 - Loaded plugin lpbam (category:base,tabindex:0)
2024-06-12 19:35:18,897 [INFO] PluginManage:310 - Check plugin memorymap
2024-06-12 19:35:18,910 [INFO] PluginManage:359 - Loaded plugin memorymap (category:base,tabindex:4)
2024-06-12 19:35:18,910 [INFO] PluginManage:310 - Check plugin pinoutandconfiguration
2024-06-12 19:35:18,917 [INFO] PluginManage:359 - Loaded plugin pinoutandconfiguration (category:base,tabindex:1)
2024-06-12 19:35:18,917 [INFO] PluginManage:310 - Check plugin pinoutconfig
2024-06-12 19:35:18,996 [WARN] SupportedApi:132 - Cannot load RTOS API schema: s4s-elt-must-match.1: The content of 'definitions' must match (annotation?, (simpleType | complexType)?, (unique | key | keyref)*)). A problem was found starting at: attribute.
2024-06-12 19:35:19,118 [INFO] PluginManage:359 - Loaded plugin pinoutconfig (category:base,tabindex:0)
2024-06-12 19:35:19,118 [INFO] PluginManage:310 - Check plugin power
2024-06-12 19:35:19,128 [INFO] PluginManage:359 - Loaded plugin power (category:power,tabindex:4)
2024-06-12 19:35:19,128 [INFO] PluginManage:310 - Check plugin projectmanager
2024-06-12 19:35:19,142 [INFO] PluginManage:359 - Loaded plugin projectmanager (category:projectmanager,tabindex:3)
2024-06-12 19:35:19,143 [INFO] PluginManage:310 - Check plugin thirdparty
2024-06-12 19:35:19,256 [INFO] PluginManage:359 - Loaded plugin thirdparty (category:base,tabindex:-1)
2024-06-12 19:35:19,256 [WARN] IntegrityCheckThread:84 - waiting for thirdparty lock release [integrity check]
2024-06-12 19:35:19,256 [INFO] PluginManage:310 - Check plugin tools
2024-06-12 19:35:19,256 [INFO] IntegrityCheckThread:86 - entering critical section [integrity check]
2024-06-12 19:35:19,256 [INFO] ThirdPartyUpdaterWithRetryManager:70 - Updater plugin not ready yet. [1/15]
2024-06-12 19:35:19,258 [INFO] PluginManage:359 - Loaded plugin tools (category:base,tabindex:7)
2024-06-12 19:35:19,258 [INFO] PluginManage:310 - Check plugin tutovideos
2024-06-12 19:35:19,423 [INFO] PluginManage:359 - Loaded plugin tutovideos (category:base,tabindex:-1)
2024-06-12 19:35:19,423 [INFO] PluginManage:310 - Check plugin updater
2024-06-12 19:35:19,433 [INFO] PluginManage:359 - Loaded plugin updater (category:base,tabindex:12)
2024-06-12 19:35:19,433 [INFO] PluginManage:310 - Check plugin userauth
2024-06-12 19:35:19,439 [INFO] UserAuth:114 - Init User Auth plugin
2024-06-12 19:35:19,439 [INFO] PluginManage:359 - Loaded plugin userauth (category:base,tabindex:14)
2024-06-12 19:35:19,440 [INFO] PluginManage:283 - PluginManage : Loaded plugins [17]
2024-06-12 19:35:19,629 [INFO] PinOutPanel:1561 - setPackage(No Configuration,No Configuration)
2024-06-12 19:35:19,692 [INFO] CADModel:165 - CPN selected for project level
2024-06-12 19:35:19,692 [INFO] CADModel:114 - Register for checkConnection events
2024-06-12 19:35:19,708 [INFO] IPUIPlugin:80 - create IPUIPlugin
2024-06-12 19:35:19,708 [INFO] PluginManager:220 - loadIPPluginJar : add adc
2024-06-12 19:35:19,711 [INFO] IPUIPlugin:80 - create IPUIPlugin
2024-06-12 19:35:19,711 [INFO] PluginManager:220 - loadIPPluginJar : add aes
2024-06-12 19:35:19,713 [INFO] IPUIPlugin:80 - create IPUIPlugin
2024-06-12 19:35:19,713 [INFO] PluginManager:220 - loadIPPluginJar : add can
2024-06-12 19:35:19,714 [INFO] IPUIPlugin:80 - create IPUIPlugin
2024-06-12 19:35:19,715 [INFO] PluginManager:220 - loadIPPluginJar : add comp
2024-06-12 19:35:19,717 [INFO] IPUIPlugin:80 - create IPUIPlugin
2024-06-12 19:35:19,717 [INFO] PluginManager:220 - loadIPPluginJar : add cryp
2024-06-12 19:35:19,719 [INFO] IPUIPlugin:80 - create IPUIPlugin
2024-06-12 19:35:19,719 [INFO] PluginManager:220 - loadIPPluginJar : add dfsdm
2024-06-12 19:35:19,724 [INFO] IPUIPlugin:80 - create IPUIPlugin
2024-06-12 19:35:19,725 [INFO] PluginManager:220 - loadIPPluginJar : add dma
2024-06-12 19:35:19,726 [INFO] IPUIPlugin:80 - create IPUIPlugin
2024-06-12 19:35:19,726 [INFO] PluginManager:220 - loadIPPluginJar : add dma3
2024-06-12 19:35:19,729 [INFO] IPUIPlugin:80 - create IPUIPlugin
2024-06-12 19:35:19,729 [INFO] PluginManager:220 - loadIPPluginJar : add extmemmanager
2024-06-12 19:35:19,730 [INFO] IPUIPlugin:80 - create IPUIPlugin
2024-06-12 19:35:19,730 [INFO] PluginManager:220 - loadIPPluginJar : add fatfs
2024-06-12 19:35:19,733 [INFO] IPUIPlugin:80 - create IPUIPlugin
2024-06-12 19:35:19,734 [INFO] PluginManager:220 - loadIPPluginJar : add fmc
2024-06-12 19:35:19,738 [INFO] IPUIPlugin:80 - create IPUIPlugin
2024-06-12 19:35:19,738 [INFO] PluginManager:220 - loadIPPluginJar : add freertos
2024-06-12 19:35:19,739 [INFO] IPUIPlugin:80 - create IPUIPlugin
2024-06-12 19:35:19,740 [INFO] PluginManager:220 - loadIPPluginJar : add genericplugin
2024-06-12 19:35:19,742 [INFO] IPUIPlugin:80 - create IPUIPlugin
2024-06-12 19:35:19,742 [INFO] PluginManager:220 - loadIPPluginJar : add gfxmmu
2024-06-12 19:35:19,746 [INFO] IPUIPlugin:80 - create IPUIPlugin
2024-06-12 19:35:19,747 [INFO] PluginManager:220 - loadIPPluginJar : add gic
2024-06-12 19:35:19,749 [INFO] IPUIPlugin:80 - create IPUIPlugin
2024-06-12 19:35:19,749 [INFO] PluginManager:220 - loadIPPluginJar : add gpio
2024-06-12 19:35:19,752 [INFO] IPUIPlugin:80 - create IPUIPlugin
2024-06-12 19:35:19,752 [INFO] PluginManager:220 - loadIPPluginJar : add gtzc
2024-06-12 19:35:19,754 [INFO] IPUIPlugin:80 - create IPUIPlugin
2024-06-12 19:35:19,754 [INFO] PluginManager:220 - loadIPPluginJar : add hash
2024-06-12 19:35:19,757 [INFO] IPUIPlugin:80 - create IPUIPlugin
2024-06-12 19:35:19,757 [INFO] PluginManager:220 - loadIPPluginJar : add i2c
2024-06-12 19:35:19,759 [INFO] IPUIPlugin:80 - create IPUIPlugin
2024-06-12 19:35:19,759 [INFO] PluginManager:220 - loadIPPluginJar : add i2s
2024-06-12 19:35:19,761 [INFO] IPUIPlugin:80 - create IPUIPlugin
2024-06-12 19:35:19,761 [INFO] PluginManager:220 - loadIPPluginJar : add i3c
2024-06-12 19:35:19,764 [INFO] IPUIPlugin:80 - create IPUIPlugin
2024-06-12 19:35:19,764 [INFO] PluginManager:220 - loadIPPluginJar : add ipddr
2024-06-12 19:35:19,772 [INFO] IPUIPlugin:80 - create IPUIPlugin
2024-06-12 19:35:19,772 [INFO] PluginManager:220 - loadIPPluginJar : add linkedlist
2024-06-12 19:35:19,775 [INFO] IPUIPlugin:80 - create IPUIPlugin
2024-06-12 19:35:19,775 [INFO] PluginManager:220 - loadIPPluginJar : add lorawan
2024-06-12 19:35:19,776 [INFO] IPUIPlugin:80 - create IPUIPlugin
2024-06-12 19:35:19,776 [INFO] PluginManager:220 - loadIPPluginJar : add ltdc
2024-06-12 19:35:19,783 [INFO] IPUIPlugin:80 - create IPUIPlugin
2024-06-12 19:35:19,783 [INFO] PluginManager:220 - loadIPPluginJar : add mdma
2024-06-12 19:35:19,786 [INFO] IPUIPlugin:80 - create IPUIPlugin
2024-06-12 19:35:19,786 [INFO] PluginManager:220 - loadIPPluginJar : add nvic
2024-06-12 19:35:19,789 [INFO] IPUIPlugin:80 - create IPUIPlugin
2024-06-12 19:35:19,789 [INFO] PluginManager:220 - loadIPPluginJar : add opamp
2024-06-12 19:35:19,791 [INFO] IPUIPlugin:80 - create IPUIPlugin
2024-06-12 19:35:19,791 [INFO] PluginManager:220 - loadIPPluginJar : add openamp
2024-06-12 19:35:19,794 [INFO] IPUIPlugin:80 - create IPUIPlugin
2024-06-12 19:35:19,794 [INFO] PluginManager:220 - loadIPPluginJar : add pdm2pcm
2024-06-12 19:35:19,799 [INFO] IPUIPlugin:80 - create IPUIPlugin
2024-06-12 19:35:19,803 [INFO] PluginManager:220 - loadIPPluginJar : add plateformsettings
2024-06-12 19:35:19,804 [INFO] IPUIPlugin:80 - create IPUIPlugin
2024-06-12 19:35:19,804 [INFO] PluginManager:220 - loadIPPluginJar : add quadspi
2024-06-12 19:35:19,807 [INFO] IPUIPlugin:80 - create IPUIPlugin
2024-06-12 19:35:19,807 [INFO] PluginManager:220 - loadIPPluginJar : add resmgrutility
2024-06-12 19:35:19,810 [INFO] IPUIPlugin:80 - create IPUIPlugin
2024-06-12 19:35:19,810 [INFO] PluginManager:220 - loadIPPluginJar : add sai
2024-06-12 19:35:19,812 [INFO] IPUIPlugin:80 - create IPUIPlugin
2024-06-12 19:35:19,812 [INFO] PluginManager:220 - loadIPPluginJar : add spi
2024-06-12 19:35:19,816 [INFO] IPUIPlugin:80 - create IPUIPlugin
2024-06-12 19:35:19,816 [INFO] PluginManager:220 - loadIPPluginJar : add stm32_wpan
2024-06-12 19:35:19,818 [INFO] IPUIPlugin:80 - create IPUIPlugin
2024-06-12 19:35:19,818 [INFO] PluginManager:220 - loadIPPluginJar : add tim
2024-06-12 19:35:19,820 [INFO] IPUIPlugin:80 - create IPUIPlugin
2024-06-12 19:35:19,821 [INFO] PluginManager:220 - loadIPPluginJar : add touchsensing
2024-06-12 19:35:19,822 [INFO] IPUIPlugin:80 - create IPUIPlugin
2024-06-12 19:35:19,822 [INFO] PluginManager:220 - loadIPPluginJar : add tracer_emb
2024-06-12 19:35:19,824 [INFO] IPUIPlugin:80 - create IPUIPlugin
2024-06-12 19:35:19,824 [INFO] PluginManager:220 - loadIPPluginJar : add ts
2024-06-12 19:35:19,825 [INFO] IPUIPlugin:80 - create IPUIPlugin
2024-06-12 19:35:19,825 [INFO] PluginManager:220 - loadIPPluginJar : add tsc
2024-06-12 19:35:19,827 [INFO] IPUIPlugin:80 - create IPUIPlugin
2024-06-12 19:35:19,827 [INFO] PluginManager:220 - loadIPPluginJar : add ucpd
2024-06-12 19:35:19,829 [INFO] IPUIPlugin:80 - create IPUIPlugin
2024-06-12 19:35:19,829 [INFO] PluginManager:220 - loadIPPluginJar : add usart
2024-06-12 19:35:19,831 [INFO] IPUIPlugin:80 - create IPUIPlugin
2024-06-12 19:35:19,831 [INFO] PluginManager:220 - loadIPPluginJar : add usbx
2024-06-12 19:35:19,948 [INFO] CADModel:165 - CPN selected for project level
2024-06-12 19:35:19,949 [INFO] CADModel:114 - Register for checkConnection events
2024-06-12 19:35:19,949 [FATAL] Updater:308 - Updater called before beeing initialized
2024-06-12 19:35:19,949 [ERROR] CADModel:125 - Updater not yet initialized, retry later 
2024-06-12 19:35:20,076 [INFO] CADModel:165 - CPN selected for project level
2024-06-12 19:35:20,076 [INFO] CADModel:114 - Register for checkConnection events
2024-06-12 19:35:20,076 [FATAL] Updater:308 - Updater called before beeing initialized
2024-06-12 19:35:20,076 [ERROR] CADModel:125 - Updater not yet initialized, retry later 
2024-06-12 19:35:20,079 [FATAL] Updater:308 - Updater called before beeing initialized
2024-06-12 19:35:20,163 [FATAL] Updater:308 - Updater called before beeing initialized
2024-06-12 19:35:20,168 [INFO] DbMcusAds:53 - JSON generation date=Thu May 16 11:22:00 CEST 2024 (1715851320667)
2024-06-12 19:35:20,168 [FATAL] Updater:308 - Updater called before beeing initialized
2024-06-12 19:35:20,205 [WARN] DetailPanel:346 - Failed to get advertising image, set to default
2024-06-12 19:35:20,286 [FATAL] Updater:308 - Updater called before beeing initialized
2024-06-12 19:35:20,288 [FATAL] Updater:308 - Updater called before beeing initialized
2024-06-12 19:35:20,288 [FATAL] Updater:308 - Updater called before beeing initialized
2024-06-12 19:35:20,288 [WARN] DetailPanel:346 - Failed to get advertising image, set to default
2024-06-12 19:35:20,289 [FATAL] Updater:308 - Updater called before beeing initialized
2024-06-12 19:35:20,326 [ERROR] Updater:1120 - MainUpdater not yet initialized. External WinMGr cannot be set.
2024-06-12 19:35:20,328 [INFO] Updater:1056 - Updater Version found : 6.11.1
2024-06-12 19:35:20,347 [INFO] ApplicationProperties:184 - Using Application install path: D:\Programs\STM32CubeIDE_1.15.1\STM32CubeIDE\plugins\com.st.stm32cube.common.mx_6.11.1.202404110753
2024-06-12 19:35:21,917 [ERROR] LogOutputStream:75 - [STDERR_REDIRECT] Jun 12, 2024 7:35:21 PM java.util.prefs.WindowsPreferences <init>
2024-06-12 19:35:21,919 [ERROR] LogOutputStream:75 - [STDERR_REDIRECT] WARNING: Could not open/create prefs root node Software\JavaSoft\Prefs at root 0xffffffff80000002. Windows RegCreateKeyEx(...) returned error code 5.
2024-06-12 19:35:21,919 [ERROR] LogOutputStream:75 - [STDERR_REDIRECT] 
2024-06-12 19:35:22,189 [INFO] MainUpdater:2873 - connection check result : 10
2024-06-12 19:35:22,189 [INFO] MainUpdater:3567 - Updater definition file requires update
2024-06-12 19:35:22,190 [INFO] MainUpdater:290 - Updater Check For Update Now.
2024-06-12 19:35:22,190 [INFO] MicroXplorer:498 - Change Database Version : DB.6.0.111
2024-06-12 19:35:22,197 [INFO] McuFinderGlobals:63 - Set McuFinder mode to 2 (CubeIDE integrated)
2024-06-12 19:35:22,202 [INFO] UserAuth:415 - Internet connection configuration mode: 1
2024-06-12 19:35:22,218 [INFO] JxBrowserEngine:152 - Initiate JxBrowser Engine with user profile folder
2024-06-12 19:35:22,257 [WARN] MainUpdater:1194 - Updater busy. Cannot search thirdparties
2024-06-12 19:35:22,257 [INFO] ThirdPartyUpdaterWithRetryManager:96 - Updater plugin is busy. [1/15]
2024-06-12 19:35:22,296 [INFO] ServerAccessManage:473 - Download File updaters.zip
2024-06-12 19:35:22,386 [INFO] FileExtend:240 - Unzip File : updaters.zip
2024-06-12 19:35:22,386 [INFO] FileExtend:255 - Standard Zip Deflate
2024-06-12 19:35:22,716 [INFO] ServerAccessManage:473 - Download File PacksControlFlags.xml
2024-06-12 19:35:22,816 [INFO] ServerAccessManage:473 - Download File cubemx.pidx
2024-06-12 19:35:23,010 [INFO] LoadServerUpdatesThread:375 - End of LoadServerUpdate Thread
2024-06-12 19:35:23,176 [INFO] CheckServerUpdateThread:120 - End of CheckServer Thread
2024-06-12 19:35:23,279 [INFO] WebApp:161 - Instantiating new browser for Auth
2024-06-12 19:35:23,815 [INFO] WebApp:779 - Register for checkConnection events
2024-06-12 19:35:23,815 [INFO] WebApp:414 - Apply proxy settings
2024-06-12 19:35:23,815 [INFO] WebApp:499 - Chromium requires no authentication
2024-06-12 19:35:23,822 [INFO] WebApp:442 - Direct internet connection detected
2024-06-12 19:35:23,980 [INFO] WebApp:192 - Starting web application
2024-06-12 19:35:23,981 [INFO] WebApp:544 - Web application path used D:\Programs\STM32CubeIDE_1.15.1\STM32CubeIDE\plugins\com.st.stm32cube.common.mx_6.11.1.202404110753\db\plugins\mcufinder\reactClient1\index.html
2024-06-12 19:35:25,399 [WARN] PackLoader:240 - Cannot read IP mode file for STMicroelectronics.FP-SNS-MOTENVWB1.1.4.0
2024-06-12 19:35:25,409 [WARN] PackLoader:240 - Cannot read IP mode file for STMicroelectronics.X-CUBE-SMBUS.2.1.0
2024-06-12 19:35:25,414 [WARN] PackLoader:240 - Cannot read IP mode file for STMicroelectronics.X-CUBE-TOUCHGFX.4.23.2
2024-06-12 19:35:25,439 [WARN] PackLoader:240 - Cannot read IP mode file for STMicroelectronics.X-CUBE-AZRTOS-F7.1.1.0
2024-06-12 19:35:25,449 [WARN] PackLoader:240 - Cannot read IP mode file for STMicroelectronics.FP-SNS-FLIGHT1.5.0.2
2024-06-12 19:35:25,459 [WARN] PackLoader:240 - Cannot read IP mode file for STMicroelectronics.X-CUBE-DISPLAY.3.0.0
2024-06-12 19:35:25,471 [WARN] PackLoader:240 - Cannot read IP mode file for STMicroelectronics.X-CUBE-BLE1.7.0.0
2024-06-12 19:35:25,478 [WARN] PackLoader:240 - Cannot read IP mode file for emotas.I-CUBE-CANOPEN.1.3.0
2024-06-12 19:35:25,490 [WARN] PackLoader:240 - Cannot read IP mode file for STMicroelectronics.X-CUBE-BLEMGR.3.1.0
2024-06-12 19:35:25,497 [WARN] PackLoader:240 - Cannot read IP mode file for STMicroelectronics.FP-SNS-SMARTAG2.1.2.0
2024-06-12 19:35:25,506 [INFO] LogOutputStream:77 - [STDOUT_REDIRECT] 1 : Invalid condition id : UX_CORESTACK_Condition cause : null
2024-06-12 19:35:25,506 [INFO] LogOutputStream:77 - [STDOUT_REDIRECT] 1 : Invalid condition id : UX_CORESTACK_Condition cause : null
2024-06-12 19:35:25,507 [INFO] LogOutputStream:77 - [STDOUT_REDIRECT] 1 : Invalid condition id : UX_CORESTACK_Condition cause : null
2024-06-12 19:35:25,507 [INFO] LogOutputStream:77 - [STDOUT_REDIRECT] 1 : Invalid condition id : UX_CORESTACK_Condition cause : null
2024-06-12 19:35:25,508 [INFO] LogOutputStream:77 - [STDOUT_REDIRECT] 1 : Invalid condition id : UX_CORESTACK_Condition cause : null
2024-06-12 19:35:25,511 [WARN] PackLoader:240 - Cannot read IP mode file for STMicroelectronics.X-CUBE-AZRTOS-WL.2.0.0
2024-06-12 19:35:25,516 [WARN] PackLoader:240 - Cannot read IP mode file for STMicroelectronics.FP-SNS-MOTENV1.5.0.0
2024-06-12 19:35:25,520 [WARN] PackLoader:240 - Cannot read IP mode file for wolfSSL.I-CUBE-wolfMQTT.1.19.0
2024-06-12 19:35:25,526 [WARN] PackLoader:240 - Cannot read IP mode file for WES.I-CUBE-Cesium.1.3.0
2024-06-12 19:35:25,530 [WARN] PackLoader:240 - Cannot read IP mode file for STMicroelectronics.X-CUBE-BLE2.3.3.0
2024-06-12 19:35:25,534 [WARN] PackLoader:240 - Cannot read IP mode file for STMicroelectronics.X-CUBE-TCPP.4.1.0
2024-06-12 19:35:25,549 [WARN] PackLoader:240 - Cannot read IP mode file for STMicroelectronics.X-CUBE-AZRTOS-G0.1.1.0
2024-06-12 19:35:25,556 [WARN] PackLoader:240 - Cannot read IP mode file for STMicroelectronics.X-CUBE-SAFEA1.1.2.2
2024-06-12 19:35:25,561 [WARN] PackLoader:240 - Cannot read IP mode file for STMicroelectronics.X-CUBE-NFC4.3.0.0
2024-06-12 19:35:25,565 [WARN] PackLoader:240 - Cannot read IP mode file for wolfSSL.I-CUBE-wolfSSL.5.7.0
2024-06-12 19:35:25,568 [WARN] PackLoader:240 - Cannot read IP mode file for STMicroelectronics.FP-ATR-SIGFOX1.3.2.0
2024-06-12 19:35:25,573 [WARN] PackLoader:240 - Cannot read IP mode file for STMicroelectronics.X-CUBE-EEPRMA1.5.1.0
2024-06-12 19:35:25,579 [WARN] PackLoader:240 - Cannot read IP mode file for ITTIA_DB.I-CUBE-ITTIADB.8.9.0
2024-06-12 19:35:25,604 [WARN] PackLoader:240 - Cannot read IP mode file for SEGGER.I-CUBE-embOS.1.3.1
2024-06-12 19:35:25,639 [WARN] PackLoader:240 - Cannot read IP mode file for STMicroelectronics.X-CUBE-ALGOBUILD.1.4.0
2024-06-12 19:35:25,644 [WARN] PackLoader:240 - Cannot read IP mode file for STMicroelectronics.X-CUBE-GNSS1.6.0.0
2024-06-12 19:35:25,658 [WARN] PackLoader:240 - Cannot read IP mode file for STMicroelectronics.X-CUBE-AZRTOS-F4.1.1.0
2024-06-12 19:35:25,666 [WARN] PackLoader:240 - Cannot read IP mode file for STMicroelectronics.X-CUBE-FREERTOS.1.2.0
2024-06-12 19:35:25,683 [WARN] PackLoader:240 - Cannot read IP mode file for STMicroelectronics.X-CUBE-AZRTOS-L5.2.0.0
2024-06-12 19:35:25,690 [WARN] PackLoader:240 - Cannot read IP mode file for STMicroelectronics.X-CUBE-NFC6.3.1.0
2024-06-12 19:35:25,698 [WARN] PackLoader:240 - Cannot read IP mode file for STMicroelectronics.X-CUBE-AI.9.0.0
2024-06-12 19:35:25,704 [WARN] PackLoader:240 - Cannot read IP mode file for STMicroelectronics.X-CUBE-NFC7.1.0.1
2024-06-12 19:35:25,720 [WARN] ConditionMgr:438 - getConditionDescription Invalid condition id : LAN8742 Phy interface Condition cause : null
2024-06-12 19:35:25,721 [WARN] PackLoader:240 - Cannot read IP mode file for STMicroelectronics.X-CUBE-AZRTOS-L4.2.0.0
2024-06-12 19:35:25,722 [WARN] ConditionMgr:1039 - genDependencies : Invalid condition id : LAN8742 Phy interface Condition cause : null
2024-06-12 19:35:25,723 [WARN] ConditionMgr:1039 - genDependencies : Invalid condition id : LAN8742 Phy interface Condition cause : null
2024-06-12 19:35:25,723 [WARN] ConditionMgr:1039 - genDependencies : Invalid condition id : LAN8742 Phy interface Condition cause : null
2024-06-12 19:35:25,730 [WARN] PackLoader:240 - Cannot read IP mode file for STMicroelectronics.X-CUBE-SFXS2LP1.4.0.0
2024-06-12 19:35:25,744 [WARN] ConditionMgr:438 - getConditionDescription Invalid condition id : UX DEVICE CLASS RTOS Condition cause : null
2024-06-12 19:35:25,744 [WARN] ConditionMgr:438 - getConditionDescription Invalid condition id : UX DEVICE CLASS RTOS Condition cause : null
2024-06-12 19:35:25,746 [WARN] PackLoader:240 - Cannot read IP mode file for STMicroelectronics.X-CUBE-AZRTOS-WB.2.0.0
2024-06-12 19:35:25,746 [WARN] ConditionMgr:1039 - genDependencies : Invalid condition id : UX DEVICE CLASS RTOS Condition cause : null
2024-06-12 19:35:25,746 [WARN] ConditionMgr:1039 - genDependencies : Invalid condition id : UX DEVICE CLASS RTOS Condition cause : null
2024-06-12 19:35:25,747 [WARN] ConditionMgr:1039 - genDependencies : Invalid condition id : UX DEVICE CLASS RTOS Condition cause : null
2024-06-12 19:35:25,747 [WARN] ConditionMgr:1039 - genDependencies : Invalid condition id : UX DEVICE CLASS RTOS Condition cause : null
2024-06-12 19:35:25,747 [WARN] ConditionMgr:1039 - genDependencies : Invalid condition id : UX DEVICE CLASS RTOS Condition cause : null
2024-06-12 19:35:25,757 [WARN] PackLoader:240 - Cannot read IP mode file for STMicroelectronics.X-CUBE-SUBG2.5.0.0
2024-06-12 19:35:25,765 [WARN] PackLoader:240 - Cannot read IP mode file for Cesanta.I-CUBE-Mongoose.7.13.0
2024-06-12 19:35:25,777 [WARN] PackLoader:240 - Cannot read IP mode file for STMicroelectronics.X-CUBE-AZRTOS-G4.2.0.0
2024-06-12 19:35:25,782 [WARN] PackLoader:240 - Cannot read IP mode file for STMicroelectronics.X-CUBE-ISPU.2.0.0
2024-06-12 19:35:25,788 [WARN] PackLoader:240 - Cannot read IP mode file for STMicroelectronics.X-CUBE-ALS.1.0.2
2024-06-12 19:35:25,821 [WARN] PackLoader:240 - Cannot read IP mode file for STMicroelectronics.X-CUBE-MEMS1.10.0.0
2024-06-12 19:35:25,909 [WARN] PackLoader:240 - Cannot read IP mode file for portGmbH.I-Cube-SoM-uGOAL.1.1.0
2024-06-12 19:35:25,920 [WARN] PackLoader:240 - Cannot read IP mode file for STMicroelectronics.X-CUBE-AZRTOS-H7RS.1.0.0
2024-06-12 19:35:25,925 [WARN] PackLoader:240 - Cannot read IP mode file for STMicroelectronics.FP-ATR-ASTRA1.2.0.0
2024-06-12 19:35:25,933 [WARN] PackLoader:240 - Cannot read IP mode file for STMicroelectronics.X-CUBE-TOF1.3.4.1
2024-06-12 19:35:25,953 [WARN] PackLoader:240 - Cannot read IP mode file for STMicroelectronics.X-CUBE-AZRTOS-H7.3.2.0
2024-06-12 19:35:25,965 [WARN] PackLoader:240 - Cannot read IP mode file for Infineon.AIROC-Wi-Fi-Bluetooth-STM32.1.6.0
2024-06-12 19:35:25,969 [INFO] ThirdParty:978 - Integrity check success = true
2024-06-12 19:35:25,970 [INFO] IntegrityCheckThread:100 - exiting critical section [integrity check]
2024-06-12 19:35:25,970 [INFO] IntegrityCheckThread:103 - End integrity checks thread
2024-06-12 20:13:06,048 [ERROR] LogOutputStream:75 - [STDERR_REDIRECT] 
