2024-06-21 10:53:54,838 [INFO] Activator:176 - 


2024-06-21 10:53:54,845 [INFO] Activator:177 - !SESSION log4j initialized
2024-06-21 10:54:02,523 [INFO] LogOutputStream:77 - [STDOUT_REDIRECT] 
2024-06-21 10:54:04,118 [INFO] ApplicationProperties:184 - Using Application install path: D:\Programs\STM32CubeIDE_1.15.1\STM32CubeIDE\plugins\com.st.stm32cube.common.mx_6.11.1.202404110753
2024-06-21 10:54:04,139 [INFO] DbMcusXml:78 - Set database path to: D:\Programs\STM32CubeIDE_1.15.1\STM32CubeIDE\plugins\com.st.stm32cube.common.mx_6.11.1.202404110753\\db\/mcu/
2024-06-21 10:54:04,139 [INFO] ApiDb:274 - Set plugin database path to: D:\Programs\STM32CubeIDE_1.15.1\STM32CubeIDE\plugins\com.st.stm32cube.common.mx_6.11.1.202404110753\\db\/plugins/boardmanager/
2024-06-21 10:54:04,140 [WARN] ApiDb:259 - Overriding images path with different value:  => D:\Programs\STM32CubeIDE_1.15.1\STM32CubeIDE\plugins\com.st.stm32cube.common.mx_6.11.1.202404110753\\db\/plugins/mcufinder/images/
2024-06-21 10:54:04,148 [INFO] ApiDb:250 - Set database path to: C:\Users\oemerkara\.stmcufinder\plugins\mcufinder//mcu/
2024-06-21 10:54:04,149 [INFO] DbMcusAds:125 - Set database path to: C:\Users\oemerkara\.stmcufinder\plugins\mcufinder//mcu/
2024-06-21 10:54:04,151 [INFO] CrossReferenceDbSqlite:203 - Set database path to: C:\Users\oemerkara\.stmcufinder\plugins\mcufinder//mcu/cs/
2024-06-21 10:54:04,272 [INFO] RulesReader:64 - Compatibility file has been processed (297 Rules)
2024-06-21 10:54:04,369 [INFO] DbMcusXml:78 - Set database path to: D:\Programs\STM32CubeIDE_1.15.1\STM32CubeIDE\plugins\com.st.stm32cube.common.mx_6.11.1.202404110753\\db\/mcu/
2024-06-21 10:54:04,370 [INFO] ApiDb:274 - Set plugin database path to: D:\Programs\STM32CubeIDE_1.15.1\STM32CubeIDE\plugins\com.st.stm32cube.common.mx_6.11.1.202404110753\\db\/plugins/boardmanager/
2024-06-21 10:54:04,370 [INFO] ApiDb:261 - Set plugin images path to: D:\Programs\STM32CubeIDE_1.15.1\STM32CubeIDE\plugins\com.st.stm32cube.common.mx_6.11.1.202404110753\\db\/plugins/mcufinder/images/
2024-06-21 10:54:04,370 [WARN] DbFile:41 - Overriding database path with different value: C:\Users\oemerkara\.stmcufinder\plugins\mcufinder/ => C:\Users\oemerkara\.stmcufinder\plugins\mcufinder
2024-06-21 10:54:04,370 [INFO] ApiDb:250 - Set database path to: C:\Users\oemerkara\.stmcufinder\plugins\mcufinder//mcu/
2024-06-21 10:54:04,370 [WARN] DbFile:41 - Overriding database path with different value: C:\Users\oemerkara\.stmcufinder\plugins\mcufinder/ => C:\Users\oemerkara\.stmcufinder\plugins\mcufinder
2024-06-21 10:54:04,370 [INFO] DbMcusAds:125 - Set database path to: C:\Users\oemerkara\.stmcufinder\plugins\mcufinder//mcu/
2024-06-21 10:54:04,371 [WARN] DbFile:41 - Overriding database path with different value: C:\Users\oemerkara\.stmcufinder\plugins\mcufinder/ => C:\Users\oemerkara\.stmcufinder\plugins\mcufinder
2024-06-21 10:54:04,371 [WARN] DbFile:41 - Overriding database path with different value: C:\Users\oemerkara\.stmcufinder\plugins\mcufinder/ => C:\Users\oemerkara\.stmcufinder\plugins\mcufinder
2024-06-21 10:54:04,371 [INFO] CrossReferenceDbSqlite:203 - Set database path to: C:\Users\oemerkara\.stmcufinder\plugins\mcufinder//mcu/cs/
2024-06-21 10:54:04,456 [INFO] MainPanel:264 - HeapMemory: 268435456
2024-06-21 10:54:04,552 [INFO] DbMcusXml:78 - Set database path to: D:\Programs\STM32CubeIDE_1.15.1\STM32CubeIDE\plugins\com.st.stm32cube.common.mx_6.11.1.202404110753\\db\/mcu/
2024-06-21 10:54:04,552 [INFO] ApiDb:274 - Set plugin database path to: D:\Programs\STM32CubeIDE_1.15.1\STM32CubeIDE\plugins\com.st.stm32cube.common.mx_6.11.1.202404110753\\db\/plugins/boardmanager/
2024-06-21 10:54:04,552 [INFO] ApiDb:261 - Set plugin images path to: D:\Programs\STM32CubeIDE_1.15.1\STM32CubeIDE\plugins\com.st.stm32cube.common.mx_6.11.1.202404110753\\db\/plugins/mcufinder/images/
2024-06-21 10:54:04,552 [WARN] DbFile:41 - Overriding database path with different value: C:\Users\oemerkara\.stmcufinder\plugins\mcufinder/ => C:\Users\oemerkara\.stmcufinder\plugins\mcufinder
2024-06-21 10:54:04,553 [INFO] ApiDb:250 - Set database path to: C:\Users\oemerkara\.stmcufinder\plugins\mcufinder//mcu/
2024-06-21 10:54:04,553 [WARN] DbFile:41 - Overriding database path with different value: C:\Users\oemerkara\.stmcufinder\plugins\mcufinder/ => C:\Users\oemerkara\.stmcufinder\plugins\mcufinder
2024-06-21 10:54:04,553 [INFO] DbMcusAds:125 - Set database path to: C:\Users\oemerkara\.stmcufinder\plugins\mcufinder//mcu/
2024-06-21 10:54:04,553 [WARN] DbFile:41 - Overriding database path with different value: C:\Users\oemerkara\.stmcufinder\plugins\mcufinder/ => C:\Users\oemerkara\.stmcufinder\plugins\mcufinder
2024-06-21 10:54:04,553 [WARN] DbFile:41 - Overriding database path with different value: C:\Users\oemerkara\.stmcufinder\plugins\mcufinder/ => C:\Users\oemerkara\.stmcufinder\plugins\mcufinder
2024-06-21 10:54:04,553 [INFO] CrossReferenceDbSqlite:203 - Set database path to: C:\Users\oemerkara\.stmcufinder\plugins\mcufinder//mcu/cs/
2024-06-21 10:54:04,574 [INFO] ApplicationProperties:184 - Using Application install path: D:\Programs\STM32CubeIDE_1.15.1\STM32CubeIDE\plugins\com.st.stm32cube.common.mx_6.11.1.202404110753
2024-06-21 10:54:04,576 [INFO] PluginManage:196 - Search for loadable plugins [exclusion list=, ]
2024-06-21 10:54:04,577 [INFO] PluginManage:310 - Check plugin analytics
2024-06-21 10:54:04,788 [INFO] AnalyticsPlugin:253 - Accepted Software Licenses: 
2024-06-21 10:54:04,788 [INFO] AnalyticsPlugin:255 - Accepted CMSIS Pack Licenses: 
2024-06-21 10:54:04,788 [INFO] AnalyticsPlugin:257 - Accepted Firmware Licenses: FW.F4.1.28.0
2024-06-21 10:54:04,793 [INFO] PluginManage:359 - Loaded plugin analytics (category:tool,tabindex:-1)
2024-06-21 10:54:04,795 [INFO] PluginManage:310 - Check plugin cadmodel
2024-06-21 10:54:04,814 [INFO] CADModel:105 - Init CAD model plugin
2024-06-21 10:54:04,814 [INFO] PluginManage:359 - Loaded plugin cadmodel (category:power,tabindex:5)
2024-06-21 10:54:04,814 [INFO] PluginManage:310 - Check plugin clock
2024-06-21 10:54:04,841 [INFO] PluginManage:359 - Loaded plugin clock (category:base,tabindex:2)
2024-06-21 10:54:04,841 [INFO] PluginManage:310 - Check plugin ddr
2024-06-21 10:54:04,844 [INFO] PluginManage:359 - Loaded plugin ddr (category:tool,tabindex:6)
2024-06-21 10:54:04,845 [INFO] PluginManage:310 - Check plugin filemanager
2024-06-21 10:54:05,026 [INFO] PluginManage:359 - Loaded plugin filemanager (category:base,tabindex:10)
2024-06-21 10:54:05,026 [INFO] PluginManage:310 - Check plugin ipmanager
2024-06-21 10:54:05,035 [INFO] PluginManage:359 - Loaded plugin ipmanager (category:base,tabindex:5)
2024-06-21 10:54:05,035 [INFO] PluginManage:310 - Check plugin lpbam
2024-06-21 10:54:05,058 [INFO] PluginManage:359 - Loaded plugin lpbam (category:base,tabindex:0)
2024-06-21 10:54:05,059 [INFO] PluginManage:310 - Check plugin memorymap
2024-06-21 10:54:05,087 [INFO] PluginManage:359 - Loaded plugin memorymap (category:base,tabindex:4)
2024-06-21 10:54:05,087 [INFO] PluginManage:310 - Check plugin pinoutandconfiguration
2024-06-21 10:54:05,107 [INFO] PluginManage:359 - Loaded plugin pinoutandconfiguration (category:base,tabindex:1)
2024-06-21 10:54:05,108 [INFO] PluginManage:310 - Check plugin pinoutconfig
2024-06-21 10:54:05,240 [WARN] SupportedApi:132 - Cannot load RTOS API schema: s4s-elt-must-match.1: The content of 'definitions' must match (annotation?, (simpleType | complexType)?, (unique | key | keyref)*)). A problem was found starting at: attribute.
2024-06-21 10:54:05,410 [INFO] PluginManage:359 - Loaded plugin pinoutconfig (category:base,tabindex:0)
2024-06-21 10:54:05,410 [INFO] PluginManage:310 - Check plugin power
2024-06-21 10:54:05,434 [INFO] PluginManage:359 - Loaded plugin power (category:power,tabindex:4)
2024-06-21 10:54:05,434 [INFO] PluginManage:310 - Check plugin projectmanager
2024-06-21 10:54:05,452 [INFO] PluginManage:359 - Loaded plugin projectmanager (category:projectmanager,tabindex:3)
2024-06-21 10:54:05,452 [INFO] PluginManage:310 - Check plugin thirdparty
2024-06-21 10:54:05,820 [INFO] PluginManage:359 - Loaded plugin thirdparty (category:base,tabindex:-1)
2024-06-21 10:54:05,820 [WARN] IntegrityCheckThread:84 - waiting for thirdparty lock release [integrity check]
2024-06-21 10:54:05,821 [INFO] IntegrityCheckThread:86 - entering critical section [integrity check]
2024-06-21 10:54:05,821 [INFO] PluginManage:310 - Check plugin tools
2024-06-21 10:54:05,822 [INFO] ThirdPartyUpdaterWithRetryManager:70 - Updater plugin not ready yet. [1/15]
2024-06-21 10:54:05,888 [INFO] PluginManage:359 - Loaded plugin tools (category:base,tabindex:7)
2024-06-21 10:54:05,888 [INFO] PluginManage:310 - Check plugin tutovideos
2024-06-21 10:54:06,219 [INFO] PluginManage:359 - Loaded plugin tutovideos (category:base,tabindex:-1)
2024-06-21 10:54:06,219 [INFO] PluginManage:310 - Check plugin updater
2024-06-21 10:54:06,233 [INFO] PluginManage:359 - Loaded plugin updater (category:base,tabindex:12)
2024-06-21 10:54:06,233 [INFO] PluginManage:310 - Check plugin userauth
2024-06-21 10:54:06,241 [INFO] UserAuth:114 - Init User Auth plugin
2024-06-21 10:54:06,241 [INFO] PluginManage:359 - Loaded plugin userauth (category:base,tabindex:14)
2024-06-21 10:54:06,241 [INFO] PluginManage:283 - PluginManage : Loaded plugins [17]
2024-06-21 10:54:06,527 [INFO] PinOutPanel:1561 - setPackage(No Configuration,No Configuration)
2024-06-21 10:54:06,635 [INFO] CADModel:165 - CPN selected for project level
2024-06-21 10:54:06,636 [INFO] CADModel:114 - Register for checkConnection events
2024-06-21 10:54:06,680 [INFO] IPUIPlugin:80 - create IPUIPlugin
2024-06-21 10:54:06,680 [INFO] PluginManager:220 - loadIPPluginJar : add adc
2024-06-21 10:54:06,738 [INFO] IPUIPlugin:80 - create IPUIPlugin
2024-06-21 10:54:06,739 [INFO] PluginManager:220 - loadIPPluginJar : add aes
2024-06-21 10:54:06,823 [INFO] IPUIPlugin:80 - create IPUIPlugin
2024-06-21 10:54:06,823 [INFO] PluginManager:220 - loadIPPluginJar : add can
2024-06-21 10:54:06,855 [INFO] IPUIPlugin:80 - create IPUIPlugin
2024-06-21 10:54:06,855 [INFO] PluginManager:220 - loadIPPluginJar : add comp
2024-06-21 10:54:06,900 [INFO] IPUIPlugin:80 - create IPUIPlugin
2024-06-21 10:54:06,900 [INFO] PluginManager:220 - loadIPPluginJar : add cryp
2024-06-21 10:54:06,942 [INFO] IPUIPlugin:80 - create IPUIPlugin
2024-06-21 10:54:06,942 [INFO] PluginManager:220 - loadIPPluginJar : add dfsdm
2024-06-21 10:54:06,962 [INFO] IPUIPlugin:80 - create IPUIPlugin
2024-06-21 10:54:06,963 [INFO] PluginManager:220 - loadIPPluginJar : add dma
2024-06-21 10:54:07,027 [INFO] IPUIPlugin:80 - create IPUIPlugin
2024-06-21 10:54:07,027 [INFO] PluginManager:220 - loadIPPluginJar : add dma3
2024-06-21 10:54:07,095 [INFO] IPUIPlugin:80 - create IPUIPlugin
2024-06-21 10:54:07,095 [INFO] PluginManager:220 - loadIPPluginJar : add extmemmanager
2024-06-21 10:54:07,130 [INFO] IPUIPlugin:80 - create IPUIPlugin
2024-06-21 10:54:07,130 [INFO] PluginManager:220 - loadIPPluginJar : add fatfs
2024-06-21 10:54:07,200 [INFO] IPUIPlugin:80 - create IPUIPlugin
2024-06-21 10:54:07,201 [INFO] PluginManager:220 - loadIPPluginJar : add fmc
2024-06-21 10:54:07,220 [INFO] IPUIPlugin:80 - create IPUIPlugin
2024-06-21 10:54:07,220 [INFO] PluginManager:220 - loadIPPluginJar : add freertos
2024-06-21 10:54:07,245 [INFO] IPUIPlugin:80 - create IPUIPlugin
2024-06-21 10:54:07,246 [INFO] PluginManager:220 - loadIPPluginJar : add genericplugin
2024-06-21 10:54:07,363 [INFO] IPUIPlugin:80 - create IPUIPlugin
2024-06-21 10:54:07,363 [INFO] PluginManager:220 - loadIPPluginJar : add gfxmmu
2024-06-21 10:54:07,541 [INFO] IPUIPlugin:80 - create IPUIPlugin
2024-06-21 10:54:07,542 [INFO] PluginManager:220 - loadIPPluginJar : add gic
2024-06-21 10:54:07,555 [INFO] IPUIPlugin:80 - create IPUIPlugin
2024-06-21 10:54:07,555 [INFO] PluginManager:220 - loadIPPluginJar : add gpio
2024-06-21 10:54:07,669 [INFO] IPUIPlugin:80 - create IPUIPlugin
2024-06-21 10:54:07,669 [INFO] PluginManager:220 - loadIPPluginJar : add gtzc
2024-06-21 10:54:07,707 [INFO] IPUIPlugin:80 - create IPUIPlugin
2024-06-21 10:54:07,707 [INFO] PluginManager:220 - loadIPPluginJar : add hash
2024-06-21 10:54:07,768 [INFO] IPUIPlugin:80 - create IPUIPlugin
2024-06-21 10:54:07,768 [INFO] PluginManager:220 - loadIPPluginJar : add i2c
2024-06-21 10:54:07,814 [INFO] IPUIPlugin:80 - create IPUIPlugin
2024-06-21 10:54:07,814 [INFO] PluginManager:220 - loadIPPluginJar : add i2s
2024-06-21 10:54:07,870 [INFO] IPUIPlugin:80 - create IPUIPlugin
2024-06-21 10:54:07,870 [INFO] PluginManager:220 - loadIPPluginJar : add i3c
2024-06-21 10:54:08,009 [INFO] IPUIPlugin:80 - create IPUIPlugin
2024-06-21 10:54:08,009 [INFO] PluginManager:220 - loadIPPluginJar : add ipddr
2024-06-21 10:54:08,116 [INFO] IPUIPlugin:80 - create IPUIPlugin
2024-06-21 10:54:08,116 [INFO] PluginManager:220 - loadIPPluginJar : add linkedlist
2024-06-21 10:54:08,157 [INFO] IPUIPlugin:80 - create IPUIPlugin
2024-06-21 10:54:08,158 [INFO] PluginManager:220 - loadIPPluginJar : add lorawan
2024-06-21 10:54:08,201 [INFO] IPUIPlugin:80 - create IPUIPlugin
2024-06-21 10:54:08,201 [INFO] PluginManager:220 - loadIPPluginJar : add ltdc
2024-06-21 10:54:08,218 [INFO] IPUIPlugin:80 - create IPUIPlugin
2024-06-21 10:54:08,218 [INFO] PluginManager:220 - loadIPPluginJar : add mdma
2024-06-21 10:54:08,231 [INFO] IPUIPlugin:80 - create IPUIPlugin
2024-06-21 10:54:08,231 [INFO] PluginManager:220 - loadIPPluginJar : add nvic
2024-06-21 10:54:08,276 [INFO] IPUIPlugin:80 - create IPUIPlugin
2024-06-21 10:54:08,277 [INFO] PluginManager:220 - loadIPPluginJar : add opamp
2024-06-21 10:54:08,357 [INFO] IPUIPlugin:80 - create IPUIPlugin
2024-06-21 10:54:08,357 [INFO] PluginManager:220 - loadIPPluginJar : add openamp
2024-06-21 10:54:08,407 [INFO] IPUIPlugin:80 - create IPUIPlugin
2024-06-21 10:54:08,408 [INFO] PluginManager:220 - loadIPPluginJar : add pdm2pcm
2024-06-21 10:54:08,423 [INFO] IPUIPlugin:80 - create IPUIPlugin
2024-06-21 10:54:08,425 [INFO] PluginManager:220 - loadIPPluginJar : add plateformsettings
2024-06-21 10:54:08,452 [INFO] IPUIPlugin:80 - create IPUIPlugin
2024-06-21 10:54:08,452 [INFO] PluginManager:220 - loadIPPluginJar : add quadspi
2024-06-21 10:54:08,464 [INFO] IPUIPlugin:80 - create IPUIPlugin
2024-06-21 10:54:08,465 [INFO] PluginManager:220 - loadIPPluginJar : add resmgrutility
2024-06-21 10:54:08,516 [INFO] IPUIPlugin:80 - create IPUIPlugin
2024-06-21 10:54:08,516 [INFO] PluginManager:220 - loadIPPluginJar : add sai
2024-06-21 10:54:08,570 [INFO] IPUIPlugin:80 - create IPUIPlugin
2024-06-21 10:54:08,570 [INFO] PluginManager:220 - loadIPPluginJar : add spi
2024-06-21 10:54:08,679 [INFO] IPUIPlugin:80 - create IPUIPlugin
2024-06-21 10:54:08,680 [INFO] PluginManager:220 - loadIPPluginJar : add stm32_wpan
2024-06-21 10:54:08,713 [INFO] IPUIPlugin:80 - create IPUIPlugin
2024-06-21 10:54:08,713 [INFO] PluginManager:220 - loadIPPluginJar : add tim
2024-06-21 10:54:08,803 [INFO] IPUIPlugin:80 - create IPUIPlugin
2024-06-21 10:54:08,804 [INFO] PluginManager:220 - loadIPPluginJar : add touchsensing
2024-06-21 10:54:08,825 [INFO] ThirdPartyUpdaterWithRetryManager:70 - Updater plugin not ready yet. [2/15]
2024-06-21 10:54:08,836 [INFO] IPUIPlugin:80 - create IPUIPlugin
2024-06-21 10:54:08,836 [INFO] PluginManager:220 - loadIPPluginJar : add tracer_emb
2024-06-21 10:54:08,867 [INFO] IPUIPlugin:80 - create IPUIPlugin
2024-06-21 10:54:08,867 [INFO] PluginManager:220 - loadIPPluginJar : add ts
2024-06-21 10:54:08,900 [INFO] IPUIPlugin:80 - create IPUIPlugin
2024-06-21 10:54:08,900 [INFO] PluginManager:220 - loadIPPluginJar : add tsc
2024-06-21 10:54:08,931 [INFO] IPUIPlugin:80 - create IPUIPlugin
2024-06-21 10:54:08,931 [INFO] PluginManager:220 - loadIPPluginJar : add ucpd
2024-06-21 10:54:08,994 [INFO] IPUIPlugin:80 - create IPUIPlugin
2024-06-21 10:54:08,994 [INFO] PluginManager:220 - loadIPPluginJar : add usart
2024-06-21 10:54:09,054 [INFO] IPUIPlugin:80 - create IPUIPlugin
2024-06-21 10:54:09,055 [INFO] PluginManager:220 - loadIPPluginJar : add usbx
2024-06-21 10:54:09,190 [INFO] CADModel:165 - CPN selected for project level
2024-06-21 10:54:09,190 [INFO] CADModel:114 - Register for checkConnection events
2024-06-21 10:54:09,190 [FATAL] Updater:308 - Updater called before beeing initialized
2024-06-21 10:54:09,190 [ERROR] CADModel:125 - Updater not yet initialized, retry later 
2024-06-21 10:54:09,335 [INFO] CADModel:165 - CPN selected for project level
2024-06-21 10:54:09,335 [INFO] CADModel:114 - Register for checkConnection events
2024-06-21 10:54:09,335 [FATAL] Updater:308 - Updater called before beeing initialized
2024-06-21 10:54:09,335 [ERROR] CADModel:125 - Updater not yet initialized, retry later 
2024-06-21 10:54:09,340 [FATAL] Updater:308 - Updater called before beeing initialized
2024-06-21 10:54:09,446 [FATAL] Updater:308 - Updater called before beeing initialized
2024-06-21 10:54:09,458 [INFO] DbMcusAds:53 - JSON generation date=Thu May 16 11:22:00 CEST 2024 (1715851320667)
2024-06-21 10:54:09,458 [FATAL] Updater:308 - Updater called before beeing initialized
2024-06-21 10:54:09,556 [WARN] DetailPanel:346 - Failed to get advertising image, set to default
2024-06-21 10:54:09,663 [FATAL] Updater:308 - Updater called before beeing initialized
2024-06-21 10:54:09,666 [FATAL] Updater:308 - Updater called before beeing initialized
2024-06-21 10:54:09,666 [FATAL] Updater:308 - Updater called before beeing initialized
2024-06-21 10:54:09,666 [WARN] DetailPanel:346 - Failed to get advertising image, set to default
2024-06-21 10:54:09,667 [FATAL] Updater:308 - Updater called before beeing initialized
2024-06-21 10:54:09,738 [ERROR] Updater:1120 - MainUpdater not yet initialized. External WinMGr cannot be set.
2024-06-21 10:54:09,753 [INFO] Updater:1056 - Updater Version found : 6.11.1
2024-06-21 10:54:09,780 [INFO] ApplicationProperties:184 - Using Application install path: D:\Programs\STM32CubeIDE_1.15.1\STM32CubeIDE\plugins\com.st.stm32cube.common.mx_6.11.1.202404110753
2024-06-21 10:54:11,371 [ERROR] LogOutputStream:75 - [STDERR_REDIRECT] Jun 21, 2024 10:54:11 AM java.util.prefs.WindowsPreferences <init>
2024-06-21 10:54:11,373 [ERROR] LogOutputStream:75 - [STDERR_REDIRECT] WARNING: Could not open/create prefs root node Software\JavaSoft\Prefs at root 0xffffffff80000002. Windows RegCreateKeyEx(...) returned error code 5.
2024-06-21 10:54:11,373 [ERROR] LogOutputStream:75 - [STDERR_REDIRECT] 
2024-06-21 10:54:11,781 [INFO] MainUpdater:2873 - connection check result : 10
2024-06-21 10:54:11,782 [INFO] MainUpdater:290 - Updater Check For Update Now.
2024-06-21 10:54:11,783 [INFO] MicroXplorer:498 - Change Database Version : DB.6.0.111
2024-06-21 10:54:11,804 [INFO] McuFinderGlobals:63 - Set McuFinder mode to 2 (CubeIDE integrated)
2024-06-21 10:54:11,820 [INFO] UserAuth:415 - Internet connection configuration mode: 1
2024-06-21 10:54:11,826 [WARN] MainUpdater:1194 - Updater busy. Cannot search thirdparties
2024-06-21 10:54:11,826 [INFO] ThirdPartyUpdaterWithRetryManager:96 - Updater plugin is busy. [1/15]
2024-06-21 10:54:11,857 [INFO] JxBrowserEngine:152 - Initiate JxBrowser Engine with user profile folder
2024-06-21 10:54:12,010 [INFO] CheckServerUpdateThread:120 - End of CheckServer Thread
2024-06-21 10:54:15,038 [WARN] PackLoader:240 - Cannot read IP mode file for STMicroelectronics.FP-SNS-MOTENVWB1.1.4.0
2024-06-21 10:54:15,059 [WARN] PackLoader:240 - Cannot read IP mode file for STMicroelectronics.X-CUBE-SMBUS.2.1.0
2024-06-21 10:54:15,074 [WARN] PackLoader:240 - Cannot read IP mode file for STMicroelectronics.X-CUBE-TOUCHGFX.4.23.2
2024-06-21 10:54:15,131 [WARN] PackLoader:240 - Cannot read IP mode file for STMicroelectronics.X-CUBE-AZRTOS-F7.1.1.0
2024-06-21 10:54:15,165 [WARN] PackLoader:240 - Cannot read IP mode file for STMicroelectronics.FP-SNS-FLIGHT1.5.0.2
2024-06-21 10:54:15,191 [WARN] PackLoader:240 - Cannot read IP mode file for STMicroelectronics.X-CUBE-DISPLAY.3.0.0
2024-06-21 10:54:15,223 [WARN] PackLoader:240 - Cannot read IP mode file for STMicroelectronics.X-CUBE-BLE1.7.0.0
2024-06-21 10:54:15,243 [WARN] PackLoader:240 - Cannot read IP mode file for emotas.I-CUBE-CANOPEN.1.3.0
2024-06-21 10:54:15,267 [WARN] PackLoader:240 - Cannot read IP mode file for STMicroelectronics.X-CUBE-BLEMGR.3.1.0
2024-06-21 10:54:15,285 [WARN] PackLoader:240 - Cannot read IP mode file for STMicroelectronics.FP-SNS-SMARTAG2.1.2.0
2024-06-21 10:54:15,308 [INFO] LogOutputStream:77 - [STDOUT_REDIRECT] 1 : Invalid condition id : UX_CORESTACK_Condition cause : null
2024-06-21 10:54:15,309 [INFO] LogOutputStream:77 - [STDOUT_REDIRECT] 1 : Invalid condition id : UX_CORESTACK_Condition cause : null
2024-06-21 10:54:15,310 [INFO] LogOutputStream:77 - [STDOUT_REDIRECT] 1 : Invalid condition id : UX_CORESTACK_Condition cause : null
2024-06-21 10:54:15,311 [INFO] LogOutputStream:77 - [STDOUT_REDIRECT] 1 : Invalid condition id : UX_CORESTACK_Condition cause : null
2024-06-21 10:54:15,312 [INFO] LogOutputStream:77 - [STDOUT_REDIRECT] 1 : Invalid condition id : UX_CORESTACK_Condition cause : null
2024-06-21 10:54:15,315 [WARN] PackLoader:240 - Cannot read IP mode file for STMicroelectronics.X-CUBE-AZRTOS-WL.2.0.0
2024-06-21 10:54:15,331 [WARN] PackLoader:240 - Cannot read IP mode file for STMicroelectronics.FP-SNS-MOTENV1.5.0.0
2024-06-21 10:54:15,346 [WARN] PackLoader:240 - Cannot read IP mode file for wolfSSL.I-CUBE-wolfMQTT.1.19.0
2024-06-21 10:54:15,365 [WARN] PackLoader:240 - Cannot read IP mode file for WES.I-CUBE-Cesium.1.3.0
2024-06-21 10:54:15,427 [WARN] PackLoader:240 - Cannot read IP mode file for STMicroelectronics.X-CUBE-BLE2.3.3.0
2024-06-21 10:54:15,455 [WARN] PackLoader:240 - Cannot read IP mode file for STMicroelectronics.X-CUBE-TCPP.4.1.0
2024-06-21 10:54:15,507 [WARN] PackLoader:240 - Cannot read IP mode file for STMicroelectronics.X-CUBE-AZRTOS-G0.1.1.0
2024-06-21 10:54:15,539 [WARN] PackLoader:240 - Cannot read IP mode file for STMicroelectronics.X-CUBE-SAFEA1.1.2.2
2024-06-21 10:54:15,562 [WARN] PackLoader:240 - Cannot read IP mode file for STMicroelectronics.X-CUBE-NFC4.3.0.0
2024-06-21 10:54:15,584 [WARN] PackLoader:240 - Cannot read IP mode file for wolfSSL.I-CUBE-wolfSSL.5.7.0
2024-06-21 10:54:15,601 [WARN] PackLoader:240 - Cannot read IP mode file for STMicroelectronics.FP-ATR-SIGFOX1.3.2.0
2024-06-21 10:54:15,617 [WARN] PackLoader:240 - Cannot read IP mode file for STMicroelectronics.X-CUBE-EEPRMA1.5.1.0
2024-06-21 10:54:15,634 [WARN] PackLoader:240 - Cannot read IP mode file for ITTIA_DB.I-CUBE-ITTIADB.8.9.0
2024-06-21 10:54:15,678 [WARN] PackLoader:240 - Cannot read IP mode file for SEGGER.I-CUBE-embOS.1.3.1
2024-06-21 10:54:15,750 [WARN] PackLoader:240 - Cannot read IP mode file for STMicroelectronics.X-CUBE-ALGOBUILD.1.4.0
2024-06-21 10:54:15,775 [WARN] PackLoader:240 - Cannot read IP mode file for STMicroelectronics.X-CUBE-GNSS1.6.0.0
2024-06-21 10:54:15,811 [WARN] PackLoader:240 - Cannot read IP mode file for STMicroelectronics.X-CUBE-AZRTOS-F4.1.1.0
2024-06-21 10:54:15,836 [WARN] PackLoader:240 - Cannot read IP mode file for STMicroelectronics.X-CUBE-FREERTOS.1.2.0
2024-06-21 10:54:15,887 [WARN] PackLoader:240 - Cannot read IP mode file for STMicroelectronics.X-CUBE-AZRTOS-L5.2.0.0
2024-06-21 10:54:15,916 [WARN] PackLoader:240 - Cannot read IP mode file for STMicroelectronics.X-CUBE-NFC6.3.1.0
2024-06-21 10:54:15,944 [WARN] PackLoader:240 - Cannot read IP mode file for STMicroelectronics.X-CUBE-AI.9.0.0
2024-06-21 10:54:15,971 [WARN] PackLoader:240 - Cannot read IP mode file for STMicroelectronics.X-CUBE-NFC7.1.0.1
2024-06-21 10:54:16,023 [WARN] ConditionMgr:438 - getConditionDescription Invalid condition id : LAN8742 Phy interface Condition cause : null
2024-06-21 10:54:16,025 [WARN] PackLoader:240 - Cannot read IP mode file for STMicroelectronics.X-CUBE-AZRTOS-L4.2.0.0
2024-06-21 10:54:16,028 [WARN] ConditionMgr:1039 - genDependencies : Invalid condition id : LAN8742 Phy interface Condition cause : null
2024-06-21 10:54:16,029 [WARN] ConditionMgr:1039 - genDependencies : Invalid condition id : LAN8742 Phy interface Condition cause : null
2024-06-21 10:54:16,030 [WARN] ConditionMgr:1039 - genDependencies : Invalid condition id : LAN8742 Phy interface Condition cause : null
2024-06-21 10:54:16,067 [WARN] PackLoader:240 - Cannot read IP mode file for STMicroelectronics.X-CUBE-SFXS2LP1.4.0.0
2024-06-21 10:54:16,130 [WARN] ConditionMgr:438 - getConditionDescription Invalid condition id : UX DEVICE CLASS RTOS Condition cause : null
2024-06-21 10:54:16,131 [WARN] ConditionMgr:438 - getConditionDescription Invalid condition id : UX DEVICE CLASS RTOS Condition cause : null
2024-06-21 10:54:16,135 [WARN] PackLoader:240 - Cannot read IP mode file for STMicroelectronics.X-CUBE-AZRTOS-WB.2.0.0
2024-06-21 10:54:16,136 [WARN] ConditionMgr:1039 - genDependencies : Invalid condition id : UX DEVICE CLASS RTOS Condition cause : null
2024-06-21 10:54:16,136 [WARN] ConditionMgr:1039 - genDependencies : Invalid condition id : UX DEVICE CLASS RTOS Condition cause : null
2024-06-21 10:54:16,137 [WARN] ConditionMgr:1039 - genDependencies : Invalid condition id : UX DEVICE CLASS RTOS Condition cause : null
2024-06-21 10:54:16,137 [WARN] ConditionMgr:1039 - genDependencies : Invalid condition id : UX DEVICE CLASS RTOS Condition cause : null
2024-06-21 10:54:16,138 [WARN] ConditionMgr:1039 - genDependencies : Invalid condition id : UX DEVICE CLASS RTOS Condition cause : null
2024-06-21 10:54:16,182 [WARN] PackLoader:240 - Cannot read IP mode file for STMicroelectronics.X-CUBE-SUBG2.5.0.0
2024-06-21 10:54:16,204 [WARN] PackLoader:240 - Cannot read IP mode file for Cesanta.I-CUBE-Mongoose.7.13.0
2024-06-21 10:54:16,250 [WARN] PackLoader:240 - Cannot read IP mode file for STMicroelectronics.X-CUBE-AZRTOS-G4.2.0.0
2024-06-21 10:54:16,277 [WARN] PackLoader:240 - Cannot read IP mode file for STMicroelectronics.X-CUBE-ISPU.2.0.0
2024-06-21 10:54:16,298 [WARN] PackLoader:240 - Cannot read IP mode file for STMicroelectronics.X-CUBE-ALS.1.0.2
2024-06-21 10:54:16,364 [WARN] PackLoader:240 - Cannot read IP mode file for STMicroelectronics.X-CUBE-MEMS1.10.0.0
2024-06-21 10:54:16,528 [WARN] PackLoader:240 - Cannot read IP mode file for portGmbH.I-Cube-SoM-uGOAL.1.1.0
2024-06-21 10:54:16,578 [WARN] PackLoader:240 - Cannot read IP mode file for STMicroelectronics.X-CUBE-AZRTOS-H7RS.1.0.0
2024-06-21 10:54:16,605 [WARN] PackLoader:240 - Cannot read IP mode file for STMicroelectronics.FP-ATR-ASTRA1.2.0.0
2024-06-21 10:54:16,638 [WARN] PackLoader:240 - Cannot read IP mode file for STMicroelectronics.X-CUBE-TOF1.3.4.1
2024-06-21 10:54:16,696 [WARN] PackLoader:240 - Cannot read IP mode file for STMicroelectronics.X-CUBE-AZRTOS-H7.3.2.0
2024-06-21 10:54:16,739 [WARN] PackLoader:240 - Cannot read IP mode file for Infineon.AIROC-Wi-Fi-Bluetooth-STM32.1.6.0
2024-06-21 10:54:16,745 [INFO] ThirdParty:978 - Integrity check success = true
2024-06-21 10:54:16,746 [INFO] IntegrityCheckThread:100 - exiting critical section [integrity check]
2024-06-21 10:54:16,746 [INFO] IntegrityCheckThread:103 - End integrity checks thread
2024-06-21 10:54:18,810 [INFO] WebApp:161 - Instantiating new browser for Auth
2024-06-21 10:54:19,616 [INFO] WebApp:779 - Register for checkConnection events
2024-06-21 10:54:19,616 [INFO] WebApp:414 - Apply proxy settings
2024-06-21 10:54:19,616 [INFO] WebApp:499 - Chromium requires no authentication
2024-06-21 10:54:19,626 [INFO] WebApp:442 - Direct internet connection detected
2024-06-21 10:54:19,814 [INFO] WebApp:192 - Starting web application
2024-06-21 10:54:19,814 [INFO] WebApp:544 - Web application path used D:\Programs\STM32CubeIDE_1.15.1\STM32CubeIDE\plugins\com.st.stm32cube.common.mx_6.11.1.202404110753\db\plugins\mcufinder\reactClient1\index.html
